[ 2016-12-14T08:41:27+08:00 ] 127.0.0.1 /wangzhan/
INFO: [ app_init ] --START--
INFO: Run Behavior\BuildLiteBehavior [ RunTime:0.000012s ]
NOTIC: [8] Use of undefined constant NOW_TIME - assumed 'NOW_TIME' D:\phpStudy\WWW\wangzhan\ThinkPHP\Common\functions.php 第 588 行.
NOTIC: [8] Use of undefined constant NOW_TIME - assumed 'NOW_TIME' D:\phpStudy\WWW\wangzhan\ThinkPHP\Common\functions.php 第 588 行.
SQL: SHOW COLUMNS FROM `auc_admin_module` [ RunTime:0.0054s ]
SQL: SELECT `name` FROM `auc_admin_module` WHERE `status` = 1  [ RunTime:0.0004s ]
NOTIC: [8] Use of undefined constant NOW_TIME - assumed 'NOW_TIME' D:\phpStudy\WWW\wangzhan\ThinkPHP\Common\functions.php 第 588 行.
NOTIC: [8] Use of undefined constant NOW_TIME - assumed 'NOW_TIME' D:\phpStudy\WWW\wangzhan\ThinkPHP\Common\functions.php 第 588 行.
SQL: SHOW COLUMNS FROM `auc_admin_config` [ RunTime:0.0066s ]
SQL: SELECT `value` FROM `auc_admin_config` WHERE `name` = 'URL_MODEL' LIMIT 1   [ RunTime:0.0003s ]
SQL: SELECT `value` FROM `auc_admin_config` WHERE `name` = 'APP_SUB_DOMAIN_DEPLOY' LIMIT 1   [ RunTime:0.0002s ]
INFO: Run Common\Behavior\InitModuleBehavior [ RunTime:0.027676s ]
INFO: [ app_init ] --END-- [ RunTime:0.027760s ]
INFO: [ app_begin ] --START--
INFO: Run Behavior\ReadHtmlCacheBehavior [ RunTime:0.000863s ]
SQL: SELECT `name`,`value`,`type` FROM `auc_admin_config` WHERE `status` = 1  [ RunTime:0.0004s ]
SQL: SELECT * FROM `auc_admin_module` WHERE `status` = 1  [ RunTime:0.0002s ]
NOTIC: [8] Undefined index: taglib D:\phpStudy\WWW\wangzhan\Application\Common\Behavior\InitConfigBehavior.class.php 第 56 行.
NOTIC: [8] Undefined index: behavior D:\phpStudy\WWW\wangzhan\Application\Common\Behavior\InitConfigBehavior.class.php 第 63 行.
NOTIC: [8] Undefined index: behavior D:\phpStudy\WWW\wangzhan\Application\Common\Behavior\InitConfigBehavior.class.php 第 63 行.
SQL: SHOW COLUMNS FROM `auc_admin_theme` [ RunTime:0.0061s ]
SQL: SELECT * FROM `auc_admin_theme` WHERE `current` = 1 ORDER BY id asc LIMIT 1   [ RunTime:0.0003s ]
SQL: SHOW COLUMNS FROM `auc_admin_hook` [ RunTime:0.0050s ]
SQL: SELECT `addons` FROM `auc_admin_hook` WHERE `name` = 'FormBuilderExtend' LIMIT 1   [ RunTime:0.0002s ]
SQL: SHOW COLUMNS FROM `auc_admin_addon` [ RunTime:0.0062s ]
SQL: SELECT `config` FROM `auc_admin_addon` WHERE `name` = '' LIMIT 1   [ RunTime:0.0003s ]
INFO: Run Common\Behavior\InitConfigBehavior [ RunTime:0.029970s ]
INFO: [ app_begin ] --END-- [ RunTime:0.030904s ]
INFO: [ action_begin ] --START--
INFO: Run Common\Behavior\InitHookBehavior [ RunTime:0.001385s ]
INFO: [ action_begin ] --END-- [ RunTime:0.001445s ]
SQL: SHOW COLUMNS FROM `auc_article_article` [ RunTime:0.0060s ]
SQL: SHOW COLUMNS FROM `auc_article_base` [ RunTime:0.0051s ]
SQL: SHOW COLUMNS FROM `auc_admin_upload` [ RunTime:0.0049s ]
SQL: SELECT ArticleArticle.id AS id,ArticleArticle.title AS title,ArticleArticle.content AS content,ArticleArticle.cover AS cover,ArticleBase.cid AS cid,ArticleBase.create_time AS create_time,AdminUpload.path AS path FROM auc_article_article ArticleArticle LEFT JOIN auc_article_base ArticleBase ON ArticleArticle.id = ArticleBase.id LEFT JOIN auc_admin_upload AdminUpload ON ArticleArticle.cover = AdminUpload.id WHERE ArticleBase.status <> '-1' AND ArticleBase.cid = 1 ORDER BY ArticleBase.sort desc,ArticleArticle.id desc LIMIT 6   [ RunTime:0.0054s ]
NOTIC: [8] Undefined variable: data_p D:\phpStudy\WWW\wangzhan\Application\Home\Controller\IndexController.class.php 第 53 行.
SQL: SELECT ArticleArticle.id AS id,ArticleArticle.title AS title,ArticleArticle.content AS content,ArticleArticle.cover AS cover,ArticleBase.cid AS cid,ArticleBase.create_time AS create_time,AdminUpload.path AS path FROM auc_article_article ArticleArticle LEFT JOIN auc_article_base ArticleBase ON ArticleArticle.id = ArticleBase.id LEFT JOIN auc_admin_upload AdminUpload ON ArticleArticle.cover = AdminUpload.id WHERE ArticleBase.status <> '-1' AND ArticleBase.cid = 2 ORDER BY ArticleBase.sort desc,ArticleArticle.id desc LIMIT 9   [ RunTime:0.0047s ]
SQL: SELECT ArticleArticle.id AS id,ArticleArticle.title AS title,ArticleArticle.content AS content,ArticleArticle.cover AS cover,ArticleBase.cid AS cid,ArticleBase.create_time AS create_time,AdminUpload.path AS path FROM auc_article_article ArticleArticle LEFT JOIN auc_article_base ArticleBase ON ArticleArticle.id = ArticleBase.id LEFT JOIN auc_admin_upload AdminUpload ON ArticleArticle.cover = AdminUpload.id WHERE ArticleBase.status <> '-1' AND ArticleBase.cid = 7 ORDER BY ArticleBase.sort desc,ArticleArticle.id desc LIMIT 7   [ RunTime:0.0047s ]
SQL: SELECT ArticleArticle.id AS id,ArticleArticle.title AS title,ArticleArticle.content AS content,ArticleArticle.cover AS cover,ArticleBase.cid AS cid,ArticleBase.create_time AS create_time,AdminUpload.path AS path FROM auc_article_article ArticleArticle LEFT JOIN auc_article_base ArticleBase ON ArticleArticle.id = ArticleBase.id LEFT JOIN auc_admin_upload AdminUpload ON ArticleArticle.cover = AdminUpload.id WHERE ArticleBase.status <> '-1' AND ArticleBase.cid = 8 ORDER BY ArticleBase.sort desc,ArticleArticle.id desc LIMIT 7   [ RunTime:0.0048s ]
SQL: SELECT ArticleArticle.id AS id,ArticleArticle.title AS title,ArticleArticle.content AS content,ArticleArticle.cover AS cover,ArticleBase.cid AS cid,ArticleBase.create_time AS create_time,AdminUpload.path AS path FROM auc_article_article ArticleArticle LEFT JOIN auc_article_base ArticleBase ON ArticleArticle.id = ArticleBase.id LEFT JOIN auc_admin_upload AdminUpload ON ArticleArticle.cover = AdminUpload.id WHERE ArticleBase.status <> '-1' AND ArticleBase.cid = 9 ORDER BY ArticleBase.sort desc,ArticleArticle.id desc LIMIT 7   [ RunTime:0.0046s ]
SQL: SELECT ArticleArticle.id AS id,ArticleArticle.title AS title,ArticleArticle.content AS content,ArticleArticle.cover AS cover,ArticleBase.cid AS cid,ArticleBase.create_time AS create_time,AdminUpload.path AS path FROM auc_article_article ArticleArticle LEFT JOIN auc_article_base ArticleBase ON ArticleArticle.id = ArticleBase.id LEFT JOIN auc_admin_upload AdminUpload ON ArticleArticle.cover = AdminUpload.id WHERE ArticleBase.status <> '-1' AND ArticleBase.cid = 10 ORDER BY ArticleBase.sort desc,ArticleArticle.id desc LIMIT 8   [ RunTime:0.0046s ]
SQL: SHOW COLUMNS FROM `auc_article_base` [ RunTime:0.0053s ]
SQL: SHOW COLUMNS FROM `auc_article_category` [ RunTime:0.0056s ]
SQL: SELECT `id`,`pid`,`group`,`title`,`url` FROM `auc_article_category` WHERE `status` = 1 AND `group` = 1  [ RunTime:0.0003s ]
SQL: SELECT `id`,`pid`,`group`,`title`,`url`,`doc_type`,`content`,`update_time` FROM `auc_article_category` WHERE `id` = 15 LIMIT 1   [ RunTime:0.0002s ]
SQL: SHOW COLUMNS FROM `auc_article_slider` [ RunTime:0.0048s ]
SQL: SELECT * FROM `auc_article_slider` WHERE `status` = 1 ORDER BY sort desc, id desc LIMIT 0,3   [ RunTime:0.0003s ]
SQL: SHOW COLUMNS FROM `auc_admin_upload` [ RunTime:0.0052s ]
SQL: SELECT * FROM `auc_admin_upload` WHERE ( id = 191 ) LIMIT 1   [ RunTime:0.0003s ]
SQL: SELECT * FROM `auc_admin_upload` WHERE ( id = 192 ) LIMIT 1   [ RunTime:0.0002s ]
SQL: SELECT * FROM `auc_admin_upload` WHERE ( id = 193 ) LIMIT 1   [ RunTime:0.0002s ]
SQL: SELECT ArticleArticle.id AS id,ArticleArticle.title AS title,ArticleArticle.content AS content,ArticleArticle.cover AS cover,ArticleBase.cid AS cid,ArticleBase.create_time AS create_time,AdminUpload.path AS path FROM auc_article_article ArticleArticle LEFT JOIN auc_article_base ArticleBase ON ArticleArticle.id = ArticleBase.id LEFT JOIN auc_admin_upload AdminUpload ON ArticleArticle.cover = AdminUpload.id WHERE ArticleBase.status <> '-1' AND ArticleBase.cid = 5 ORDER BY ArticleBase.sort desc,ArticleArticle.id desc LIMIT 6   [ RunTime:0.0047s ]
SQL: SHOW COLUMNS FROM `auc_article_friendly_link` [ RunTime:0.0047s ]
SQL: SELECT * FROM `auc_article_friendly_link` WHERE `status` = '1' ORDER BY sort desc, id desc  [ RunTime:0.0003s ]
SQL: SELECT * FROM `auc_admin_upload` WHERE `id` = 206 LIMIT 1   [ RunTime:0.0002s ]
SQL: SELECT * FROM `auc_admin_upload` WHERE `id` = 207 LIMIT 1   [ RunTime:0.0002s ]
SQL: SELECT * FROM `auc_admin_upload` WHERE `id` = 208 LIMIT 1   [ RunTime:0.0003s ]
SQL: SELECT * FROM `auc_admin_upload` WHERE `id` = 209 LIMIT 1   [ RunTime:0.0002s ]
SQL: SELECT * FROM `auc_admin_upload` WHERE `id` = 210 LIMIT 1   [ RunTime:0.0002s ]
SQL: SELECT * FROM `auc_admin_upload` WHERE `id` = 211 LIMIT 1   [ RunTime:0.0002s ]
SQL: SELECT * FROM `auc_admin_upload` WHERE `id` = 212 LIMIT 1   [ RunTime:0.0003s ]
SQL: SELECT * FROM `auc_admin_upload` WHERE `id` = 213 LIMIT 1   [ RunTime:0.0002s ]
SQL: SELECT * FROM `auc_admin_upload` WHERE `id` = 214 LIMIT 1   [ RunTime:0.0002s ]
SQL: SELECT * FROM `auc_admin_upload` WHERE `id` = 215 LIMIT 1   [ RunTime:0.0002s ]
INFO: [ view_parse ] --START--
INFO: [ template_filter ] --START--
INFO: Run Behavior\ContentReplaceBehavior [ RunTime:0.000177s ]
INFO: [ template_filter ] --END-- [ RunTime:0.000222s ]
NOTIC: [8] Undefined index: pid D:\phpStudy\WWW\wangzhan\Runtime\Cache\Home\2a94b8bda04ff446dcedd42276fc99ee.php 第 26 行.
NOTIC: [8] Undefined index: category D:\phpStudy\WWW\wangzhan\Runtime\Cache\Home\2a94b8bda04ff446dcedd42276fc99ee.php 第 26 行.
NOTIC: [8] Undefined index: pid D:\phpStudy\WWW\wangzhan\Runtime\Cache\Home\2a94b8bda04ff446dcedd42276fc99ee.php 第 27 行.
NOTIC: [8] Undefined variable: group_list D:\phpStudy\WWW\wangzhan\Runtime\Cache\Home\2a94b8bda04ff446dcedd42276fc99ee.php 第 27 行.
NOTIC: [8] Undefined index: category D:\phpStudy\WWW\wangzhan\Runtime\Cache\Home\2a94b8bda04ff446dcedd42276fc99ee.php 第 27 行.
NOTIC: [8] Undefined index: category D:\phpStudy\WWW\wangzhan\Runtime\Cache\Home\2a94b8bda04ff446dcedd42276fc99ee.php 第 27 行.
NOTIC: [8] Undefined index: pid D:\phpStudy\WWW\wangzhan\Runtime\Cache\Home\2a94b8bda04ff446dcedd42276fc99ee.php 第 28 行.
NOTIC: [8] Undefined index: category D:\phpStudy\WWW\wangzhan\Runtime\Cache\Home\2a94b8bda04ff446dcedd42276fc99ee.php 第 28 行.
NOTIC: [8] Undefined index: category D:\phpStudy\WWW\wangzhan\Runtime\Cache\Home\2a94b8bda04ff446dcedd42276fc99ee.php 第 28 行.
NOTIC: [8] Undefined index: pid D:\phpStudy\WWW\wangzhan\Runtime\Cache\Home\2a94b8bda04ff446dcedd42276fc99ee.php 第 29 行.
NOTIC: [8] Undefined index: category D:\phpStudy\WWW\wangzhan\Runtime\Cache\Home\2a94b8bda04ff446dcedd42276fc99ee.php 第 29 行.
NOTIC: [8] Undefined index: category D:\phpStudy\WWW\wangzhan\Runtime\Cache\Home\2a94b8bda04ff446dcedd42276fc99ee.php 第 29 行.
NOTIC: [8] Undefined index: pid D:\phpStudy\WWW\wangzhan\Runtime\Cache\Home\2a94b8bda04ff446dcedd42276fc99ee.php 第 30 行.
NOTIC: [8] Undefined index: category D:\phpStudy\WWW\wangzhan\Runtime\Cache\Home\2a94b8bda04ff446dcedd42276fc99ee.php 第 30 行.
NOTIC: [8] Undefined index: category D:\phpStudy\WWW\wangzhan\Runtime\Cache\Home\2a94b8bda04ff446dcedd42276fc99ee.php 第 30 行.
NOTIC: [8] Undefined index: pid D:\phpStudy\WWW\wangzhan\Runtime\Cache\Home\2a94b8bda04ff446dcedd42276fc99ee.php 第 31 行.
NOTIC: [8] Undefined index: category D:\phpStudy\WWW\wangzhan\Runtime\Cache\Home\2a94b8bda04ff446dcedd42276fc99ee.php 第 31 行.
NOTIC: [8] Undefined index: category D:\phpStudy\WWW\wangzhan\Runtime\Cache\Home\2a94b8bda04ff446dcedd42276fc99ee.php 第 31 行.
NOTIC: [8] Undefined index: pid D:\phpStudy\WWW\wangzhan\Runtime\Cache\Home\2a94b8bda04ff446dcedd42276fc99ee.php 第 32 行.
NOTIC: [8] Undefined index: category D:\phpStudy\WWW\wangzhan\Runtime\Cache\Home\2a94b8bda04ff446dcedd42276fc99ee.php 第 32 行.
NOTIC: [8] Undefined index: category D:\phpStudy\WWW\wangzhan\Runtime\Cache\Home\2a94b8bda04ff446dcedd42276fc99ee.php 第 32 行.
NOTIC: [8] Undefined index: pid D:\phpStudy\WWW\wangzhan\Runtime\Cache\Home\2a94b8bda04ff446dcedd42276fc99ee.php 第 33 行.
NOTIC: [8] Undefined index: category D:\phpStudy\WWW\wangzhan\Runtime\Cache\Home\2a94b8bda04ff446dcedd42276fc99ee.php 第 33 行.
NOTIC: [8] Undefined index: category D:\phpStudy\WWW\wangzhan\Runtime\Cache\Home\2a94b8bda04ff446dcedd42276fc99ee.php 第 33 行.
INFO: Run Behavior\ParseTemplateBehavior [ RunTime:0.021360s ]
INFO: [ view_parse ] --END-- [ RunTime:0.021403s ]
INFO: [ view_filter ] --START--
INFO: Run Behavior\WriteHtmlCacheBehavior [ RunTime:0.000703s ]
INFO: [ view_filter ] --END-- [ RunTime:0.000731s ]
INFO: [ app_end ] --START--
INFO: Run Behavior\ShowPageTraceBehavior [ RunTime:0.000865s ]
INFO: [ app_end ] --END-- [ RunTime:0.000912s ]

