[ 2017-02-13T13:36:54+08:00 ] 127.0.0.1 /wangzhan/
INFO: [ app_init ] --START--
INFO: Run Behavior\BuildLiteBehavior [ RunTime:0.000012s ]
NOTIC: [8] Use of undefined constant NOW_TIME - assumed 'NOW_TIME' D:\phpStudy\WWW\wangzhan\ThinkPHP\Common\functions.php 第 588 行.
NOTIC: [8] Use of undefined constant NOW_TIME - assumed 'NOW_TIME' D:\phpStudy\WWW\wangzhan\ThinkPHP\Common\functions.php 第 588 行.
SQL: SHOW COLUMNS FROM `auc_admin_module` [ RunTime:0.0118s ]
SQL: SELECT `name` FROM `auc_admin_module` WHERE `status` = 1  [ RunTime:0.0003s ]
NOTIC: [8] Use of undefined constant NOW_TIME - assumed 'NOW_TIME' D:\phpStudy\WWW\wangzhan\ThinkPHP\Common\functions.php 第 588 行.
NOTIC: [8] Use of undefined constant NOW_TIME - assumed 'NOW_TIME' D:\phpStudy\WWW\wangzhan\ThinkPHP\Common\functions.php 第 588 行.
SQL: SHOW COLUMNS FROM `auc_admin_config` [ RunTime:0.0132s ]
SQL: SELECT `value` FROM `auc_admin_config` WHERE `name` = 'URL_MODEL' LIMIT 1   [ RunTime:0.0003s ]
SQL: SELECT `value` FROM `auc_admin_config` WHERE `name` = 'APP_SUB_DOMAIN_DEPLOY' LIMIT 1   [ RunTime:0.0003s ]
INFO: Run Common\Behavior\InitModuleBehavior [ RunTime:0.048478s ]
INFO: [ app_init ] --END-- [ RunTime:0.048559s ]
INFO: [ app_begin ] --START--
INFO: Run Behavior\ReadHtmlCacheBehavior [ RunTime:0.001541s ]
SQL: SELECT `name`,`value`,`type` FROM `auc_admin_config` WHERE `status` = 1  [ RunTime:0.0004s ]
SQL: SELECT * FROM `auc_admin_module` WHERE `status` = 1  [ RunTime:0.0002s ]
NOTIC: [8] Undefined index: taglib D:\phpStudy\WWW\wangzhan\Application\Common\Behavior\InitConfigBehavior.class.php 第 56 行.
NOTIC: [8] Undefined index: behavior D:\phpStudy\WWW\wangzhan\Application\Common\Behavior\InitConfigBehavior.class.php 第 63 行.
NOTIC: [8] Undefined index: behavior D:\phpStudy\WWW\wangzhan\Application\Common\Behavior\InitConfigBehavior.class.php 第 63 行.
SQL: SHOW COLUMNS FROM `auc_admin_theme` [ RunTime:0.0072s ]
SQL: SELECT * FROM `auc_admin_theme` WHERE `current` = 1 ORDER BY id asc LIMIT 1   [ RunTime:0.0002s ]
SQL: SHOW COLUMNS FROM `auc_admin_hook` [ RunTime:0.0110s ]
SQL: SELECT `addons` FROM `auc_admin_hook` WHERE `name` = 'FormBuilderExtend' LIMIT 1   [ RunTime:0.0002s ]
SQL: SHOW COLUMNS FROM `auc_admin_addon` [ RunTime:0.0065s ]
SQL: SELECT `config` FROM `auc_admin_addon` WHERE `name` = '' LIMIT 1   [ RunTime:0.0003s ]
INFO: Run Common\Behavior\InitConfigBehavior [ RunTime:0.042749s ]
INFO: [ app_begin ] --END-- [ RunTime:0.044399s ]
INFO: [ action_begin ] --START--
INFO: Run Common\Behavior\InitHookBehavior [ RunTime:0.002202s ]
INFO: [ action_begin ] --END-- [ RunTime:0.002265s ]
SQL: SHOW COLUMNS FROM `auc_article_article` [ RunTime:0.0066s ]
SQL: SHOW COLUMNS FROM `auc_article_base` [ RunTime:0.0093s ]
SQL: SHOW COLUMNS FROM `auc_admin_upload` [ RunTime:0.0096s ]
SQL: SELECT ArticleArticle.id AS id,ArticleArticle.title AS title,ArticleArticle.content AS content,ArticleArticle.cover AS cover,ArticleBase.cid AS cid,ArticleBase.create_time AS create_time,AdminUpload.path AS path FROM auc_article_article ArticleArticle LEFT JOIN auc_article_base ArticleBase ON ArticleArticle.id = ArticleBase.id LEFT JOIN auc_admin_upload AdminUpload ON ArticleArticle.cover = AdminUpload.id WHERE ArticleBase.status <> '-1' AND ArticleBase.cid = 1 ORDER BY ArticleBase.sort desc,ArticleArticle.id desc LIMIT 6   [ RunTime:0.0073s ]
NOTIC: [8] Undefined variable: data_p D:\phpStudy\WWW\wangzhan\Application\Home\Controller\IndexController.class.php 第 53 行.
SQL: SELECT ArticleArticle.id AS id,ArticleArticle.title AS title,ArticleArticle.content AS content,ArticleArticle.cover AS cover,ArticleBase.cid AS cid,ArticleBase.create_time AS create_time,AdminUpload.path AS path FROM auc_article_article ArticleArticle LEFT JOIN auc_article_base ArticleBase ON ArticleArticle.id = ArticleBase.id LEFT JOIN auc_admin_upload AdminUpload ON ArticleArticle.cover = AdminUpload.id WHERE ArticleBase.status <> '-1' AND ArticleBase.cid = 2 ORDER BY ArticleBase.sort desc,ArticleArticle.id desc LIMIT 9   [ RunTime:0.0055s ]
SQL: SELECT ArticleArticle.id AS id,ArticleArticle.title AS title,ArticleArticle.content AS content,ArticleArticle.cover AS cover,ArticleBase.cid AS cid,ArticleBase.create_time AS create_time,AdminUpload.path AS path FROM auc_article_article ArticleArticle LEFT JOIN auc_article_base ArticleBase ON ArticleArticle.id = ArticleBase.id LEFT JOIN auc_admin_upload AdminUpload ON ArticleArticle.cover = AdminUpload.id WHERE ArticleBase.status <> '-1' AND ArticleBase.cid = 7 ORDER BY ArticleBase.sort desc,ArticleArticle.id desc LIMIT 7   [ RunTime:0.0044s ]
SQL: SELECT ArticleArticle.id AS id,ArticleArticle.title AS title,ArticleArticle.content AS content,ArticleArticle.cover AS cover,ArticleBase.cid AS cid,ArticleBase.create_time AS create_time,AdminUpload.path AS path FROM auc_article_article ArticleArticle LEFT JOIN auc_article_base ArticleBase ON ArticleArticle.id = ArticleBase.id LEFT JOIN auc_admin_upload AdminUpload ON ArticleArticle.cover = AdminUpload.id WHERE ArticleBase.status <> '-1' AND ArticleBase.cid = 8 ORDER BY ArticleBase.sort desc,ArticleArticle.id desc LIMIT 7   [ RunTime:0.0048s ]
SQL: SELECT ArticleArticle.id AS id,ArticleArticle.title AS title,ArticleArticle.content AS content,ArticleArticle.cover AS cover,ArticleBase.cid AS cid,ArticleBase.create_time AS create_time,AdminUpload.path AS path FROM auc_article_article ArticleArticle LEFT JOIN auc_article_base ArticleBase ON ArticleArticle.id = ArticleBase.id LEFT JOIN auc_admin_upload AdminUpload ON ArticleArticle.cover = AdminUpload.id WHERE ArticleBase.status <> '-1' AND ArticleBase.cid = 9 ORDER BY ArticleBase.sort desc,ArticleArticle.id desc LIMIT 7   [ RunTime:0.0046s ]
SQL: SELECT ArticleArticle.id AS id,ArticleArticle.title AS title,ArticleArticle.content AS content,ArticleArticle.cover AS cover,ArticleBase.cid AS cid,ArticleBase.create_time AS create_time,AdminUpload.path AS path FROM auc_article_article ArticleArticle LEFT JOIN auc_article_base ArticleBase ON ArticleArticle.id = ArticleBase.id LEFT JOIN auc_admin_upload AdminUpload ON ArticleArticle.cover = AdminUpload.id WHERE ArticleBase.status <> '-1' AND ArticleBase.cid = 10 ORDER BY ArticleBase.sort desc,ArticleArticle.id desc LIMIT 8   [ RunTime:0.0043s ]
SQL: SHOW COLUMNS FROM `auc_article_base` [ RunTime:0.0054s ]
SQL: SHOW COLUMNS FROM `auc_article_category` [ RunTime:0.0081s ]
SQL: SELECT `id`,`pid`,`group`,`title`,`url` FROM `auc_article_category` WHERE `status` = 1 AND `group` = 1  [ RunTime:0.0006s ]
SQL: SELECT `id`,`pid`,`group`,`title`,`url`,`doc_type`,`content`,`update_time` FROM `auc_article_category` WHERE `id` = 15 LIMIT 1   [ RunTime:0.0003s ]
SQL: SHOW COLUMNS FROM `auc_article_slider` [ RunTime:0.0117s ]
SQL: SELECT * FROM `auc_article_slider` WHERE `status` = 1 ORDER BY sort desc, id desc LIMIT 0,3   [ RunTime:0.0003s ]
SQL: SHOW COLUMNS FROM `auc_admin_upload` [ RunTime:0.0072s ]
SQL: SELECT * FROM `auc_admin_upload` WHERE ( id = 191 ) LIMIT 1   [ RunTime:0.0003s ]
SQL: SELECT * FROM `auc_admin_upload` WHERE ( id = 192 ) LIMIT 1   [ RunTime:0.0002s ]
SQL: SELECT * FROM `auc_admin_upload` WHERE ( id = 193 ) LIMIT 1   [ RunTime:0.0002s ]
SQL: SELECT ArticleArticle.id AS id,ArticleArticle.title AS title,ArticleArticle.content AS content,ArticleArticle.cover AS cover,ArticleBase.cid AS cid,ArticleBase.create_time AS create_time,AdminUpload.path AS path FROM auc_article_article ArticleArticle LEFT JOIN auc_article_base ArticleBase ON ArticleArticle.id = ArticleBase.id LEFT JOIN auc_admin_upload AdminUpload ON ArticleArticle.cover = AdminUpload.id WHERE ArticleBase.status <> '-1' AND ArticleBase.cid = 5 ORDER BY ArticleBase.sort desc,ArticleArticle.id desc LIMIT 6   [ RunTime:0.0051s ]
SQL: SHOW COLUMNS FROM `auc_article_friendly_link` [ RunTime:0.0106s ]
SQL: SELECT * FROM `auc_article_friendly_link` WHERE `status` = '1' ORDER BY sort desc, id desc  [ RunTime:0.0006s ]
SQL: SELECT * FROM `auc_admin_upload` WHERE `id` = 206 LIMIT 1   [ RunTime:0.0002s ]
SQL: SELECT * FROM `auc_admin_upload` WHERE `id` = 207 LIMIT 1   [ RunTime:0.0002s ]
SQL: SELECT * FROM `auc_admin_upload` WHERE `id` = 208 LIMIT 1   [ RunTime:0.0002s ]
SQL: SELECT * FROM `auc_admin_upload` WHERE `id` = 209 LIMIT 1   [ RunTime:0.0002s ]
SQL: SELECT * FROM `auc_admin_upload` WHERE `id` = 210 LIMIT 1   [ RunTime:0.0002s ]
SQL: SELECT * FROM `auc_admin_upload` WHERE `id` = 211 LIMIT 1   [ RunTime:0.0002s ]
SQL: SELECT * FROM `auc_admin_upload` WHERE `id` = 212 LIMIT 1   [ RunTime:0.0002s ]
SQL: SELECT * FROM `auc_admin_upload` WHERE `id` = 213 LIMIT 1   [ RunTime:0.0002s ]
SQL: SELECT * FROM `auc_admin_upload` WHERE `id` = 214 LIMIT 1   [ RunTime:0.0002s ]
SQL: SELECT * FROM `auc_admin_upload` WHERE `id` = 215 LIMIT 1   [ RunTime:0.0002s ]
INFO: [ view_parse ] --START--
INFO: [ template_filter ] --START--
INFO: Run Behavior\ContentReplaceBehavior [ RunTime:0.000174s ]
INFO: [ template_filter ] --END-- [ RunTime:0.000215s ]
NOTIC: [8] Undefined index: pid D:\phpStudy\WWW\wangzhan\Runtime\Cache\Home\2a94b8bda04ff446dcedd42276fc99ee.php 第 26 行.
NOTIC: [8] Undefined index: category D:\phpStudy\WWW\wangzhan\Runtime\Cache\Home\2a94b8bda04ff446dcedd42276fc99ee.php 第 26 行.
NOTIC: [8] Undefined index: pid D:\phpStudy\WWW\wangzhan\Runtime\Cache\Home\2a94b8bda04ff446dcedd42276fc99ee.php 第 27 行.
NOTIC: [8] Undefined variable: group_list D:\phpStudy\WWW\wangzhan\Runtime\Cache\Home\2a94b8bda04ff446dcedd42276fc99ee.php 第 27 行.
NOTIC: [8] Undefined index: category D:\phpStudy\WWW\wangzhan\Runtime\Cache\Home\2a94b8bda04ff446dcedd42276fc99ee.php 第 27 行.
NOTIC: [8] Undefined index: category D:\phpStudy\WWW\wangzhan\Runtime\Cache\Home\2a94b8bda04ff446dcedd42276fc99ee.php 第 27 行.
NOTIC: [8] Undefined index: pid D:\phpStudy\WWW\wangzhan\Runtime\Cache\Home\2a94b8bda04ff446dcedd42276fc99ee.php 第 28 行.
NOTIC: [8] Undefined index: category D:\phpStudy\WWW\wangzhan\Runtime\Cache\Home\2a94b8bda04ff446dcedd42276fc99ee.php 第 28 行.
NOTIC: [8] Undefined index: category D:\phpStudy\WWW\wangzhan\Runtime\Cache\Home\2a94b8bda04ff446dcedd42276fc99ee.php 第 28 行.
NOTIC: [8] Undefined index: pid D:\phpStudy\WWW\wangzhan\Runtime\Cache\Home\2a94b8bda04ff446dcedd42276fc99ee.php 第 29 行.
NOTIC: [8] Undefined index: category D:\phpStudy\WWW\wangzhan\Runtime\Cache\Home\2a94b8bda04ff446dcedd42276fc99ee.php 第 29 行.
NOTIC: [8] Undefined index: category D:\phpStudy\WWW\wangzhan\Runtime\Cache\Home\2a94b8bda04ff446dcedd42276fc99ee.php 第 29 行.
NOTIC: [8] Undefined index: pid D:\phpStudy\WWW\wangzhan\Runtime\Cache\Home\2a94b8bda04ff446dcedd42276fc99ee.php 第 30 行.
NOTIC: [8] Undefined index: category D:\phpStudy\WWW\wangzhan\Runtime\Cache\Home\2a94b8bda04ff446dcedd42276fc99ee.php 第 30 行.
NOTIC: [8] Undefined index: category D:\phpStudy\WWW\wangzhan\Runtime\Cache\Home\2a94b8bda04ff446dcedd42276fc99ee.php 第 30 行.
NOTIC: [8] Undefined index: pid D:\phpStudy\WWW\wangzhan\Runtime\Cache\Home\2a94b8bda04ff446dcedd42276fc99ee.php 第 31 行.
NOTIC: [8] Undefined index: category D:\phpStudy\WWW\wangzhan\Runtime\Cache\Home\2a94b8bda04ff446dcedd42276fc99ee.php 第 31 行.
NOTIC: [8] Undefined index: category D:\phpStudy\WWW\wangzhan\Runtime\Cache\Home\2a94b8bda04ff446dcedd42276fc99ee.php 第 31 行.
NOTIC: [8] Undefined index: pid D:\phpStudy\WWW\wangzhan\Runtime\Cache\Home\2a94b8bda04ff446dcedd42276fc99ee.php 第 32 行.
NOTIC: [8] Undefined index: category D:\phpStudy\WWW\wangzhan\Runtime\Cache\Home\2a94b8bda04ff446dcedd42276fc99ee.php 第 32 行.
NOTIC: [8] Undefined index: category D:\phpStudy\WWW\wangzhan\Runtime\Cache\Home\2a94b8bda04ff446dcedd42276fc99ee.php 第 32 行.
NOTIC: [8] Undefined index: pid D:\phpStudy\WWW\wangzhan\Runtime\Cache\Home\2a94b8bda04ff446dcedd42276fc99ee.php 第 33 行.
NOTIC: [8] Undefined index: category D:\phpStudy\WWW\wangzhan\Runtime\Cache\Home\2a94b8bda04ff446dcedd42276fc99ee.php 第 33 行.
NOTIC: [8] Undefined index: category D:\phpStudy\WWW\wangzhan\Runtime\Cache\Home\2a94b8bda04ff446dcedd42276fc99ee.php 第 33 行.
INFO: Run Behavior\ParseTemplateBehavior [ RunTime:0.026376s ]
INFO: [ view_parse ] --END-- [ RunTime:0.026431s ]
INFO: [ view_filter ] --START--
INFO: Run Behavior\WriteHtmlCacheBehavior [ RunTime:0.001538s ]
INFO: [ view_filter ] --END-- [ RunTime:0.001574s ]
INFO: [ app_end ] --START--
INFO: Run Behavior\ShowPageTraceBehavior [ RunTime:0.001359s ]
INFO: [ app_end ] --END-- [ RunTime:0.001405s ]

[ 2017-02-13T13:36:57+08:00 ] 127.0.0.1 /wangzhan/index.php?s=/index/volist/pid/4.html
INFO: [ app_init ] --START--
INFO: Run Behavior\BuildLiteBehavior [ RunTime:0.000013s ]
NOTIC: [8] Use of undefined constant NOW_TIME - assumed 'NOW_TIME' D:\phpStudy\WWW\wangzhan\ThinkPHP\Common\functions.php 第 588 行.
NOTIC: [8] Use of undefined constant NOW_TIME - assumed 'NOW_TIME' D:\phpStudy\WWW\wangzhan\ThinkPHP\Common\functions.php 第 588 行.
SQL: SHOW COLUMNS FROM `auc_admin_module` [ RunTime:0.0052s ]
SQL: SELECT `name` FROM `auc_admin_module` WHERE `status` = 1  [ RunTime:0.0003s ]
NOTIC: [8] Use of undefined constant NOW_TIME - assumed 'NOW_TIME' D:\phpStudy\WWW\wangzhan\ThinkPHP\Common\functions.php 第 588 行.
NOTIC: [8] Use of undefined constant NOW_TIME - assumed 'NOW_TIME' D:\phpStudy\WWW\wangzhan\ThinkPHP\Common\functions.php 第 588 行.
SQL: SHOW COLUMNS FROM `auc_admin_config` [ RunTime:0.0055s ]
SQL: SELECT `value` FROM `auc_admin_config` WHERE `name` = 'URL_MODEL' LIMIT 1   [ RunTime:0.0003s ]
SQL: SELECT `value` FROM `auc_admin_config` WHERE `name` = 'APP_SUB_DOMAIN_DEPLOY' LIMIT 1   [ RunTime:0.0002s ]
INFO: Run Common\Behavior\InitModuleBehavior [ RunTime:0.027198s ]
INFO: [ app_init ] --END-- [ RunTime:0.027278s ]
INFO: [ app_begin ] --START--
INFO: Run Behavior\ReadHtmlCacheBehavior [ RunTime:0.000880s ]
INFO: Run Common\Behavior\InitConfigBehavior [ RunTime:0.002870s ]
INFO: [ app_begin ] --END-- [ RunTime:0.003826s ]
INFO: [ action_begin ] --START--
INFO: Run Common\Behavior\InitHookBehavior [ RunTime:0.001141s ]
INFO: [ action_begin ] --END-- [ RunTime:0.001192s ]
SQL: SHOW COLUMNS FROM `auc_article_category` [ RunTime:0.0051s ]
SQL: SELECT `id`,`pid`,`group`,`title`,`url` FROM `auc_article_category` WHERE `status` = 1 AND `group` = 1  [ RunTime:0.0003s ]
SQL: SELECT `id`,`pid`,`group`,`title`,`url`,`doc_type`,`content`,`update_time` FROM `auc_article_category` WHERE `id` = 4 LIMIT 1   [ RunTime:0.0002s ]
SQL: SELECT * FROM `auc_article_category` WHERE `id` = 4 LIMIT 1   [ RunTime:0.0002s ]
SQL: SELECT `id`,`pid`,`group`,`doc_type`,`title`,`url`,`content`,`index_template`,`detail_template`,`post_auth`,`icon`,`create_time`,`update_time`,`sort`,`status` FROM `auc_article_category` WHERE `status` = 1 AND `group` = '1' ORDER BY sort asc, id asc  [ RunTime:0.0005s ]
SQL: SHOW COLUMNS FROM `auc_article_base` [ RunTime:0.0055s ]
SQL: SHOW COLUMNS FROM `auc_article_type` [ RunTime:0.0086s ]
SQL: SELECT * FROM `auc_article_type` WHERE `id` = 3 LIMIT 1   [ RunTime:0.0004s ]
SQL: SELECT * FROM `auc_article_base` INNER JOIN auc_article_article ON auc_article_base.id = auc_article_article.id  WHERE `status` = '1' AND `doc_type` = 3 ORDER BY sort desc,auc_article_base.id desc LIMIT 0,10   [ RunTime:0.0004s ]
SQL: SHOW COLUMNS FROM `auc_article_article` [ RunTime:0.0059s ]
SQL: SHOW COLUMNS FROM `auc_article_base` [ RunTime:0.0046s ]
SQL: SHOW COLUMNS FROM `auc_admin_upload` [ RunTime:0.0047s ]
SQL: SELECT ArticleArticle.id AS id,ArticleArticle.title AS title,ArticleArticle.content AS content,ArticleArticle.cover AS cover,ArticleBase.cid AS cid,ArticleBase.create_time AS create_time,AdminUpload.path AS path FROM auc_article_article ArticleArticle LEFT JOIN auc_article_base ArticleBase ON ArticleArticle.id = ArticleBase.id LEFT JOIN auc_admin_upload AdminUpload ON ArticleArticle.cover = AdminUpload.id WHERE ArticleBase.status <> '-1' AND ArticleBase.cid = '4' ORDER BY ArticleBase.sort desc,ArticleArticle.id desc LIMIT 0,12   [ RunTime:0.0047s ]
SQL: SELECT COUNT(*) AS tp_count FROM auc_article_article ArticleArticle LEFT JOIN auc_article_base ArticleBase ON ArticleArticle.id = ArticleBase.id LEFT JOIN auc_admin_upload AdminUpload ON ArticleArticle.cover = AdminUpload.id WHERE ArticleBase.status <> '-1' AND ArticleBase.cid = '4' LIMIT 1   [ RunTime:0.0004s ]
INFO: [ view_parse ] --START--
INFO: [ template_filter ] --START--
INFO: Run Behavior\ContentReplaceBehavior [ RunTime:0.000090s ]
INFO: [ template_filter ] --END-- [ RunTime:0.000127s ]
NOTIC: [8] Undefined index: category D:\phpStudy\WWW\wangzhan\Runtime\Cache\Home\806d5dbd3cb45b2917635d212b2fb8ea.php 第 26 行.
NOTIC: [8] Undefined index: category D:\phpStudy\WWW\wangzhan\Runtime\Cache\Home\806d5dbd3cb45b2917635d212b2fb8ea.php 第 26 行.
NOTIC: [8] Undefined index: category D:\phpStudy\WWW\wangzhan\Runtime\Cache\Home\806d5dbd3cb45b2917635d212b2fb8ea.php 第 27 行.
NOTIC: [8] Undefined index: category D:\phpStudy\WWW\wangzhan\Runtime\Cache\Home\806d5dbd3cb45b2917635d212b2fb8ea.php 第 27 行.
NOTIC: [8] Undefined index: category D:\phpStudy\WWW\wangzhan\Runtime\Cache\Home\806d5dbd3cb45b2917635d212b2fb8ea.php 第 29 行.
NOTIC: [8] Undefined index: category D:\phpStudy\WWW\wangzhan\Runtime\Cache\Home\806d5dbd3cb45b2917635d212b2fb8ea.php 第 29 行.
NOTIC: [8] Undefined index: category D:\phpStudy\WWW\wangzhan\Runtime\Cache\Home\806d5dbd3cb45b2917635d212b2fb8ea.php 第 30 行.
NOTIC: [8] Undefined index: category D:\phpStudy\WWW\wangzhan\Runtime\Cache\Home\806d5dbd3cb45b2917635d212b2fb8ea.php 第 30 行.
NOTIC: [8] Undefined index: category D:\phpStudy\WWW\wangzhan\Runtime\Cache\Home\806d5dbd3cb45b2917635d212b2fb8ea.php 第 31 行.
NOTIC: [8] Undefined index: category D:\phpStudy\WWW\wangzhan\Runtime\Cache\Home\806d5dbd3cb45b2917635d212b2fb8ea.php 第 31 行.
NOTIC: [8] Undefined index: category D:\phpStudy\WWW\wangzhan\Runtime\Cache\Home\806d5dbd3cb45b2917635d212b2fb8ea.php 第 32 行.
NOTIC: [8] Undefined index: category D:\phpStudy\WWW\wangzhan\Runtime\Cache\Home\806d5dbd3cb45b2917635d212b2fb8ea.php 第 32 行.
INFO: Run Behavior\ParseTemplateBehavior [ RunTime:0.012852s ]
INFO: [ view_parse ] --END-- [ RunTime:0.012889s ]
INFO: [ view_filter ] --START--
INFO: Run Behavior\WriteHtmlCacheBehavior [ RunTime:0.000547s ]
INFO: [ view_filter ] --END-- [ RunTime:0.000578s ]
INFO: [ app_end ] --START--
INFO: Run Behavior\ShowPageTraceBehavior [ RunTime:0.000621s ]
INFO: [ app_end ] --END-- [ RunTime:0.000649s ]

[ 2017-02-13T13:36:58+08:00 ] 127.0.0.1 /wangzhan/index.php?s=/index/volist/pid/20.html
INFO: [ app_init ] --START--
INFO: Run Behavior\BuildLiteBehavior [ RunTime:0.000011s ]
NOTIC: [8] Use of undefined constant NOW_TIME - assumed 'NOW_TIME' D:\phpStudy\WWW\wangzhan\ThinkPHP\Common\functions.php 第 588 行.
NOTIC: [8] Use of undefined constant NOW_TIME - assumed 'NOW_TIME' D:\phpStudy\WWW\wangzhan\ThinkPHP\Common\functions.php 第 588 行.
SQL: SHOW COLUMNS FROM `auc_admin_module` [ RunTime:0.0054s ]
SQL: SELECT `name` FROM `auc_admin_module` WHERE `status` = 1  [ RunTime:0.0003s ]
NOTIC: [8] Use of undefined constant NOW_TIME - assumed 'NOW_TIME' D:\phpStudy\WWW\wangzhan\ThinkPHP\Common\functions.php 第 588 行.
NOTIC: [8] Use of undefined constant NOW_TIME - assumed 'NOW_TIME' D:\phpStudy\WWW\wangzhan\ThinkPHP\Common\functions.php 第 588 行.
SQL: SHOW COLUMNS FROM `auc_admin_config` [ RunTime:0.0046s ]
SQL: SELECT `value` FROM `auc_admin_config` WHERE `name` = 'URL_MODEL' LIMIT 1   [ RunTime:0.0002s ]
SQL: SELECT `value` FROM `auc_admin_config` WHERE `name` = 'APP_SUB_DOMAIN_DEPLOY' LIMIT 1   [ RunTime:0.0002s ]
INFO: Run Common\Behavior\InitModuleBehavior [ RunTime:0.023688s ]
INFO: [ app_init ] --END-- [ RunTime:0.023764s ]
INFO: [ app_begin ] --START--
INFO: Run Behavior\ReadHtmlCacheBehavior [ RunTime:0.000874s ]
INFO: Run Common\Behavior\InitConfigBehavior [ RunTime:0.002979s ]
INFO: [ app_begin ] --END-- [ RunTime:0.003931s ]
INFO: [ action_begin ] --START--
INFO: Run Common\Behavior\InitHookBehavior [ RunTime:0.001189s ]
INFO: [ action_begin ] --END-- [ RunTime:0.001268s ]
SQL: SHOW COLUMNS FROM `auc_article_category` [ RunTime:0.0046s ]
SQL: SELECT `id`,`pid`,`group`,`title`,`url` FROM `auc_article_category` WHERE `status` = 1 AND `group` = 1  [ RunTime:0.0003s ]
SQL: SELECT `id`,`pid`,`group`,`title`,`url`,`doc_type`,`content`,`update_time` FROM `auc_article_category` WHERE `id` = 20 LIMIT 1   [ RunTime:0.0002s ]
SQL: SELECT * FROM `auc_article_category` WHERE `id` = 20 LIMIT 1   [ RunTime:0.0002s ]
SQL: SELECT `id`,`pid`,`group`,`doc_type`,`title`,`url`,`content`,`index_template`,`detail_template`,`post_auth`,`icon`,`create_time`,`update_time`,`sort`,`status` FROM `auc_article_category` WHERE `status` = 1 AND `group` = '1' ORDER BY sort asc, id asc  [ RunTime:0.0007s ]
SQL: SELECT * FROM `auc_article_category` WHERE `id` = 20 LIMIT 1   [ RunTime:0.0002s ]
SQL: SELECT * FROM `auc_article_category` WHERE `id` = 0 LIMIT 1   [ RunTime:0.0002s ]
NOTIC: [8] Undefined variable: field D:\phpStudy\WWW\wangzhan\Application\Article\Model\CategoryModel.class.php 第 153 行.
SQL: SELECT * FROM `auc_article_category` WHERE `status` = 1 AND `pid` = '0' AND `group` = '1' ORDER BY sort asc  [ RunTime:0.0003s ]
SQL: SHOW COLUMNS FROM `auc_article_base` [ RunTime:0.0050s ]
SQL: SHOW COLUMNS FROM `auc_article_type` [ RunTime:0.0046s ]
SQL: SELECT * FROM `auc_article_type` WHERE `id` = 3 LIMIT 1   [ RunTime:0.0003s ]
SQL: SELECT * FROM `auc_article_base` INNER JOIN auc_article_article ON auc_article_base.id = auc_article_article.id  WHERE `status` = '1' AND `doc_type` = 3 ORDER BY sort desc,auc_article_base.id desc LIMIT 0,10   [ RunTime:0.0003s ]
SQL: SHOW COLUMNS FROM `auc_article_article` [ RunTime:0.0046s ]
SQL: SHOW COLUMNS FROM `auc_article_base` [ RunTime:0.0046s ]
SQL: SHOW COLUMNS FROM `auc_admin_upload` [ RunTime:0.0044s ]
SQL: SELECT ArticleArticle.id AS id,ArticleArticle.title AS title,ArticleArticle.content AS content,ArticleArticle.cover AS cover,ArticleBase.cid AS cid,ArticleBase.create_time AS create_time,AdminUpload.path AS path FROM auc_article_article ArticleArticle LEFT JOIN auc_article_base ArticleBase ON ArticleArticle.id = ArticleBase.id LEFT JOIN auc_admin_upload AdminUpload ON ArticleArticle.cover = AdminUpload.id WHERE ArticleBase.status <> '-1' AND ArticleBase.cid = '20' ORDER BY ArticleBase.sort desc,ArticleArticle.id desc LIMIT 0,12   [ RunTime:0.0043s ]
SQL: SELECT COUNT(*) AS tp_count FROM auc_article_article ArticleArticle LEFT JOIN auc_article_base ArticleBase ON ArticleArticle.id = ArticleBase.id LEFT JOIN auc_admin_upload AdminUpload ON ArticleArticle.cover = AdminUpload.id WHERE ArticleBase.status <> '-1' AND ArticleBase.cid = '20' LIMIT 1   [ RunTime:0.0003s ]
INFO: [ view_parse ] --START--
INFO: [ template_filter ] --START--
INFO: Run Behavior\ContentReplaceBehavior [ RunTime:0.000087s ]
INFO: [ template_filter ] --END-- [ RunTime:0.000123s ]
NOTIC: [8] Undefined index: category D:\phpStudy\WWW\wangzhan\Runtime\Cache\Home\806d5dbd3cb45b2917635d212b2fb8ea.php 第 26 行.
NOTIC: [8] Undefined index: category D:\phpStudy\WWW\wangzhan\Runtime\Cache\Home\806d5dbd3cb45b2917635d212b2fb8ea.php 第 26 行.
NOTIC: [8] Undefined index: category D:\phpStudy\WWW\wangzhan\Runtime\Cache\Home\806d5dbd3cb45b2917635d212b2fb8ea.php 第 27 行.
NOTIC: [8] Undefined index: category D:\phpStudy\WWW\wangzhan\Runtime\Cache\Home\806d5dbd3cb45b2917635d212b2fb8ea.php 第 27 行.
NOTIC: [8] Undefined index: category D:\phpStudy\WWW\wangzhan\Runtime\Cache\Home\806d5dbd3cb45b2917635d212b2fb8ea.php 第 28 行.
NOTIC: [8] Undefined index: category D:\phpStudy\WWW\wangzhan\Runtime\Cache\Home\806d5dbd3cb45b2917635d212b2fb8ea.php 第 28 行.
NOTIC: [8] Undefined index: category D:\phpStudy\WWW\wangzhan\Runtime\Cache\Home\806d5dbd3cb45b2917635d212b2fb8ea.php 第 30 行.
NOTIC: [8] Undefined index: category D:\phpStudy\WWW\wangzhan\Runtime\Cache\Home\806d5dbd3cb45b2917635d212b2fb8ea.php 第 30 行.
NOTIC: [8] Undefined index: category D:\phpStudy\WWW\wangzhan\Runtime\Cache\Home\806d5dbd3cb45b2917635d212b2fb8ea.php 第 31 行.
NOTIC: [8] Undefined index: category D:\phpStudy\WWW\wangzhan\Runtime\Cache\Home\806d5dbd3cb45b2917635d212b2fb8ea.php 第 31 行.
NOTIC: [8] Undefined index: category D:\phpStudy\WWW\wangzhan\Runtime\Cache\Home\806d5dbd3cb45b2917635d212b2fb8ea.php 第 32 行.
NOTIC: [8] Undefined index: category D:\phpStudy\WWW\wangzhan\Runtime\Cache\Home\806d5dbd3cb45b2917635d212b2fb8ea.php 第 32 行.
INFO: Run Behavior\ParseTemplateBehavior [ RunTime:0.010906s ]
INFO: [ view_parse ] --END-- [ RunTime:0.010941s ]
INFO: [ view_filter ] --START--
INFO: Run Behavior\WriteHtmlCacheBehavior [ RunTime:0.000510s ]
INFO: [ view_filter ] --END-- [ RunTime:0.000542s ]
INFO: [ app_end ] --START--
INFO: Run Behavior\ShowPageTraceBehavior [ RunTime:0.000739s ]
INFO: [ app_end ] --END-- [ RunTime:0.000774s ]

[ 2017-02-13T13:37:00+08:00 ] 127.0.0.1 /wangzhan/index.php?s=/index/volist/pid/4.html
INFO: [ app_init ] --START--
INFO: Run Behavior\BuildLiteBehavior [ RunTime:0.000011s ]
NOTIC: [8] Use of undefined constant NOW_TIME - assumed 'NOW_TIME' D:\phpStudy\WWW\wangzhan\ThinkPHP\Common\functions.php 第 588 行.
NOTIC: [8] Use of undefined constant NOW_TIME - assumed 'NOW_TIME' D:\phpStudy\WWW\wangzhan\ThinkPHP\Common\functions.php 第 588 行.
SQL: SHOW COLUMNS FROM `auc_admin_module` [ RunTime:0.0186s ]
SQL: SELECT `name` FROM `auc_admin_module` WHERE `status` = 1  [ RunTime:0.0003s ]
NOTIC: [8] Use of undefined constant NOW_TIME - assumed 'NOW_TIME' D:\phpStudy\WWW\wangzhan\ThinkPHP\Common\functions.php 第 588 行.
NOTIC: [8] Use of undefined constant NOW_TIME - assumed 'NOW_TIME' D:\phpStudy\WWW\wangzhan\ThinkPHP\Common\functions.php 第 588 行.
SQL: SHOW COLUMNS FROM `auc_admin_config` [ RunTime:0.0289s ]
SQL: SELECT `value` FROM `auc_admin_config` WHERE `name` = 'URL_MODEL' LIMIT 1   [ RunTime:0.0003s ]
SQL: SELECT `value` FROM `auc_admin_config` WHERE `name` = 'APP_SUB_DOMAIN_DEPLOY' LIMIT 1   [ RunTime:0.0002s ]
INFO: Run Common\Behavior\InitModuleBehavior [ RunTime:0.061513s ]
INFO: [ app_init ] --END-- [ RunTime:0.061587s ]
INFO: [ app_begin ] --START--
INFO: Run Behavior\ReadHtmlCacheBehavior [ RunTime:0.000892s ]
INFO: Run Common\Behavior\InitConfigBehavior [ RunTime:0.003057s ]
INFO: [ app_begin ] --END-- [ RunTime:0.004032s ]
INFO: [ action_begin ] --START--
INFO: Run Common\Behavior\InitHookBehavior [ RunTime:0.001178s ]
INFO: [ action_begin ] --END-- [ RunTime:0.001238s ]
SQL: SHOW COLUMNS FROM `auc_article_category` [ RunTime:0.0123s ]
SQL: SELECT `id`,`pid`,`group`,`title`,`url` FROM `auc_article_category` WHERE `status` = 1 AND `group` = 1  [ RunTime:0.0004s ]
SQL: SELECT `id`,`pid`,`group`,`title`,`url`,`doc_type`,`content`,`update_time` FROM `auc_article_category` WHERE `id` = 4 LIMIT 1   [ RunTime:0.0003s ]
SQL: SELECT * FROM `auc_article_category` WHERE `id` = 4 LIMIT 1   [ RunTime:0.0002s ]
SQL: SELECT `id`,`pid`,`group`,`doc_type`,`title`,`url`,`content`,`index_template`,`detail_template`,`post_auth`,`icon`,`create_time`,`update_time`,`sort`,`status` FROM `auc_article_category` WHERE `status` = 1 AND `group` = '1' ORDER BY sort asc, id asc  [ RunTime:0.0005s ]
SQL: SHOW COLUMNS FROM `auc_article_base` [ RunTime:0.0046s ]
SQL: SHOW COLUMNS FROM `auc_article_type` [ RunTime:0.0047s ]
SQL: SELECT * FROM `auc_article_type` WHERE `id` = 3 LIMIT 1   [ RunTime:0.0002s ]
SQL: SELECT * FROM `auc_article_base` INNER JOIN auc_article_article ON auc_article_base.id = auc_article_article.id  WHERE `status` = '1' AND `doc_type` = 3 ORDER BY sort desc,auc_article_base.id desc LIMIT 0,10   [ RunTime:0.0003s ]
SQL: SHOW COLUMNS FROM `auc_article_article` [ RunTime:0.0050s ]
SQL: SHOW COLUMNS FROM `auc_article_base` [ RunTime:0.0046s ]
SQL: SHOW COLUMNS FROM `auc_admin_upload` [ RunTime:0.0051s ]
SQL: SELECT ArticleArticle.id AS id,ArticleArticle.title AS title,ArticleArticle.content AS content,ArticleArticle.cover AS cover,ArticleBase.cid AS cid,ArticleBase.create_time AS create_time,AdminUpload.path AS path FROM auc_article_article ArticleArticle LEFT JOIN auc_article_base ArticleBase ON ArticleArticle.id = ArticleBase.id LEFT JOIN auc_admin_upload AdminUpload ON ArticleArticle.cover = AdminUpload.id WHERE ArticleBase.status <> '-1' AND ArticleBase.cid = '4' ORDER BY ArticleBase.sort desc,ArticleArticle.id desc LIMIT 0,12   [ RunTime:0.0050s ]
SQL: SELECT COUNT(*) AS tp_count FROM auc_article_article ArticleArticle LEFT JOIN auc_article_base ArticleBase ON ArticleArticle.id = ArticleBase.id LEFT JOIN auc_admin_upload AdminUpload ON ArticleArticle.cover = AdminUpload.id WHERE ArticleBase.status <> '-1' AND ArticleBase.cid = '4' LIMIT 1   [ RunTime:0.0003s ]
INFO: [ view_parse ] --START--
INFO: [ template_filter ] --START--
INFO: Run Behavior\ContentReplaceBehavior [ RunTime:0.000089s ]
INFO: [ template_filter ] --END-- [ RunTime:0.000127s ]
NOTIC: [8] Undefined index: category D:\phpStudy\WWW\wangzhan\Runtime\Cache\Home\806d5dbd3cb45b2917635d212b2fb8ea.php 第 26 行.
NOTIC: [8] Undefined index: category D:\phpStudy\WWW\wangzhan\Runtime\Cache\Home\806d5dbd3cb45b2917635d212b2fb8ea.php 第 26 行.
NOTIC: [8] Undefined index: category D:\phpStudy\WWW\wangzhan\Runtime\Cache\Home\806d5dbd3cb45b2917635d212b2fb8ea.php 第 27 行.
NOTIC: [8] Undefined index: category D:\phpStudy\WWW\wangzhan\Runtime\Cache\Home\806d5dbd3cb45b2917635d212b2fb8ea.php 第 27 行.
NOTIC: [8] Undefined index: category D:\phpStudy\WWW\wangzhan\Runtime\Cache\Home\806d5dbd3cb45b2917635d212b2fb8ea.php 第 29 行.
NOTIC: [8] Undefined index: category D:\phpStudy\WWW\wangzhan\Runtime\Cache\Home\806d5dbd3cb45b2917635d212b2fb8ea.php 第 29 行.
NOTIC: [8] Undefined index: category D:\phpStudy\WWW\wangzhan\Runtime\Cache\Home\806d5dbd3cb45b2917635d212b2fb8ea.php 第 30 行.
NOTIC: [8] Undefined index: category D:\phpStudy\WWW\wangzhan\Runtime\Cache\Home\806d5dbd3cb45b2917635d212b2fb8ea.php 第 30 行.
NOTIC: [8] Undefined index: category D:\phpStudy\WWW\wangzhan\Runtime\Cache\Home\806d5dbd3cb45b2917635d212b2fb8ea.php 第 31 行.
NOTIC: [8] Undefined index: category D:\phpStudy\WWW\wangzhan\Runtime\Cache\Home\806d5dbd3cb45b2917635d212b2fb8ea.php 第 31 行.
NOTIC: [8] Undefined index: category D:\phpStudy\WWW\wangzhan\Runtime\Cache\Home\806d5dbd3cb45b2917635d212b2fb8ea.php 第 32 行.
NOTIC: [8] Undefined index: category D:\phpStudy\WWW\wangzhan\Runtime\Cache\Home\806d5dbd3cb45b2917635d212b2fb8ea.php 第 32 行.
INFO: Run Behavior\ParseTemplateBehavior [ RunTime:0.012110s ]
INFO: [ view_parse ] --END-- [ RunTime:0.012148s ]
INFO: [ view_filter ] --START--
INFO: Run Behavior\WriteHtmlCacheBehavior [ RunTime:0.000526s ]
INFO: [ view_filter ] --END-- [ RunTime:0.000558s ]
INFO: [ app_end ] --START--
INFO: Run Behavior\ShowPageTraceBehavior [ RunTime:0.000652s ]
INFO: [ app_end ] --END-- [ RunTime:0.000689s ]

[ 2017-02-13T13:37:02+08:00 ] 127.0.0.1 /wangzhan/index.php?s=/index/volist/pid/5.html
INFO: [ app_init ] --START--
INFO: Run Behavior\BuildLiteBehavior [ RunTime:0.000011s ]
NOTIC: [8] Use of undefined constant NOW_TIME - assumed 'NOW_TIME' D:\phpStudy\WWW\wangzhan\ThinkPHP\Common\functions.php 第 588 行.
NOTIC: [8] Use of undefined constant NOW_TIME - assumed 'NOW_TIME' D:\phpStudy\WWW\wangzhan\ThinkPHP\Common\functions.php 第 588 行.
SQL: SHOW COLUMNS FROM `auc_admin_module` [ RunTime:0.2543s ]
SQL: SELECT `name` FROM `auc_admin_module` WHERE `status` = 1  [ RunTime:0.0007s ]
NOTIC: [8] Use of undefined constant NOW_TIME - assumed 'NOW_TIME' D:\phpStudy\WWW\wangzhan\ThinkPHP\Common\functions.php 第 588 行.
NOTIC: [8] Use of undefined constant NOW_TIME - assumed 'NOW_TIME' D:\phpStudy\WWW\wangzhan\ThinkPHP\Common\functions.php 第 588 行.
SQL: SHOW COLUMNS FROM `auc_admin_config` [ RunTime:0.0145s ]
SQL: SELECT `value` FROM `auc_admin_config` WHERE `name` = 'URL_MODEL' LIMIT 1   [ RunTime:0.0003s ]
SQL: SELECT `value` FROM `auc_admin_config` WHERE `name` = 'APP_SUB_DOMAIN_DEPLOY' LIMIT 1   [ RunTime:0.0003s ]
INFO: Run Common\Behavior\InitModuleBehavior [ RunTime:0.287332s ]
INFO: [ app_init ] --END-- [ RunTime:0.287418s ]
INFO: [ app_begin ] --START--
INFO: Run Behavior\ReadHtmlCacheBehavior [ RunTime:0.002089s ]
INFO: Run Common\Behavior\InitConfigBehavior [ RunTime:0.004728s ]
INFO: [ app_begin ] --END-- [ RunTime:0.006957s ]
INFO: [ action_begin ] --START--
INFO: Run Common\Behavior\InitHookBehavior [ RunTime:0.001370s ]
INFO: [ action_begin ] --END-- [ RunTime:0.001450s ]
SQL: SHOW COLUMNS FROM `auc_article_category` [ RunTime:0.0078s ]
SQL: SELECT `id`,`pid`,`group`,`title`,`url` FROM `auc_article_category` WHERE `status` = 1 AND `group` = 1  [ RunTime:0.0005s ]
SQL: SELECT `id`,`pid`,`group`,`title`,`url`,`doc_type`,`content`,`update_time` FROM `auc_article_category` WHERE `id` = 5 LIMIT 1   [ RunTime:0.0003s ]
SQL: SELECT * FROM `auc_article_category` WHERE `id` = 5 LIMIT 1   [ RunTime:0.0003s ]
SQL: SELECT `id`,`pid`,`group`,`doc_type`,`title`,`url`,`content`,`index_template`,`detail_template`,`post_auth`,`icon`,`create_time`,`update_time`,`sort`,`status` FROM `auc_article_category` WHERE `status` = 1 AND `group` = '1' ORDER BY sort asc, id asc  [ RunTime:0.0008s ]
SQL: SHOW COLUMNS FROM `auc_article_base` [ RunTime:0.0094s ]
SQL: SHOW COLUMNS FROM `auc_article_type` [ RunTime:0.0076s ]
SQL: SELECT * FROM `auc_article_type` WHERE `id` = 3 LIMIT 1   [ RunTime:0.0004s ]
SQL: SELECT * FROM `auc_article_base` INNER JOIN auc_article_article ON auc_article_base.id = auc_article_article.id  WHERE `status` = '1' AND `doc_type` = 3 ORDER BY sort desc,auc_article_base.id desc LIMIT 0,10   [ RunTime:0.0006s ]
SQL: SHOW COLUMNS FROM `auc_article_article` [ RunTime:0.0070s ]
SQL: SHOW COLUMNS FROM `auc_article_base` [ RunTime:0.0046s ]
SQL: SHOW COLUMNS FROM `auc_admin_upload` [ RunTime:0.0047s ]
SQL: SELECT ArticleArticle.id AS id,ArticleArticle.title AS title,ArticleArticle.content AS content,ArticleArticle.cover AS cover,ArticleBase.cid AS cid,ArticleBase.create_time AS create_time,AdminUpload.path AS path FROM auc_article_article ArticleArticle LEFT JOIN auc_article_base ArticleBase ON ArticleArticle.id = ArticleBase.id LEFT JOIN auc_admin_upload AdminUpload ON ArticleArticle.cover = AdminUpload.id WHERE ArticleBase.status <> '-1' AND ArticleBase.cid = '5' ORDER BY ArticleBase.sort desc,ArticleArticle.id desc LIMIT 0,12   [ RunTime:0.0052s ]
SQL: SELECT COUNT(*) AS tp_count FROM auc_article_article ArticleArticle LEFT JOIN auc_article_base ArticleBase ON ArticleArticle.id = ArticleBase.id LEFT JOIN auc_admin_upload AdminUpload ON ArticleArticle.cover = AdminUpload.id WHERE ArticleBase.status <> '-1' AND ArticleBase.cid = '5' LIMIT 1   [ RunTime:0.0004s ]
INFO: [ view_parse ] --START--
INFO: [ template_filter ] --START--
INFO: Run Behavior\ContentReplaceBehavior [ RunTime:0.000087s ]
INFO: [ template_filter ] --END-- [ RunTime:0.000122s ]
NOTIC: [8] Undefined index: category D:\phpStudy\WWW\wangzhan\Runtime\Cache\Home\806d5dbd3cb45b2917635d212b2fb8ea.php 第 27 行.
NOTIC: [8] Undefined index: category D:\phpStudy\WWW\wangzhan\Runtime\Cache\Home\806d5dbd3cb45b2917635d212b2fb8ea.php 第 27 行.
NOTIC: [8] Undefined index: category D:\phpStudy\WWW\wangzhan\Runtime\Cache\Home\806d5dbd3cb45b2917635d212b2fb8ea.php 第 28 行.
NOTIC: [8] Undefined index: category D:\phpStudy\WWW\wangzhan\Runtime\Cache\Home\806d5dbd3cb45b2917635d212b2fb8ea.php 第 28 行.
NOTIC: [8] Undefined index: category D:\phpStudy\WWW\wangzhan\Runtime\Cache\Home\806d5dbd3cb45b2917635d212b2fb8ea.php 第 29 行.
NOTIC: [8] Undefined index: category D:\phpStudy\WWW\wangzhan\Runtime\Cache\Home\806d5dbd3cb45b2917635d212b2fb8ea.php 第 29 行.
NOTIC: [8] Undefined index: category D:\phpStudy\WWW\wangzhan\Runtime\Cache\Home\806d5dbd3cb45b2917635d212b2fb8ea.php 第 30 行.
NOTIC: [8] Undefined index: category D:\phpStudy\WWW\wangzhan\Runtime\Cache\Home\806d5dbd3cb45b2917635d212b2fb8ea.php 第 30 行.
NOTIC: [8] Undefined index: category D:\phpStudy\WWW\wangzhan\Runtime\Cache\Home\806d5dbd3cb45b2917635d212b2fb8ea.php 第 31 行.
NOTIC: [8] Undefined index: category D:\phpStudy\WWW\wangzhan\Runtime\Cache\Home\806d5dbd3cb45b2917635d212b2fb8ea.php 第 31 行.
NOTIC: [8] Undefined index: category D:\phpStudy\WWW\wangzhan\Runtime\Cache\Home\806d5dbd3cb45b2917635d212b2fb8ea.php 第 32 行.
NOTIC: [8] Undefined index: category D:\phpStudy\WWW\wangzhan\Runtime\Cache\Home\806d5dbd3cb45b2917635d212b2fb8ea.php 第 32 行.
NOTIC: [8] Undefined index: creat_time D:\phpStudy\WWW\wangzhan\Runtime\Cache\Home\806d5dbd3cb45b2917635d212b2fb8ea.php 第 83 行.
NOTIC: [8] Undefined index: creat_time D:\phpStudy\WWW\wangzhan\Runtime\Cache\Home\806d5dbd3cb45b2917635d212b2fb8ea.php 第 83 行.
NOTIC: [8] Undefined index: creat_time D:\phpStudy\WWW\wangzhan\Runtime\Cache\Home\806d5dbd3cb45b2917635d212b2fb8ea.php 第 83 行.
NOTIC: [8] Undefined index: creat_time D:\phpStudy\WWW\wangzhan\Runtime\Cache\Home\806d5dbd3cb45b2917635d212b2fb8ea.php 第 83 行.
NOTIC: [8] Undefined index: creat_time D:\phpStudy\WWW\wangzhan\Runtime\Cache\Home\806d5dbd3cb45b2917635d212b2fb8ea.php 第 83 行.
NOTIC: [8] Undefined index: creat_time D:\phpStudy\WWW\wangzhan\Runtime\Cache\Home\806d5dbd3cb45b2917635d212b2fb8ea.php 第 83 行.
INFO: Run Behavior\ParseTemplateBehavior [ RunTime:0.012271s ]
INFO: [ view_parse ] --END-- [ RunTime:0.012308s ]
INFO: [ view_filter ] --START--
INFO: Run Behavior\WriteHtmlCacheBehavior [ RunTime:0.000478s ]
INFO: [ view_filter ] --END-- [ RunTime:0.000507s ]
INFO: [ app_end ] --START--
INFO: Run Behavior\ShowPageTraceBehavior [ RunTime:0.000639s ]
INFO: [ app_end ] --END-- [ RunTime:0.000667s ]

