[ 2017-02-07T13:07:03+08:00 ] 127.0.0.1 /wangzhan/
INFO: [ app_init ] --START--
INFO: Run Behavior\BuildLiteBehavior [ RunTime:0.000010s ]
NOTIC: [8] Use of undefined constant NOW_TIME - assumed 'NOW_TIME' D:\phpStudy\WWW\wangzhan\ThinkPHP\Common\functions.php 第 588 行.
NOTIC: [8] Use of undefined constant NOW_TIME - assumed 'NOW_TIME' D:\phpStudy\WWW\wangzhan\ThinkPHP\Common\functions.php 第 588 行.
SQL: SHOW COLUMNS FROM `auc_admin_module` [ RunTime:0.0065s ]
SQL: SELECT `name` FROM `auc_admin_module` WHERE `status` = 1  [ RunTime:0.0003s ]
NOTIC: [8] Use of undefined constant NOW_TIME - assumed 'NOW_TIME' D:\phpStudy\WWW\wangzhan\ThinkPHP\Common\functions.php 第 588 行.
NOTIC: [8] Use of undefined constant NOW_TIME - assumed 'NOW_TIME' D:\phpStudy\WWW\wangzhan\ThinkPHP\Common\functions.php 第 588 行.
SQL: SHOW COLUMNS FROM `auc_admin_config` [ RunTime:0.0058s ]
SQL: SELECT `value` FROM `auc_admin_config` WHERE `name` = 'URL_MODEL' LIMIT 1   [ RunTime:0.0003s ]
SQL: SELECT `value` FROM `auc_admin_config` WHERE `name` = 'APP_SUB_DOMAIN_DEPLOY' LIMIT 1   [ RunTime:0.0002s ]
INFO: Run Common\Behavior\InitModuleBehavior [ RunTime:0.027730s ]
INFO: [ app_init ] --END-- [ RunTime:0.027800s ]
INFO: [ app_begin ] --START--
INFO: Run Behavior\ReadHtmlCacheBehavior [ RunTime:0.000937s ]
SQL: SELECT `name`,`value`,`type` FROM `auc_admin_config` WHERE `status` = 1  [ RunTime:0.0004s ]
SQL: SELECT * FROM `auc_admin_module` WHERE `status` = 1  [ RunTime:0.0003s ]
NOTIC: [8] Undefined index: taglib D:\phpStudy\WWW\wangzhan\Application\Common\Behavior\InitConfigBehavior.class.php 第 56 行.
NOTIC: [8] Undefined index: behavior D:\phpStudy\WWW\wangzhan\Application\Common\Behavior\InitConfigBehavior.class.php 第 63 行.
NOTIC: [8] Undefined index: behavior D:\phpStudy\WWW\wangzhan\Application\Common\Behavior\InitConfigBehavior.class.php 第 63 行.
SQL: SHOW COLUMNS FROM `auc_admin_theme` [ RunTime:0.0059s ]
SQL: SELECT * FROM `auc_admin_theme` WHERE `current` = 1 ORDER BY id asc LIMIT 1   [ RunTime:0.0003s ]
SQL: SHOW COLUMNS FROM `auc_admin_hook` [ RunTime:0.0065s ]
SQL: SELECT `addons` FROM `auc_admin_hook` WHERE `name` = 'FormBuilderExtend' LIMIT 1   [ RunTime:0.0003s ]
SQL: SHOW COLUMNS FROM `auc_admin_addon` [ RunTime:0.0058s ]
SQL: SELECT `config` FROM `auc_admin_addon` WHERE `name` = '' LIMIT 1   [ RunTime:0.0003s ]
INFO: Run Common\Behavior\InitConfigBehavior [ RunTime:0.031800s ]
INFO: [ app_begin ] --END-- [ RunTime:0.032813s ]
INFO: [ action_begin ] --START--
INFO: Run Common\Behavior\InitHookBehavior [ RunTime:0.001939s ]
INFO: [ action_begin ] --END-- [ RunTime:0.002016s ]
SQL: SHOW COLUMNS FROM `auc_article_article` [ RunTime:0.0073s ]
SQL: SHOW COLUMNS FROM `auc_article_base` [ RunTime:0.0086s ]
SQL: SHOW COLUMNS FROM `auc_admin_upload` [ RunTime:0.0050s ]
SQL: SELECT ArticleArticle.id AS id,ArticleArticle.title AS title,ArticleArticle.content AS content,ArticleArticle.cover AS cover,ArticleBase.cid AS cid,ArticleBase.create_time AS create_time,AdminUpload.path AS path FROM auc_article_article ArticleArticle LEFT JOIN auc_article_base ArticleBase ON ArticleArticle.id = ArticleBase.id LEFT JOIN auc_admin_upload AdminUpload ON ArticleArticle.cover = AdminUpload.id WHERE ArticleBase.status <> '-1' AND ArticleBase.cid = 1 ORDER BY ArticleBase.sort desc,ArticleArticle.id desc LIMIT 6   [ RunTime:0.0082s ]
NOTIC: [8] Undefined variable: data_p D:\phpStudy\WWW\wangzhan\Application\Home\Controller\IndexController.class.php 第 53 行.
SQL: SELECT ArticleArticle.id AS id,ArticleArticle.title AS title,ArticleArticle.content AS content,ArticleArticle.cover AS cover,ArticleBase.cid AS cid,ArticleBase.create_time AS create_time,AdminUpload.path AS path FROM auc_article_article ArticleArticle LEFT JOIN auc_article_base ArticleBase ON ArticleArticle.id = ArticleBase.id LEFT JOIN auc_admin_upload AdminUpload ON ArticleArticle.cover = AdminUpload.id WHERE ArticleBase.status <> '-1' AND ArticleBase.cid = 2 ORDER BY ArticleBase.sort desc,ArticleArticle.id desc LIMIT 9   [ RunTime:0.0055s ]
SQL: SELECT ArticleArticle.id AS id,ArticleArticle.title AS title,ArticleArticle.content AS content,ArticleArticle.cover AS cover,ArticleBase.cid AS cid,ArticleBase.create_time AS create_time,AdminUpload.path AS path FROM auc_article_article ArticleArticle LEFT JOIN auc_article_base ArticleBase ON ArticleArticle.id = ArticleBase.id LEFT JOIN auc_admin_upload AdminUpload ON ArticleArticle.cover = AdminUpload.id WHERE ArticleBase.status <> '-1' AND ArticleBase.cid = 7 ORDER BY ArticleBase.sort desc,ArticleArticle.id desc LIMIT 7   [ RunTime:0.0050s ]
SQL: SELECT ArticleArticle.id AS id,ArticleArticle.title AS title,ArticleArticle.content AS content,ArticleArticle.cover AS cover,ArticleBase.cid AS cid,ArticleBase.create_time AS create_time,AdminUpload.path AS path FROM auc_article_article ArticleArticle LEFT JOIN auc_article_base ArticleBase ON ArticleArticle.id = ArticleBase.id LEFT JOIN auc_admin_upload AdminUpload ON ArticleArticle.cover = AdminUpload.id WHERE ArticleBase.status <> '-1' AND ArticleBase.cid = 8 ORDER BY ArticleBase.sort desc,ArticleArticle.id desc LIMIT 7   [ RunTime:0.0064s ]
SQL: SELECT ArticleArticle.id AS id,ArticleArticle.title AS title,ArticleArticle.content AS content,ArticleArticle.cover AS cover,ArticleBase.cid AS cid,ArticleBase.create_time AS create_time,AdminUpload.path AS path FROM auc_article_article ArticleArticle LEFT JOIN auc_article_base ArticleBase ON ArticleArticle.id = ArticleBase.id LEFT JOIN auc_admin_upload AdminUpload ON ArticleArticle.cover = AdminUpload.id WHERE ArticleBase.status <> '-1' AND ArticleBase.cid = 9 ORDER BY ArticleBase.sort desc,ArticleArticle.id desc LIMIT 7   [ RunTime:0.0048s ]
SQL: SELECT ArticleArticle.id AS id,ArticleArticle.title AS title,ArticleArticle.content AS content,ArticleArticle.cover AS cover,ArticleBase.cid AS cid,ArticleBase.create_time AS create_time,AdminUpload.path AS path FROM auc_article_article ArticleArticle LEFT JOIN auc_article_base ArticleBase ON ArticleArticle.id = ArticleBase.id LEFT JOIN auc_admin_upload AdminUpload ON ArticleArticle.cover = AdminUpload.id WHERE ArticleBase.status <> '-1' AND ArticleBase.cid = 10 ORDER BY ArticleBase.sort desc,ArticleArticle.id desc LIMIT 8   [ RunTime:0.0048s ]
SQL: SHOW COLUMNS FROM `auc_article_base` [ RunTime:0.0055s ]
SQL: SHOW COLUMNS FROM `auc_article_category` [ RunTime:0.0066s ]
SQL: SELECT `id`,`pid`,`group`,`title`,`url` FROM `auc_article_category` WHERE `status` = 1 AND `group` = 1  [ RunTime:0.0005s ]
SQL: SELECT `id`,`pid`,`group`,`title`,`url`,`doc_type`,`content`,`update_time` FROM `auc_article_category` WHERE `id` = 15 LIMIT 1   [ RunTime:0.0002s ]
SQL: SHOW COLUMNS FROM `auc_article_slider` [ RunTime:0.0064s ]
SQL: SELECT * FROM `auc_article_slider` WHERE `status` = 1 ORDER BY sort desc, id desc LIMIT 0,3   [ RunTime:0.0003s ]
SQL: SHOW COLUMNS FROM `auc_admin_upload` [ RunTime:0.0056s ]
SQL: SELECT * FROM `auc_admin_upload` WHERE ( id = 191 ) LIMIT 1   [ RunTime:0.0003s ]
SQL: SELECT * FROM `auc_admin_upload` WHERE ( id = 192 ) LIMIT 1   [ RunTime:0.0002s ]
SQL: SELECT * FROM `auc_admin_upload` WHERE ( id = 193 ) LIMIT 1   [ RunTime:0.0002s ]
SQL: SELECT ArticleArticle.id AS id,ArticleArticle.title AS title,ArticleArticle.content AS content,ArticleArticle.cover AS cover,ArticleBase.cid AS cid,ArticleBase.create_time AS create_time,AdminUpload.path AS path FROM auc_article_article ArticleArticle LEFT JOIN auc_article_base ArticleBase ON ArticleArticle.id = ArticleBase.id LEFT JOIN auc_admin_upload AdminUpload ON ArticleArticle.cover = AdminUpload.id WHERE ArticleBase.status <> '-1' AND ArticleBase.cid = 5 ORDER BY ArticleBase.sort desc,ArticleArticle.id desc LIMIT 6   [ RunTime:0.0051s ]
SQL: SHOW COLUMNS FROM `auc_article_friendly_link` [ RunTime:0.0081s ]
SQL: SELECT * FROM `auc_article_friendly_link` WHERE `status` = '1' ORDER BY sort desc, id desc  [ RunTime:0.0006s ]
SQL: SELECT * FROM `auc_admin_upload` WHERE `id` = 206 LIMIT 1   [ RunTime:0.0002s ]
SQL: SELECT * FROM `auc_admin_upload` WHERE `id` = 207 LIMIT 1   [ RunTime:0.0002s ]
SQL: SELECT * FROM `auc_admin_upload` WHERE `id` = 208 LIMIT 1   [ RunTime:0.0002s ]
SQL: SELECT * FROM `auc_admin_upload` WHERE `id` = 209 LIMIT 1   [ RunTime:0.0002s ]
SQL: SELECT * FROM `auc_admin_upload` WHERE `id` = 210 LIMIT 1   [ RunTime:0.0002s ]
SQL: SELECT * FROM `auc_admin_upload` WHERE `id` = 211 LIMIT 1   [ RunTime:0.0001s ]
SQL: SELECT * FROM `auc_admin_upload` WHERE `id` = 212 LIMIT 1   [ RunTime:0.0001s ]
SQL: SELECT * FROM `auc_admin_upload` WHERE `id` = 213 LIMIT 1   [ RunTime:0.0002s ]
SQL: SELECT * FROM `auc_admin_upload` WHERE `id` = 214 LIMIT 1   [ RunTime:0.0002s ]
SQL: SELECT * FROM `auc_admin_upload` WHERE `id` = 215 LIMIT 1   [ RunTime:0.0002s ]
INFO: [ view_parse ] --START--
INFO: [ template_filter ] --START--
INFO: Run Behavior\ContentReplaceBehavior [ RunTime:0.000173s ]
INFO: [ template_filter ] --END-- [ RunTime:0.000217s ]
NOTIC: [8] Undefined index: pid D:\phpStudy\WWW\wangzhan\Runtime\Cache\Home\2a94b8bda04ff446dcedd42276fc99ee.php 第 26 行.
NOTIC: [8] Undefined index: category D:\phpStudy\WWW\wangzhan\Runtime\Cache\Home\2a94b8bda04ff446dcedd42276fc99ee.php 第 26 行.
NOTIC: [8] Undefined index: pid D:\phpStudy\WWW\wangzhan\Runtime\Cache\Home\2a94b8bda04ff446dcedd42276fc99ee.php 第 27 行.
NOTIC: [8] Undefined variable: group_list D:\phpStudy\WWW\wangzhan\Runtime\Cache\Home\2a94b8bda04ff446dcedd42276fc99ee.php 第 27 行.
NOTIC: [8] Undefined index: category D:\phpStudy\WWW\wangzhan\Runtime\Cache\Home\2a94b8bda04ff446dcedd42276fc99ee.php 第 27 行.
NOTIC: [8] Undefined index: category D:\phpStudy\WWW\wangzhan\Runtime\Cache\Home\2a94b8bda04ff446dcedd42276fc99ee.php 第 27 行.
NOTIC: [8] Undefined index: pid D:\phpStudy\WWW\wangzhan\Runtime\Cache\Home\2a94b8bda04ff446dcedd42276fc99ee.php 第 28 行.
NOTIC: [8] Undefined index: category D:\phpStudy\WWW\wangzhan\Runtime\Cache\Home\2a94b8bda04ff446dcedd42276fc99ee.php 第 28 行.
NOTIC: [8] Undefined index: category D:\phpStudy\WWW\wangzhan\Runtime\Cache\Home\2a94b8bda04ff446dcedd42276fc99ee.php 第 28 行.
NOTIC: [8] Undefined index: pid D:\phpStudy\WWW\wangzhan\Runtime\Cache\Home\2a94b8bda04ff446dcedd42276fc99ee.php 第 29 行.
NOTIC: [8] Undefined index: category D:\phpStudy\WWW\wangzhan\Runtime\Cache\Home\2a94b8bda04ff446dcedd42276fc99ee.php 第 29 行.
NOTIC: [8] Undefined index: category D:\phpStudy\WWW\wangzhan\Runtime\Cache\Home\2a94b8bda04ff446dcedd42276fc99ee.php 第 29 行.
NOTIC: [8] Undefined index: pid D:\phpStudy\WWW\wangzhan\Runtime\Cache\Home\2a94b8bda04ff446dcedd42276fc99ee.php 第 30 行.
NOTIC: [8] Undefined index: category D:\phpStudy\WWW\wangzhan\Runtime\Cache\Home\2a94b8bda04ff446dcedd42276fc99ee.php 第 30 行.
NOTIC: [8] Undefined index: category D:\phpStudy\WWW\wangzhan\Runtime\Cache\Home\2a94b8bda04ff446dcedd42276fc99ee.php 第 30 行.
NOTIC: [8] Undefined index: pid D:\phpStudy\WWW\wangzhan\Runtime\Cache\Home\2a94b8bda04ff446dcedd42276fc99ee.php 第 31 行.
NOTIC: [8] Undefined index: category D:\phpStudy\WWW\wangzhan\Runtime\Cache\Home\2a94b8bda04ff446dcedd42276fc99ee.php 第 31 行.
NOTIC: [8] Undefined index: category D:\phpStudy\WWW\wangzhan\Runtime\Cache\Home\2a94b8bda04ff446dcedd42276fc99ee.php 第 31 行.
NOTIC: [8] Undefined index: pid D:\phpStudy\WWW\wangzhan\Runtime\Cache\Home\2a94b8bda04ff446dcedd42276fc99ee.php 第 32 行.
NOTIC: [8] Undefined index: category D:\phpStudy\WWW\wangzhan\Runtime\Cache\Home\2a94b8bda04ff446dcedd42276fc99ee.php 第 32 行.
NOTIC: [8] Undefined index: category D:\phpStudy\WWW\wangzhan\Runtime\Cache\Home\2a94b8bda04ff446dcedd42276fc99ee.php 第 32 行.
NOTIC: [8] Undefined index: pid D:\phpStudy\WWW\wangzhan\Runtime\Cache\Home\2a94b8bda04ff446dcedd42276fc99ee.php 第 33 行.
NOTIC: [8] Undefined index: category D:\phpStudy\WWW\wangzhan\Runtime\Cache\Home\2a94b8bda04ff446dcedd42276fc99ee.php 第 33 行.
NOTIC: [8] Undefined index: category D:\phpStudy\WWW\wangzhan\Runtime\Cache\Home\2a94b8bda04ff446dcedd42276fc99ee.php 第 33 行.
INFO: Run Behavior\ParseTemplateBehavior [ RunTime:0.021254s ]
INFO: [ view_parse ] --END-- [ RunTime:0.021294s ]
INFO: [ view_filter ] --START--
INFO: Run Behavior\WriteHtmlCacheBehavior [ RunTime:0.000719s ]
INFO: [ view_filter ] --END-- [ RunTime:0.000747s ]
INFO: [ app_end ] --START--
INFO: Run Behavior\ShowPageTraceBehavior [ RunTime:0.000891s ]
INFO: [ app_end ] --END-- [ RunTime:0.000934s ]

[ 2017-02-07T13:07:05+08:00 ] 127.0.0.1 /wangzhan/index.php?s=/index/volist/pid/1.html
INFO: [ app_init ] --START--
INFO: Run Behavior\BuildLiteBehavior [ RunTime:0.000010s ]
NOTIC: [8] Use of undefined constant NOW_TIME - assumed 'NOW_TIME' D:\phpStudy\WWW\wangzhan\ThinkPHP\Common\functions.php 第 588 行.
NOTIC: [8] Use of undefined constant NOW_TIME - assumed 'NOW_TIME' D:\phpStudy\WWW\wangzhan\ThinkPHP\Common\functions.php 第 588 行.
SQL: SHOW COLUMNS FROM `auc_admin_module` [ RunTime:0.0052s ]
SQL: SELECT `name` FROM `auc_admin_module` WHERE `status` = 1  [ RunTime:0.0002s ]
NOTIC: [8] Use of undefined constant NOW_TIME - assumed 'NOW_TIME' D:\phpStudy\WWW\wangzhan\ThinkPHP\Common\functions.php 第 588 行.
NOTIC: [8] Use of undefined constant NOW_TIME - assumed 'NOW_TIME' D:\phpStudy\WWW\wangzhan\ThinkPHP\Common\functions.php 第 588 行.
SQL: SHOW COLUMNS FROM `auc_admin_config` [ RunTime:0.0071s ]
SQL: SELECT `value` FROM `auc_admin_config` WHERE `name` = 'URL_MODEL' LIMIT 1   [ RunTime:0.0002s ]
SQL: SELECT `value` FROM `auc_admin_config` WHERE `name` = 'APP_SUB_DOMAIN_DEPLOY' LIMIT 1   [ RunTime:0.0002s ]
INFO: Run Common\Behavior\InitModuleBehavior [ RunTime:0.031733s ]
INFO: [ app_init ] --END-- [ RunTime:0.031801s ]
INFO: [ app_begin ] --START--
INFO: Run Behavior\ReadHtmlCacheBehavior [ RunTime:0.001063s ]
INFO: Run Common\Behavior\InitConfigBehavior [ RunTime:0.004725s ]
INFO: [ app_begin ] --END-- [ RunTime:0.005894s ]
INFO: [ action_begin ] --START--
INFO: Run Common\Behavior\InitHookBehavior [ RunTime:0.002179s ]
INFO: [ action_begin ] --END-- [ RunTime:0.002239s ]
SQL: SHOW COLUMNS FROM `auc_article_category` [ RunTime:0.0050s ]
SQL: SELECT `id`,`pid`,`group`,`title`,`url` FROM `auc_article_category` WHERE `status` = 1 AND `group` = 1  [ RunTime:0.0003s ]
SQL: SELECT `id`,`pid`,`group`,`title`,`url`,`doc_type`,`content`,`update_time` FROM `auc_article_category` WHERE `id` = 1 LIMIT 1   [ RunTime:0.0002s ]
SQL: SELECT * FROM `auc_article_category` WHERE `id` = 1 LIMIT 1   [ RunTime:0.0002s ]
SQL: SELECT `id`,`pid`,`group`,`doc_type`,`title`,`url`,`content`,`index_template`,`detail_template`,`post_auth`,`icon`,`create_time`,`update_time`,`sort`,`status` FROM `auc_article_category` WHERE `status` = 1 AND `group` = '1' ORDER BY sort asc, id asc  [ RunTime:0.0006s ]
SQL: SHOW COLUMNS FROM `auc_article_base` [ RunTime:0.0050s ]
SQL: SHOW COLUMNS FROM `auc_article_type` [ RunTime:0.0092s ]
SQL: SELECT * FROM `auc_article_type` WHERE `id` = 3 LIMIT 1   [ RunTime:0.0006s ]
SQL: SELECT * FROM `auc_article_base` INNER JOIN auc_article_article ON auc_article_base.id = auc_article_article.id  WHERE `status` = '1' AND `doc_type` = 3 ORDER BY sort desc,auc_article_base.id desc LIMIT 0,10   [ RunTime:0.0005s ]
SQL: SHOW COLUMNS FROM `auc_article_article` [ RunTime:0.0049s ]
SQL: SHOW COLUMNS FROM `auc_article_base` [ RunTime:0.0071s ]
SQL: SHOW COLUMNS FROM `auc_admin_upload` [ RunTime:0.0053s ]
SQL: SELECT ArticleArticle.id AS id,ArticleArticle.title AS title,ArticleArticle.content AS content,ArticleArticle.cover AS cover,ArticleBase.cid AS cid,ArticleBase.create_time AS create_time,AdminUpload.path AS path FROM auc_article_article ArticleArticle LEFT JOIN auc_article_base ArticleBase ON ArticleArticle.id = ArticleBase.id LEFT JOIN auc_admin_upload AdminUpload ON ArticleArticle.cover = AdminUpload.id WHERE ArticleBase.status <> '-1' AND ArticleBase.cid = '1' ORDER BY ArticleBase.sort desc,ArticleArticle.id desc LIMIT 0,12   [ RunTime:0.0049s ]
SQL: SELECT COUNT(*) AS tp_count FROM auc_article_article ArticleArticle LEFT JOIN auc_article_base ArticleBase ON ArticleArticle.id = ArticleBase.id LEFT JOIN auc_admin_upload AdminUpload ON ArticleArticle.cover = AdminUpload.id WHERE ArticleBase.status <> '-1' AND ArticleBase.cid = '1' LIMIT 1   [ RunTime:0.0004s ]
INFO: [ view_parse ] --START--
INFO: [ template_filter ] --START--
INFO: Run Behavior\ContentReplaceBehavior [ RunTime:0.000098s ]
INFO: [ template_filter ] --END-- [ RunTime:0.000152s ]
NOTIC: [8] Undefined index: category D:\phpStudy\WWW\wangzhan\Runtime\Cache\Home\806d5dbd3cb45b2917635d212b2fb8ea.php 第 26 行.
NOTIC: [8] Undefined index: category D:\phpStudy\WWW\wangzhan\Runtime\Cache\Home\806d5dbd3cb45b2917635d212b2fb8ea.php 第 26 行.
NOTIC: [8] Undefined index: category D:\phpStudy\WWW\wangzhan\Runtime\Cache\Home\806d5dbd3cb45b2917635d212b2fb8ea.php 第 28 行.
NOTIC: [8] Undefined index: category D:\phpStudy\WWW\wangzhan\Runtime\Cache\Home\806d5dbd3cb45b2917635d212b2fb8ea.php 第 28 行.
NOTIC: [8] Undefined index: category D:\phpStudy\WWW\wangzhan\Runtime\Cache\Home\806d5dbd3cb45b2917635d212b2fb8ea.php 第 29 行.
NOTIC: [8] Undefined index: category D:\phpStudy\WWW\wangzhan\Runtime\Cache\Home\806d5dbd3cb45b2917635d212b2fb8ea.php 第 29 行.
NOTIC: [8] Undefined index: category D:\phpStudy\WWW\wangzhan\Runtime\Cache\Home\806d5dbd3cb45b2917635d212b2fb8ea.php 第 30 行.
NOTIC: [8] Undefined index: category D:\phpStudy\WWW\wangzhan\Runtime\Cache\Home\806d5dbd3cb45b2917635d212b2fb8ea.php 第 30 行.
NOTIC: [8] Undefined index: category D:\phpStudy\WWW\wangzhan\Runtime\Cache\Home\806d5dbd3cb45b2917635d212b2fb8ea.php 第 31 行.
NOTIC: [8] Undefined index: category D:\phpStudy\WWW\wangzhan\Runtime\Cache\Home\806d5dbd3cb45b2917635d212b2fb8ea.php 第 31 行.
NOTIC: [8] Undefined index: category D:\phpStudy\WWW\wangzhan\Runtime\Cache\Home\806d5dbd3cb45b2917635d212b2fb8ea.php 第 32 行.
NOTIC: [8] Undefined index: category D:\phpStudy\WWW\wangzhan\Runtime\Cache\Home\806d5dbd3cb45b2917635d212b2fb8ea.php 第 32 行.
NOTIC: [8] Undefined index: creat_time D:\phpStudy\WWW\wangzhan\Runtime\Cache\Home\806d5dbd3cb45b2917635d212b2fb8ea.php 第 83 行.
NOTIC: [8] Undefined index: creat_time D:\phpStudy\WWW\wangzhan\Runtime\Cache\Home\806d5dbd3cb45b2917635d212b2fb8ea.php 第 83 行.
NOTIC: [8] Undefined index: creat_time D:\phpStudy\WWW\wangzhan\Runtime\Cache\Home\806d5dbd3cb45b2917635d212b2fb8ea.php 第 83 行.
NOTIC: [8] Undefined index: creat_time D:\phpStudy\WWW\wangzhan\Runtime\Cache\Home\806d5dbd3cb45b2917635d212b2fb8ea.php 第 83 行.
NOTIC: [8] Undefined index: creat_time D:\phpStudy\WWW\wangzhan\Runtime\Cache\Home\806d5dbd3cb45b2917635d212b2fb8ea.php 第 83 行.
NOTIC: [8] Undefined index: creat_time D:\phpStudy\WWW\wangzhan\Runtime\Cache\Home\806d5dbd3cb45b2917635d212b2fb8ea.php 第 83 行.
INFO: Run Behavior\ParseTemplateBehavior [ RunTime:0.018803s ]
INFO: [ view_parse ] --END-- [ RunTime:0.018843s ]
INFO: [ view_filter ] --START--
INFO: Run Behavior\WriteHtmlCacheBehavior [ RunTime:0.000690s ]
INFO: [ view_filter ] --END-- [ RunTime:0.000717s ]
INFO: [ app_end ] --START--
INFO: Run Behavior\ShowPageTraceBehavior [ RunTime:0.000843s ]
INFO: [ app_end ] --END-- [ RunTime:0.000873s ]

[ 2017-02-07T13:07:10+08:00 ] 127.0.0.1 /wangzhan/index.php?s=/index/volist/pid/20.html
INFO: [ app_init ] --START--
INFO: Run Behavior\BuildLiteBehavior [ RunTime:0.000012s ]
NOTIC: [8] Use of undefined constant NOW_TIME - assumed 'NOW_TIME' D:\phpStudy\WWW\wangzhan\ThinkPHP\Common\functions.php 第 588 行.
NOTIC: [8] Use of undefined constant NOW_TIME - assumed 'NOW_TIME' D:\phpStudy\WWW\wangzhan\ThinkPHP\Common\functions.php 第 588 行.
SQL: SHOW COLUMNS FROM `auc_admin_module` [ RunTime:0.0052s ]
SQL: SELECT `name` FROM `auc_admin_module` WHERE `status` = 1  [ RunTime:0.0003s ]
NOTIC: [8] Use of undefined constant NOW_TIME - assumed 'NOW_TIME' D:\phpStudy\WWW\wangzhan\ThinkPHP\Common\functions.php 第 588 行.
NOTIC: [8] Use of undefined constant NOW_TIME - assumed 'NOW_TIME' D:\phpStudy\WWW\wangzhan\ThinkPHP\Common\functions.php 第 588 行.
SQL: SHOW COLUMNS FROM `auc_admin_config` [ RunTime:0.0054s ]
SQL: SELECT `value` FROM `auc_admin_config` WHERE `name` = 'URL_MODEL' LIMIT 1   [ RunTime:0.0003s ]
SQL: SELECT `value` FROM `auc_admin_config` WHERE `name` = 'APP_SUB_DOMAIN_DEPLOY' LIMIT 1   [ RunTime:0.0002s ]
INFO: Run Common\Behavior\InitModuleBehavior [ RunTime:0.026337s ]
INFO: [ app_init ] --END-- [ RunTime:0.026413s ]
INFO: [ app_begin ] --START--
INFO: Run Behavior\ReadHtmlCacheBehavior [ RunTime:0.000926s ]
INFO: Run Common\Behavior\InitConfigBehavior [ RunTime:0.003927s ]
INFO: [ app_begin ] --END-- [ RunTime:0.004931s ]
INFO: [ action_begin ] --START--
INFO: Run Common\Behavior\InitHookBehavior [ RunTime:0.001840s ]
INFO: [ action_begin ] --END-- [ RunTime:0.001883s ]
SQL: SHOW COLUMNS FROM `auc_article_category` [ RunTime:0.0060s ]
SQL: SELECT `id`,`pid`,`group`,`title`,`url` FROM `auc_article_category` WHERE `status` = 1 AND `group` = 1  [ RunTime:0.0003s ]
SQL: SELECT `id`,`pid`,`group`,`title`,`url`,`doc_type`,`content`,`update_time` FROM `auc_article_category` WHERE `id` = 20 LIMIT 1   [ RunTime:0.0002s ]
SQL: SELECT * FROM `auc_article_category` WHERE `id` = 20 LIMIT 1   [ RunTime:0.0002s ]
SQL: SELECT `id`,`pid`,`group`,`doc_type`,`title`,`url`,`content`,`index_template`,`detail_template`,`post_auth`,`icon`,`create_time`,`update_time`,`sort`,`status` FROM `auc_article_category` WHERE `status` = 1 AND `group` = '1' ORDER BY sort asc, id asc  [ RunTime:0.0005s ]
SQL: SELECT * FROM `auc_article_category` WHERE `id` = 20 LIMIT 1   [ RunTime:0.0002s ]
SQL: SELECT * FROM `auc_article_category` WHERE `id` = 0 LIMIT 1   [ RunTime:0.0002s ]
NOTIC: [8] Undefined variable: field D:\phpStudy\WWW\wangzhan\Application\Article\Model\CategoryModel.class.php 第 153 行.
SQL: SELECT * FROM `auc_article_category` WHERE `status` = 1 AND `pid` = '0' AND `group` = '1' ORDER BY sort asc  [ RunTime:0.0002s ]
SQL: SHOW COLUMNS FROM `auc_article_base` [ RunTime:0.0057s ]
SQL: SHOW COLUMNS FROM `auc_article_type` [ RunTime:0.0055s ]
SQL: SELECT * FROM `auc_article_type` WHERE `id` = 3 LIMIT 1   [ RunTime:0.0003s ]
SQL: SELECT * FROM `auc_article_base` INNER JOIN auc_article_article ON auc_article_base.id = auc_article_article.id  WHERE `status` = '1' AND `doc_type` = 3 ORDER BY sort desc,auc_article_base.id desc LIMIT 0,10   [ RunTime:0.0004s ]
SQL: SHOW COLUMNS FROM `auc_article_article` [ RunTime:0.0055s ]
SQL: SHOW COLUMNS FROM `auc_article_base` [ RunTime:0.0055s ]
SQL: SHOW COLUMNS FROM `auc_admin_upload` [ RunTime:0.0050s ]
SQL: SELECT ArticleArticle.id AS id,ArticleArticle.title AS title,ArticleArticle.content AS content,ArticleArticle.cover AS cover,ArticleBase.cid AS cid,ArticleBase.create_time AS create_time,AdminUpload.path AS path FROM auc_article_article ArticleArticle LEFT JOIN auc_article_base ArticleBase ON ArticleArticle.id = ArticleBase.id LEFT JOIN auc_admin_upload AdminUpload ON ArticleArticle.cover = AdminUpload.id WHERE ArticleBase.status <> '-1' AND ArticleBase.cid = '20' ORDER BY ArticleBase.sort desc,ArticleArticle.id desc LIMIT 0,12   [ RunTime:0.0044s ]
SQL: SELECT COUNT(*) AS tp_count FROM auc_article_article ArticleArticle LEFT JOIN auc_article_base ArticleBase ON ArticleArticle.id = ArticleBase.id LEFT JOIN auc_admin_upload AdminUpload ON ArticleArticle.cover = AdminUpload.id WHERE ArticleBase.status <> '-1' AND ArticleBase.cid = '20' LIMIT 1   [ RunTime:0.0004s ]
INFO: [ view_parse ] --START--
INFO: [ template_filter ] --START--
INFO: Run Behavior\ContentReplaceBehavior [ RunTime:0.000090s ]
INFO: [ template_filter ] --END-- [ RunTime:0.000130s ]
NOTIC: [8] Undefined index: category D:\phpStudy\WWW\wangzhan\Runtime\Cache\Home\806d5dbd3cb45b2917635d212b2fb8ea.php 第 26 行.
NOTIC: [8] Undefined index: category D:\phpStudy\WWW\wangzhan\Runtime\Cache\Home\806d5dbd3cb45b2917635d212b2fb8ea.php 第 26 行.
NOTIC: [8] Undefined index: category D:\phpStudy\WWW\wangzhan\Runtime\Cache\Home\806d5dbd3cb45b2917635d212b2fb8ea.php 第 27 行.
NOTIC: [8] Undefined index: category D:\phpStudy\WWW\wangzhan\Runtime\Cache\Home\806d5dbd3cb45b2917635d212b2fb8ea.php 第 27 行.
NOTIC: [8] Undefined index: category D:\phpStudy\WWW\wangzhan\Runtime\Cache\Home\806d5dbd3cb45b2917635d212b2fb8ea.php 第 28 行.
NOTIC: [8] Undefined index: category D:\phpStudy\WWW\wangzhan\Runtime\Cache\Home\806d5dbd3cb45b2917635d212b2fb8ea.php 第 28 行.
NOTIC: [8] Undefined index: category D:\phpStudy\WWW\wangzhan\Runtime\Cache\Home\806d5dbd3cb45b2917635d212b2fb8ea.php 第 30 行.
NOTIC: [8] Undefined index: category D:\phpStudy\WWW\wangzhan\Runtime\Cache\Home\806d5dbd3cb45b2917635d212b2fb8ea.php 第 30 行.
NOTIC: [8] Undefined index: category D:\phpStudy\WWW\wangzhan\Runtime\Cache\Home\806d5dbd3cb45b2917635d212b2fb8ea.php 第 31 行.
NOTIC: [8] Undefined index: category D:\phpStudy\WWW\wangzhan\Runtime\Cache\Home\806d5dbd3cb45b2917635d212b2fb8ea.php 第 31 行.
NOTIC: [8] Undefined index: category D:\phpStudy\WWW\wangzhan\Runtime\Cache\Home\806d5dbd3cb45b2917635d212b2fb8ea.php 第 32 行.
NOTIC: [8] Undefined index: category D:\phpStudy\WWW\wangzhan\Runtime\Cache\Home\806d5dbd3cb45b2917635d212b2fb8ea.php 第 32 行.
INFO: Run Behavior\ParseTemplateBehavior [ RunTime:0.015899s ]
INFO: [ view_parse ] --END-- [ RunTime:0.015955s ]
INFO: [ view_filter ] --START--
INFO: Run Behavior\WriteHtmlCacheBehavior [ RunTime:0.001010s ]
INFO: [ view_filter ] --END-- [ RunTime:0.001079s ]
INFO: [ app_end ] --START--
INFO: Run Behavior\ShowPageTraceBehavior [ RunTime:0.000926s ]
INFO: [ app_end ] --END-- [ RunTime:0.000959s ]

[ 2017-02-07T13:07:12+08:00 ] 127.0.0.1 /wangzhan/index.php?s=/index/volist/pid/4.html
INFO: [ app_init ] --START--
INFO: Run Behavior\BuildLiteBehavior [ RunTime:0.000010s ]
NOTIC: [8] Use of undefined constant NOW_TIME - assumed 'NOW_TIME' D:\phpStudy\WWW\wangzhan\ThinkPHP\Common\functions.php 第 588 行.
NOTIC: [8] Use of undefined constant NOW_TIME - assumed 'NOW_TIME' D:\phpStudy\WWW\wangzhan\ThinkPHP\Common\functions.php 第 588 行.
SQL: SHOW COLUMNS FROM `auc_admin_module` [ RunTime:0.0071s ]
SQL: SELECT `name` FROM `auc_admin_module` WHERE `status` = 1  [ RunTime:0.0002s ]
NOTIC: [8] Use of undefined constant NOW_TIME - assumed 'NOW_TIME' D:\phpStudy\WWW\wangzhan\ThinkPHP\Common\functions.php 第 588 行.
NOTIC: [8] Use of undefined constant NOW_TIME - assumed 'NOW_TIME' D:\phpStudy\WWW\wangzhan\ThinkPHP\Common\functions.php 第 588 行.
SQL: SHOW COLUMNS FROM `auc_admin_config` [ RunTime:0.0052s ]
SQL: SELECT `value` FROM `auc_admin_config` WHERE `name` = 'URL_MODEL' LIMIT 1   [ RunTime:0.0002s ]
SQL: SELECT `value` FROM `auc_admin_config` WHERE `name` = 'APP_SUB_DOMAIN_DEPLOY' LIMIT 1   [ RunTime:0.0002s ]
INFO: Run Common\Behavior\InitModuleBehavior [ RunTime:0.027822s ]
INFO: [ app_init ] --END-- [ RunTime:0.027895s ]
INFO: [ app_begin ] --START--
INFO: Run Behavior\ReadHtmlCacheBehavior [ RunTime:0.001579s ]
INFO: Run Common\Behavior\InitConfigBehavior [ RunTime:0.004308s ]
INFO: [ app_begin ] --END-- [ RunTime:0.005998s ]
INFO: [ action_begin ] --START--
INFO: Run Common\Behavior\InitHookBehavior [ RunTime:0.001956s ]
INFO: [ action_begin ] --END-- [ RunTime:0.002003s ]
SQL: SHOW COLUMNS FROM `auc_article_category` [ RunTime:0.0068s ]
SQL: SELECT `id`,`pid`,`group`,`title`,`url` FROM `auc_article_category` WHERE `status` = 1 AND `group` = 1  [ RunTime:0.0007s ]
SQL: SELECT `id`,`pid`,`group`,`title`,`url`,`doc_type`,`content`,`update_time` FROM `auc_article_category` WHERE `id` = 4 LIMIT 1   [ RunTime:0.0002s ]
SQL: SELECT * FROM `auc_article_category` WHERE `id` = 4 LIMIT 1   [ RunTime:0.0002s ]
SQL: SELECT `id`,`pid`,`group`,`doc_type`,`title`,`url`,`content`,`index_template`,`detail_template`,`post_auth`,`icon`,`create_time`,`update_time`,`sort`,`status` FROM `auc_article_category` WHERE `status` = 1 AND `group` = '1' ORDER BY sort asc, id asc  [ RunTime:0.0005s ]
SQL: SHOW COLUMNS FROM `auc_article_base` [ RunTime:0.0054s ]
SQL: SHOW COLUMNS FROM `auc_article_type` [ RunTime:0.0071s ]
SQL: SELECT * FROM `auc_article_type` WHERE `id` = 3 LIMIT 1   [ RunTime:0.0002s ]
SQL: SELECT * FROM `auc_article_base` INNER JOIN auc_article_article ON auc_article_base.id = auc_article_article.id  WHERE `status` = '1' AND `doc_type` = 3 ORDER BY sort desc,auc_article_base.id desc LIMIT 0,10   [ RunTime:0.0004s ]
SQL: SHOW COLUMNS FROM `auc_article_article` [ RunTime:0.0052s ]
SQL: SHOW COLUMNS FROM `auc_article_base` [ RunTime:0.0071s ]
SQL: SHOW COLUMNS FROM `auc_admin_upload` [ RunTime:0.0055s ]
SQL: SELECT ArticleArticle.id AS id,ArticleArticle.title AS title,ArticleArticle.content AS content,ArticleArticle.cover AS cover,ArticleBase.cid AS cid,ArticleBase.create_time AS create_time,AdminUpload.path AS path FROM auc_article_article ArticleArticle LEFT JOIN auc_article_base ArticleBase ON ArticleArticle.id = ArticleBase.id LEFT JOIN auc_admin_upload AdminUpload ON ArticleArticle.cover = AdminUpload.id WHERE ArticleBase.status <> '-1' AND ArticleBase.cid = '4' ORDER BY ArticleBase.sort desc,ArticleArticle.id desc LIMIT 0,12   [ RunTime:0.0047s ]
SQL: SELECT COUNT(*) AS tp_count FROM auc_article_article ArticleArticle LEFT JOIN auc_article_base ArticleBase ON ArticleArticle.id = ArticleBase.id LEFT JOIN auc_admin_upload AdminUpload ON ArticleArticle.cover = AdminUpload.id WHERE ArticleBase.status <> '-1' AND ArticleBase.cid = '4' LIMIT 1   [ RunTime:0.0005s ]
INFO: [ view_parse ] --START--
INFO: [ template_filter ] --START--
INFO: Run Behavior\ContentReplaceBehavior [ RunTime:0.000150s ]
INFO: [ template_filter ] --END-- [ RunTime:0.000218s ]
NOTIC: [8] Undefined index: category D:\phpStudy\WWW\wangzhan\Runtime\Cache\Home\806d5dbd3cb45b2917635d212b2fb8ea.php 第 26 行.
NOTIC: [8] Undefined index: category D:\phpStudy\WWW\wangzhan\Runtime\Cache\Home\806d5dbd3cb45b2917635d212b2fb8ea.php 第 26 行.
NOTIC: [8] Undefined index: category D:\phpStudy\WWW\wangzhan\Runtime\Cache\Home\806d5dbd3cb45b2917635d212b2fb8ea.php 第 27 行.
NOTIC: [8] Undefined index: category D:\phpStudy\WWW\wangzhan\Runtime\Cache\Home\806d5dbd3cb45b2917635d212b2fb8ea.php 第 27 行.
NOTIC: [8] Undefined index: category D:\phpStudy\WWW\wangzhan\Runtime\Cache\Home\806d5dbd3cb45b2917635d212b2fb8ea.php 第 29 行.
NOTIC: [8] Undefined index: category D:\phpStudy\WWW\wangzhan\Runtime\Cache\Home\806d5dbd3cb45b2917635d212b2fb8ea.php 第 29 行.
NOTIC: [8] Undefined index: category D:\phpStudy\WWW\wangzhan\Runtime\Cache\Home\806d5dbd3cb45b2917635d212b2fb8ea.php 第 30 行.
NOTIC: [8] Undefined index: category D:\phpStudy\WWW\wangzhan\Runtime\Cache\Home\806d5dbd3cb45b2917635d212b2fb8ea.php 第 30 行.
NOTIC: [8] Undefined index: category D:\phpStudy\WWW\wangzhan\Runtime\Cache\Home\806d5dbd3cb45b2917635d212b2fb8ea.php 第 31 行.
NOTIC: [8] Undefined index: category D:\phpStudy\WWW\wangzhan\Runtime\Cache\Home\806d5dbd3cb45b2917635d212b2fb8ea.php 第 31 行.
NOTIC: [8] Undefined index: category D:\phpStudy\WWW\wangzhan\Runtime\Cache\Home\806d5dbd3cb45b2917635d212b2fb8ea.php 第 32 行.
NOTIC: [8] Undefined index: category D:\phpStudy\WWW\wangzhan\Runtime\Cache\Home\806d5dbd3cb45b2917635d212b2fb8ea.php 第 32 行.
INFO: Run Behavior\ParseTemplateBehavior [ RunTime:0.017902s ]
INFO: [ view_parse ] --END-- [ RunTime:0.017953s ]
INFO: [ view_filter ] --START--
INFO: Run Behavior\WriteHtmlCacheBehavior [ RunTime:0.000769s ]
INFO: [ view_filter ] --END-- [ RunTime:0.000802s ]
INFO: [ app_end ] --START--
INFO: Run Behavior\ShowPageTraceBehavior [ RunTime:0.000849s ]
INFO: [ app_end ] --END-- [ RunTime:0.000876s ]

[ 2017-02-07T13:07:12+08:00 ] 127.0.0.1 /wangzhan/index.php?s=/index/volist/pid/1.html
INFO: [ app_init ] --START--
INFO: Run Behavior\BuildLiteBehavior [ RunTime:0.000011s ]
NOTIC: [8] Use of undefined constant NOW_TIME - assumed 'NOW_TIME' D:\phpStudy\WWW\wangzhan\ThinkPHP\Common\functions.php 第 588 行.
NOTIC: [8] Use of undefined constant NOW_TIME - assumed 'NOW_TIME' D:\phpStudy\WWW\wangzhan\ThinkPHP\Common\functions.php 第 588 行.
SQL: SHOW COLUMNS FROM `auc_admin_module` [ RunTime:0.0049s ]
SQL: SELECT `name` FROM `auc_admin_module` WHERE `status` = 1  [ RunTime:0.0002s ]
NOTIC: [8] Use of undefined constant NOW_TIME - assumed 'NOW_TIME' D:\phpStudy\WWW\wangzhan\ThinkPHP\Common\functions.php 第 588 行.
NOTIC: [8] Use of undefined constant NOW_TIME - assumed 'NOW_TIME' D:\phpStudy\WWW\wangzhan\ThinkPHP\Common\functions.php 第 588 行.
SQL: SHOW COLUMNS FROM `auc_admin_config` [ RunTime:0.0048s ]
SQL: SELECT `value` FROM `auc_admin_config` WHERE `name` = 'URL_MODEL' LIMIT 1   [ RunTime:0.0002s ]
SQL: SELECT `value` FROM `auc_admin_config` WHERE `name` = 'APP_SUB_DOMAIN_DEPLOY' LIMIT 1   [ RunTime:0.0002s ]
INFO: Run Common\Behavior\InitModuleBehavior [ RunTime:0.025350s ]
INFO: [ app_init ] --END-- [ RunTime:0.025415s ]
INFO: [ app_begin ] --START--
INFO: Run Behavior\ReadHtmlCacheBehavior [ RunTime:0.001002s ]
INFO: Run Common\Behavior\InitConfigBehavior [ RunTime:0.003731s ]
INFO: [ app_begin ] --END-- [ RunTime:0.004820s ]
INFO: [ action_begin ] --START--
INFO: Run Common\Behavior\InitHookBehavior [ RunTime:0.001725s ]
INFO: [ action_begin ] --END-- [ RunTime:0.001771s ]
SQL: SHOW COLUMNS FROM `auc_article_category` [ RunTime:0.0056s ]
SQL: SELECT `id`,`pid`,`group`,`title`,`url` FROM `auc_article_category` WHERE `status` = 1 AND `group` = 1  [ RunTime:0.0003s ]
SQL: SELECT `id`,`pid`,`group`,`title`,`url`,`doc_type`,`content`,`update_time` FROM `auc_article_category` WHERE `id` = 1 LIMIT 1   [ RunTime:0.0002s ]
SQL: SELECT * FROM `auc_article_category` WHERE `id` = 1 LIMIT 1   [ RunTime:0.0002s ]
SQL: SELECT `id`,`pid`,`group`,`doc_type`,`title`,`url`,`content`,`index_template`,`detail_template`,`post_auth`,`icon`,`create_time`,`update_time`,`sort`,`status` FROM `auc_article_category` WHERE `status` = 1 AND `group` = '1' ORDER BY sort asc, id asc  [ RunTime:0.0004s ]
SQL: SHOW COLUMNS FROM `auc_article_base` [ RunTime:0.0049s ]
SQL: SHOW COLUMNS FROM `auc_article_type` [ RunTime:0.0061s ]
SQL: SELECT * FROM `auc_article_type` WHERE `id` = 3 LIMIT 1   [ RunTime:0.0002s ]
SQL: SELECT * FROM `auc_article_base` INNER JOIN auc_article_article ON auc_article_base.id = auc_article_article.id  WHERE `status` = '1' AND `doc_type` = 3 ORDER BY sort desc,auc_article_base.id desc LIMIT 0,10   [ RunTime:0.0003s ]
SQL: SHOW COLUMNS FROM `auc_article_article` [ RunTime:0.0050s ]
SQL: SHOW COLUMNS FROM `auc_article_base` [ RunTime:0.0054s ]
SQL: SHOW COLUMNS FROM `auc_admin_upload` [ RunTime:0.0051s ]
SQL: SELECT ArticleArticle.id AS id,ArticleArticle.title AS title,ArticleArticle.content AS content,ArticleArticle.cover AS cover,ArticleBase.cid AS cid,ArticleBase.create_time AS create_time,AdminUpload.path AS path FROM auc_article_article ArticleArticle LEFT JOIN auc_article_base ArticleBase ON ArticleArticle.id = ArticleBase.id LEFT JOIN auc_admin_upload AdminUpload ON ArticleArticle.cover = AdminUpload.id WHERE ArticleBase.status <> '-1' AND ArticleBase.cid = '1' ORDER BY ArticleBase.sort desc,ArticleArticle.id desc LIMIT 0,12   [ RunTime:0.0048s ]
SQL: SELECT COUNT(*) AS tp_count FROM auc_article_article ArticleArticle LEFT JOIN auc_article_base ArticleBase ON ArticleArticle.id = ArticleBase.id LEFT JOIN auc_admin_upload AdminUpload ON ArticleArticle.cover = AdminUpload.id WHERE ArticleBase.status <> '-1' AND ArticleBase.cid = '1' LIMIT 1   [ RunTime:0.0004s ]
INFO: [ view_parse ] --START--
INFO: [ template_filter ] --START--
INFO: Run Behavior\ContentReplaceBehavior [ RunTime:0.000091s ]
INFO: [ template_filter ] --END-- [ RunTime:0.000129s ]
NOTIC: [8] Undefined index: category D:\phpStudy\WWW\wangzhan\Runtime\Cache\Home\806d5dbd3cb45b2917635d212b2fb8ea.php 第 26 行.
NOTIC: [8] Undefined index: category D:\phpStudy\WWW\wangzhan\Runtime\Cache\Home\806d5dbd3cb45b2917635d212b2fb8ea.php 第 26 行.
NOTIC: [8] Undefined index: category D:\phpStudy\WWW\wangzhan\Runtime\Cache\Home\806d5dbd3cb45b2917635d212b2fb8ea.php 第 28 行.
NOTIC: [8] Undefined index: category D:\phpStudy\WWW\wangzhan\Runtime\Cache\Home\806d5dbd3cb45b2917635d212b2fb8ea.php 第 28 行.
NOTIC: [8] Undefined index: category D:\phpStudy\WWW\wangzhan\Runtime\Cache\Home\806d5dbd3cb45b2917635d212b2fb8ea.php 第 29 行.
NOTIC: [8] Undefined index: category D:\phpStudy\WWW\wangzhan\Runtime\Cache\Home\806d5dbd3cb45b2917635d212b2fb8ea.php 第 29 行.
NOTIC: [8] Undefined index: category D:\phpStudy\WWW\wangzhan\Runtime\Cache\Home\806d5dbd3cb45b2917635d212b2fb8ea.php 第 30 行.
NOTIC: [8] Undefined index: category D:\phpStudy\WWW\wangzhan\Runtime\Cache\Home\806d5dbd3cb45b2917635d212b2fb8ea.php 第 30 行.
NOTIC: [8] Undefined index: category D:\phpStudy\WWW\wangzhan\Runtime\Cache\Home\806d5dbd3cb45b2917635d212b2fb8ea.php 第 31 行.
NOTIC: [8] Undefined index: category D:\phpStudy\WWW\wangzhan\Runtime\Cache\Home\806d5dbd3cb45b2917635d212b2fb8ea.php 第 31 行.
NOTIC: [8] Undefined index: category D:\phpStudy\WWW\wangzhan\Runtime\Cache\Home\806d5dbd3cb45b2917635d212b2fb8ea.php 第 32 行.
NOTIC: [8] Undefined index: category D:\phpStudy\WWW\wangzhan\Runtime\Cache\Home\806d5dbd3cb45b2917635d212b2fb8ea.php 第 32 行.
NOTIC: [8] Undefined index: creat_time D:\phpStudy\WWW\wangzhan\Runtime\Cache\Home\806d5dbd3cb45b2917635d212b2fb8ea.php 第 83 行.
NOTIC: [8] Undefined index: creat_time D:\phpStudy\WWW\wangzhan\Runtime\Cache\Home\806d5dbd3cb45b2917635d212b2fb8ea.php 第 83 行.
NOTIC: [8] Undefined index: creat_time D:\phpStudy\WWW\wangzhan\Runtime\Cache\Home\806d5dbd3cb45b2917635d212b2fb8ea.php 第 83 行.
NOTIC: [8] Undefined index: creat_time D:\phpStudy\WWW\wangzhan\Runtime\Cache\Home\806d5dbd3cb45b2917635d212b2fb8ea.php 第 83 行.
NOTIC: [8] Undefined index: creat_time D:\phpStudy\WWW\wangzhan\Runtime\Cache\Home\806d5dbd3cb45b2917635d212b2fb8ea.php 第 83 行.
NOTIC: [8] Undefined index: creat_time D:\phpStudy\WWW\wangzhan\Runtime\Cache\Home\806d5dbd3cb45b2917635d212b2fb8ea.php 第 83 行.
INFO: Run Behavior\ParseTemplateBehavior [ RunTime:0.016193s ]
INFO: [ view_parse ] --END-- [ RunTime:0.016233s ]
INFO: [ view_filter ] --START--
INFO: Run Behavior\WriteHtmlCacheBehavior [ RunTime:0.000760s ]
INFO: [ view_filter ] --END-- [ RunTime:0.000788s ]
INFO: [ app_end ] --START--
INFO: Run Behavior\ShowPageTraceBehavior [ RunTime:0.000870s ]
INFO: [ app_end ] --END-- [ RunTime:0.000899s ]

[ 2017-02-07T13:07:13+08:00 ] 127.0.0.1 /wangzhan/index.php?s=/index/volist/pid/5.html
INFO: [ app_init ] --START--
INFO: Run Behavior\BuildLiteBehavior [ RunTime:0.000011s ]
NOTIC: [8] Use of undefined constant NOW_TIME - assumed 'NOW_TIME' D:\phpStudy\WWW\wangzhan\ThinkPHP\Common\functions.php 第 588 行.
NOTIC: [8] Use of undefined constant NOW_TIME - assumed 'NOW_TIME' D:\phpStudy\WWW\wangzhan\ThinkPHP\Common\functions.php 第 588 行.
SQL: SHOW COLUMNS FROM `auc_admin_module` [ RunTime:0.0064s ]
SQL: SELECT `name` FROM `auc_admin_module` WHERE `status` = 1  [ RunTime:0.0003s ]
NOTIC: [8] Use of undefined constant NOW_TIME - assumed 'NOW_TIME' D:\phpStudy\WWW\wangzhan\ThinkPHP\Common\functions.php 第 588 行.
NOTIC: [8] Use of undefined constant NOW_TIME - assumed 'NOW_TIME' D:\phpStudy\WWW\wangzhan\ThinkPHP\Common\functions.php 第 588 行.
SQL: SHOW COLUMNS FROM `auc_admin_config` [ RunTime:0.0049s ]
SQL: SELECT `value` FROM `auc_admin_config` WHERE `name` = 'URL_MODEL' LIMIT 1   [ RunTime:0.0002s ]
SQL: SELECT `value` FROM `auc_admin_config` WHERE `name` = 'APP_SUB_DOMAIN_DEPLOY' LIMIT 1   [ RunTime:0.0004s ]
INFO: Run Common\Behavior\InitModuleBehavior [ RunTime:0.027284s ]
INFO: [ app_init ] --END-- [ RunTime:0.027377s ]
INFO: [ app_begin ] --START--
INFO: Run Behavior\ReadHtmlCacheBehavior [ RunTime:0.001488s ]
INFO: Run Common\Behavior\InitConfigBehavior [ RunTime:0.003935s ]
INFO: [ app_begin ] --END-- [ RunTime:0.005558s ]
INFO: [ action_begin ] --START--
INFO: Run Common\Behavior\InitHookBehavior [ RunTime:0.001990s ]
INFO: [ action_begin ] --END-- [ RunTime:0.002039s ]
SQL: SHOW COLUMNS FROM `auc_article_category` [ RunTime:0.0075s ]
SQL: SELECT `id`,`pid`,`group`,`title`,`url` FROM `auc_article_category` WHERE `status` = 1 AND `group` = 1  [ RunTime:0.0003s ]
SQL: SELECT `id`,`pid`,`group`,`title`,`url`,`doc_type`,`content`,`update_time` FROM `auc_article_category` WHERE `id` = 5 LIMIT 1   [ RunTime:0.0002s ]
SQL: SELECT * FROM `auc_article_category` WHERE `id` = 5 LIMIT 1   [ RunTime:0.0003s ]
SQL: SELECT `id`,`pid`,`group`,`doc_type`,`title`,`url`,`content`,`index_template`,`detail_template`,`post_auth`,`icon`,`create_time`,`update_time`,`sort`,`status` FROM `auc_article_category` WHERE `status` = 1 AND `group` = '1' ORDER BY sort asc, id asc  [ RunTime:0.0005s ]
SQL: SHOW COLUMNS FROM `auc_article_base` [ RunTime:0.0058s ]
SQL: SHOW COLUMNS FROM `auc_article_type` [ RunTime:0.0056s ]
SQL: SELECT * FROM `auc_article_type` WHERE `id` = 3 LIMIT 1   [ RunTime:0.0003s ]
SQL: SELECT * FROM `auc_article_base` INNER JOIN auc_article_article ON auc_article_base.id = auc_article_article.id  WHERE `status` = '1' AND `doc_type` = 3 ORDER BY sort desc,auc_article_base.id desc LIMIT 0,10   [ RunTime:0.0004s ]
SQL: SHOW COLUMNS FROM `auc_article_article` [ RunTime:0.0068s ]
SQL: SHOW COLUMNS FROM `auc_article_base` [ RunTime:0.0056s ]
SQL: SHOW COLUMNS FROM `auc_admin_upload` [ RunTime:0.0050s ]
SQL: SELECT ArticleArticle.id AS id,ArticleArticle.title AS title,ArticleArticle.content AS content,ArticleArticle.cover AS cover,ArticleBase.cid AS cid,ArticleBase.create_time AS create_time,AdminUpload.path AS path FROM auc_article_article ArticleArticle LEFT JOIN auc_article_base ArticleBase ON ArticleArticle.id = ArticleBase.id LEFT JOIN auc_admin_upload AdminUpload ON ArticleArticle.cover = AdminUpload.id WHERE ArticleBase.status <> '-1' AND ArticleBase.cid = '5' ORDER BY ArticleBase.sort desc,ArticleArticle.id desc LIMIT 0,12   [ RunTime:0.0072s ]
SQL: SELECT COUNT(*) AS tp_count FROM auc_article_article ArticleArticle LEFT JOIN auc_article_base ArticleBase ON ArticleArticle.id = ArticleBase.id LEFT JOIN auc_admin_upload AdminUpload ON ArticleArticle.cover = AdminUpload.id WHERE ArticleBase.status <> '-1' AND ArticleBase.cid = '5' LIMIT 1   [ RunTime:0.0004s ]
INFO: [ view_parse ] --START--
INFO: [ template_filter ] --START--
INFO: Run Behavior\ContentReplaceBehavior [ RunTime:0.000093s ]
INFO: [ template_filter ] --END-- [ RunTime:0.000139s ]
NOTIC: [8] Undefined index: category D:\phpStudy\WWW\wangzhan\Runtime\Cache\Home\806d5dbd3cb45b2917635d212b2fb8ea.php 第 27 行.
NOTIC: [8] Undefined index: category D:\phpStudy\WWW\wangzhan\Runtime\Cache\Home\806d5dbd3cb45b2917635d212b2fb8ea.php 第 27 行.
NOTIC: [8] Undefined index: category D:\phpStudy\WWW\wangzhan\Runtime\Cache\Home\806d5dbd3cb45b2917635d212b2fb8ea.php 第 28 行.
NOTIC: [8] Undefined index: category D:\phpStudy\WWW\wangzhan\Runtime\Cache\Home\806d5dbd3cb45b2917635d212b2fb8ea.php 第 28 行.
NOTIC: [8] Undefined index: category D:\phpStudy\WWW\wangzhan\Runtime\Cache\Home\806d5dbd3cb45b2917635d212b2fb8ea.php 第 29 行.
NOTIC: [8] Undefined index: category D:\phpStudy\WWW\wangzhan\Runtime\Cache\Home\806d5dbd3cb45b2917635d212b2fb8ea.php 第 29 行.
NOTIC: [8] Undefined index: category D:\phpStudy\WWW\wangzhan\Runtime\Cache\Home\806d5dbd3cb45b2917635d212b2fb8ea.php 第 30 行.
NOTIC: [8] Undefined index: category D:\phpStudy\WWW\wangzhan\Runtime\Cache\Home\806d5dbd3cb45b2917635d212b2fb8ea.php 第 30 行.
NOTIC: [8] Undefined index: category D:\phpStudy\WWW\wangzhan\Runtime\Cache\Home\806d5dbd3cb45b2917635d212b2fb8ea.php 第 31 行.
NOTIC: [8] Undefined index: category D:\phpStudy\WWW\wangzhan\Runtime\Cache\Home\806d5dbd3cb45b2917635d212b2fb8ea.php 第 31 行.
NOTIC: [8] Undefined index: category D:\phpStudy\WWW\wangzhan\Runtime\Cache\Home\806d5dbd3cb45b2917635d212b2fb8ea.php 第 32 行.
NOTIC: [8] Undefined index: category D:\phpStudy\WWW\wangzhan\Runtime\Cache\Home\806d5dbd3cb45b2917635d212b2fb8ea.php 第 32 行.
NOTIC: [8] Undefined index: creat_time D:\phpStudy\WWW\wangzhan\Runtime\Cache\Home\806d5dbd3cb45b2917635d212b2fb8ea.php 第 83 行.
NOTIC: [8] Undefined index: creat_time D:\phpStudy\WWW\wangzhan\Runtime\Cache\Home\806d5dbd3cb45b2917635d212b2fb8ea.php 第 83 行.
NOTIC: [8] Undefined index: creat_time D:\phpStudy\WWW\wangzhan\Runtime\Cache\Home\806d5dbd3cb45b2917635d212b2fb8ea.php 第 83 行.
NOTIC: [8] Undefined index: creat_time D:\phpStudy\WWW\wangzhan\Runtime\Cache\Home\806d5dbd3cb45b2917635d212b2fb8ea.php 第 83 行.
NOTIC: [8] Undefined index: creat_time D:\phpStudy\WWW\wangzhan\Runtime\Cache\Home\806d5dbd3cb45b2917635d212b2fb8ea.php 第 83 行.
NOTIC: [8] Undefined index: creat_time D:\phpStudy\WWW\wangzhan\Runtime\Cache\Home\806d5dbd3cb45b2917635d212b2fb8ea.php 第 83 行.
INFO: Run Behavior\ParseTemplateBehavior [ RunTime:0.018141s ]
INFO: [ view_parse ] --END-- [ RunTime:0.018179s ]
INFO: [ view_filter ] --START--
INFO: Run Behavior\WriteHtmlCacheBehavior [ RunTime:0.000719s ]
INFO: [ view_filter ] --END-- [ RunTime:0.000747s ]
INFO: [ app_end ] --START--
INFO: Run Behavior\ShowPageTraceBehavior [ RunTime:0.000875s ]
INFO: [ app_end ] --END-- [ RunTime:0.000904s ]

[ 2017-02-07T13:07:15+08:00 ] 127.0.0.1 /wangzhan/index.php?s=/index/index.html
INFO: [ app_init ] --START--
INFO: Run Behavior\BuildLiteBehavior [ RunTime:0.000010s ]
NOTIC: [8] Use of undefined constant NOW_TIME - assumed 'NOW_TIME' D:\phpStudy\WWW\wangzhan\ThinkPHP\Common\functions.php 第 588 行.
NOTIC: [8] Use of undefined constant NOW_TIME - assumed 'NOW_TIME' D:\phpStudy\WWW\wangzhan\ThinkPHP\Common\functions.php 第 588 行.
SQL: SHOW COLUMNS FROM `auc_admin_module` [ RunTime:0.0054s ]
SQL: SELECT `name` FROM `auc_admin_module` WHERE `status` = 1  [ RunTime:0.0003s ]
NOTIC: [8] Use of undefined constant NOW_TIME - assumed 'NOW_TIME' D:\phpStudy\WWW\wangzhan\ThinkPHP\Common\functions.php 第 588 行.
NOTIC: [8] Use of undefined constant NOW_TIME - assumed 'NOW_TIME' D:\phpStudy\WWW\wangzhan\ThinkPHP\Common\functions.php 第 588 行.
SQL: SHOW COLUMNS FROM `auc_admin_config` [ RunTime:0.0061s ]
SQL: SELECT `value` FROM `auc_admin_config` WHERE `name` = 'URL_MODEL' LIMIT 1   [ RunTime:0.0003s ]
SQL: SELECT `value` FROM `auc_admin_config` WHERE `name` = 'APP_SUB_DOMAIN_DEPLOY' LIMIT 1   [ RunTime:0.0002s ]
INFO: Run Common\Behavior\InitModuleBehavior [ RunTime:0.027443s ]
INFO: [ app_init ] --END-- [ RunTime:0.027514s ]
INFO: [ app_begin ] --START--
INFO: Run Behavior\ReadHtmlCacheBehavior [ RunTime:0.000955s ]
INFO: Run Common\Behavior\InitConfigBehavior [ RunTime:0.003954s ]
INFO: [ app_begin ] --END-- [ RunTime:0.004983s ]
INFO: [ action_begin ] --START--
INFO: Run Common\Behavior\InitHookBehavior [ RunTime:0.001907s ]
INFO: [ action_begin ] --END-- [ RunTime:0.001953s ]
SQL: SHOW COLUMNS FROM `auc_article_article` [ RunTime:0.0052s ]
SQL: SHOW COLUMNS FROM `auc_article_base` [ RunTime:0.0052s ]
SQL: SHOW COLUMNS FROM `auc_admin_upload` [ RunTime:0.0054s ]
SQL: SELECT ArticleArticle.id AS id,ArticleArticle.title AS title,ArticleArticle.content AS content,ArticleArticle.cover AS cover,ArticleBase.cid AS cid,ArticleBase.create_time AS create_time,AdminUpload.path AS path FROM auc_article_article ArticleArticle LEFT JOIN auc_article_base ArticleBase ON ArticleArticle.id = ArticleBase.id LEFT JOIN auc_admin_upload AdminUpload ON ArticleArticle.cover = AdminUpload.id WHERE ArticleBase.status <> '-1' AND ArticleBase.cid = 1 ORDER BY ArticleBase.sort desc,ArticleArticle.id desc LIMIT 6   [ RunTime:0.0048s ]
NOTIC: [8] Undefined variable: data_p D:\phpStudy\WWW\wangzhan\Application\Home\Controller\IndexController.class.php 第 53 行.
SQL: SELECT ArticleArticle.id AS id,ArticleArticle.title AS title,ArticleArticle.content AS content,ArticleArticle.cover AS cover,ArticleBase.cid AS cid,ArticleBase.create_time AS create_time,AdminUpload.path AS path FROM auc_article_article ArticleArticle LEFT JOIN auc_article_base ArticleBase ON ArticleArticle.id = ArticleBase.id LEFT JOIN auc_admin_upload AdminUpload ON ArticleArticle.cover = AdminUpload.id WHERE ArticleBase.status <> '-1' AND ArticleBase.cid = 2 ORDER BY ArticleBase.sort desc,ArticleArticle.id desc LIMIT 9   [ RunTime:0.0053s ]
SQL: SELECT ArticleArticle.id AS id,ArticleArticle.title AS title,ArticleArticle.content AS content,ArticleArticle.cover AS cover,ArticleBase.cid AS cid,ArticleBase.create_time AS create_time,AdminUpload.path AS path FROM auc_article_article ArticleArticle LEFT JOIN auc_article_base ArticleBase ON ArticleArticle.id = ArticleBase.id LEFT JOIN auc_admin_upload AdminUpload ON ArticleArticle.cover = AdminUpload.id WHERE ArticleBase.status <> '-1' AND ArticleBase.cid = 7 ORDER BY ArticleBase.sort desc,ArticleArticle.id desc LIMIT 7   [ RunTime:0.0054s ]
SQL: SELECT ArticleArticle.id AS id,ArticleArticle.title AS title,ArticleArticle.content AS content,ArticleArticle.cover AS cover,ArticleBase.cid AS cid,ArticleBase.create_time AS create_time,AdminUpload.path AS path FROM auc_article_article ArticleArticle LEFT JOIN auc_article_base ArticleBase ON ArticleArticle.id = ArticleBase.id LEFT JOIN auc_admin_upload AdminUpload ON ArticleArticle.cover = AdminUpload.id WHERE ArticleBase.status <> '-1' AND ArticleBase.cid = 8 ORDER BY ArticleBase.sort desc,ArticleArticle.id desc LIMIT 7   [ RunTime:0.0048s ]
SQL: SELECT ArticleArticle.id AS id,ArticleArticle.title AS title,ArticleArticle.content AS content,ArticleArticle.cover AS cover,ArticleBase.cid AS cid,ArticleBase.create_time AS create_time,AdminUpload.path AS path FROM auc_article_article ArticleArticle LEFT JOIN auc_article_base ArticleBase ON ArticleArticle.id = ArticleBase.id LEFT JOIN auc_admin_upload AdminUpload ON ArticleArticle.cover = AdminUpload.id WHERE ArticleBase.status <> '-1' AND ArticleBase.cid = 9 ORDER BY ArticleBase.sort desc,ArticleArticle.id desc LIMIT 7   [ RunTime:0.0048s ]
SQL: SELECT ArticleArticle.id AS id,ArticleArticle.title AS title,ArticleArticle.content AS content,ArticleArticle.cover AS cover,ArticleBase.cid AS cid,ArticleBase.create_time AS create_time,AdminUpload.path AS path FROM auc_article_article ArticleArticle LEFT JOIN auc_article_base ArticleBase ON ArticleArticle.id = ArticleBase.id LEFT JOIN auc_admin_upload AdminUpload ON ArticleArticle.cover = AdminUpload.id WHERE ArticleBase.status <> '-1' AND ArticleBase.cid = 10 ORDER BY ArticleBase.sort desc,ArticleArticle.id desc LIMIT 8   [ RunTime:0.0052s ]
SQL: SHOW COLUMNS FROM `auc_article_base` [ RunTime:0.0050s ]
SQL: SHOW COLUMNS FROM `auc_article_category` [ RunTime:0.0052s ]
SQL: SELECT `id`,`pid`,`group`,`title`,`url` FROM `auc_article_category` WHERE `status` = 1 AND `group` = 1  [ RunTime:0.0003s ]
SQL: SELECT `id`,`pid`,`group`,`title`,`url`,`doc_type`,`content`,`update_time` FROM `auc_article_category` WHERE `id` = 15 LIMIT 1   [ RunTime:0.0002s ]
SQL: SHOW COLUMNS FROM `auc_article_slider` [ RunTime:0.0049s ]
SQL: SELECT * FROM `auc_article_slider` WHERE `status` = 1 ORDER BY sort desc, id desc LIMIT 0,3   [ RunTime:0.0003s ]
SQL: SHOW COLUMNS FROM `auc_admin_upload` [ RunTime:0.0047s ]
SQL: SELECT * FROM `auc_admin_upload` WHERE ( id = 191 ) LIMIT 1   [ RunTime:0.0002s ]
SQL: SELECT * FROM `auc_admin_upload` WHERE ( id = 192 ) LIMIT 1   [ RunTime:0.0001s ]
SQL: SELECT * FROM `auc_admin_upload` WHERE ( id = 193 ) LIMIT 1   [ RunTime:0.0002s ]
SQL: SELECT ArticleArticle.id AS id,ArticleArticle.title AS title,ArticleArticle.content AS content,ArticleArticle.cover AS cover,ArticleBase.cid AS cid,ArticleBase.create_time AS create_time,AdminUpload.path AS path FROM auc_article_article ArticleArticle LEFT JOIN auc_article_base ArticleBase ON ArticleArticle.id = ArticleBase.id LEFT JOIN auc_admin_upload AdminUpload ON ArticleArticle.cover = AdminUpload.id WHERE ArticleBase.status <> '-1' AND ArticleBase.cid = 5 ORDER BY ArticleBase.sort desc,ArticleArticle.id desc LIMIT 6   [ RunTime:0.0063s ]
SQL: SHOW COLUMNS FROM `auc_article_friendly_link` [ RunTime:0.0051s ]
SQL: SELECT * FROM `auc_article_friendly_link` WHERE `status` = '1' ORDER BY sort desc, id desc  [ RunTime:0.0003s ]
SQL: SELECT * FROM `auc_admin_upload` WHERE `id` = 206 LIMIT 1   [ RunTime:0.0002s ]
SQL: SELECT * FROM `auc_admin_upload` WHERE `id` = 207 LIMIT 1   [ RunTime:0.0002s ]
SQL: SELECT * FROM `auc_admin_upload` WHERE `id` = 208 LIMIT 1   [ RunTime:0.0002s ]
SQL: SELECT * FROM `auc_admin_upload` WHERE `id` = 209 LIMIT 1   [ RunTime:0.0002s ]
SQL: SELECT * FROM `auc_admin_upload` WHERE `id` = 210 LIMIT 1   [ RunTime:0.0002s ]
SQL: SELECT * FROM `auc_admin_upload` WHERE `id` = 211 LIMIT 1   [ RunTime:0.0002s ]
SQL: SELECT * FROM `auc_admin_upload` WHERE `id` = 212 LIMIT 1   [ RunTime:0.0002s ]
SQL: SELECT * FROM `auc_admin_upload` WHERE `id` = 213 LIMIT 1   [ RunTime:0.0002s ]
SQL: SELECT * FROM `auc_admin_upload` WHERE `id` = 214 LIMIT 1   [ RunTime:0.0002s ]
SQL: SELECT * FROM `auc_admin_upload` WHERE `id` = 215 LIMIT 1   [ RunTime:0.0002s ]
INFO: [ view_parse ] --START--
INFO: [ template_filter ] --START--
INFO: Run Behavior\ContentReplaceBehavior [ RunTime:0.000177s ]
INFO: [ template_filter ] --END-- [ RunTime:0.000217s ]
NOTIC: [8] Undefined index: pid D:\phpStudy\WWW\wangzhan\Runtime\Cache\Home\2a94b8bda04ff446dcedd42276fc99ee.php 第 26 行.
NOTIC: [8] Undefined index: category D:\phpStudy\WWW\wangzhan\Runtime\Cache\Home\2a94b8bda04ff446dcedd42276fc99ee.php 第 26 行.
NOTIC: [8] Undefined index: pid D:\phpStudy\WWW\wangzhan\Runtime\Cache\Home\2a94b8bda04ff446dcedd42276fc99ee.php 第 27 行.
NOTIC: [8] Undefined variable: group_list D:\phpStudy\WWW\wangzhan\Runtime\Cache\Home\2a94b8bda04ff446dcedd42276fc99ee.php 第 27 行.
NOTIC: [8] Undefined index: category D:\phpStudy\WWW\wangzhan\Runtime\Cache\Home\2a94b8bda04ff446dcedd42276fc99ee.php 第 27 行.
NOTIC: [8] Undefined index: category D:\phpStudy\WWW\wangzhan\Runtime\Cache\Home\2a94b8bda04ff446dcedd42276fc99ee.php 第 27 行.
NOTIC: [8] Undefined index: pid D:\phpStudy\WWW\wangzhan\Runtime\Cache\Home\2a94b8bda04ff446dcedd42276fc99ee.php 第 28 行.
NOTIC: [8] Undefined index: category D:\phpStudy\WWW\wangzhan\Runtime\Cache\Home\2a94b8bda04ff446dcedd42276fc99ee.php 第 28 行.
NOTIC: [8] Undefined index: category D:\phpStudy\WWW\wangzhan\Runtime\Cache\Home\2a94b8bda04ff446dcedd42276fc99ee.php 第 28 行.
NOTIC: [8] Undefined index: pid D:\phpStudy\WWW\wangzhan\Runtime\Cache\Home\2a94b8bda04ff446dcedd42276fc99ee.php 第 29 行.
NOTIC: [8] Undefined index: category D:\phpStudy\WWW\wangzhan\Runtime\Cache\Home\2a94b8bda04ff446dcedd42276fc99ee.php 第 29 行.
NOTIC: [8] Undefined index: category D:\phpStudy\WWW\wangzhan\Runtime\Cache\Home\2a94b8bda04ff446dcedd42276fc99ee.php 第 29 行.
NOTIC: [8] Undefined index: pid D:\phpStudy\WWW\wangzhan\Runtime\Cache\Home\2a94b8bda04ff446dcedd42276fc99ee.php 第 30 行.
NOTIC: [8] Undefined index: category D:\phpStudy\WWW\wangzhan\Runtime\Cache\Home\2a94b8bda04ff446dcedd42276fc99ee.php 第 30 行.
NOTIC: [8] Undefined index: category D:\phpStudy\WWW\wangzhan\Runtime\Cache\Home\2a94b8bda04ff446dcedd42276fc99ee.php 第 30 行.
NOTIC: [8] Undefined index: pid D:\phpStudy\WWW\wangzhan\Runtime\Cache\Home\2a94b8bda04ff446dcedd42276fc99ee.php 第 31 行.
NOTIC: [8] Undefined index: category D:\phpStudy\WWW\wangzhan\Runtime\Cache\Home\2a94b8bda04ff446dcedd42276fc99ee.php 第 31 行.
NOTIC: [8] Undefined index: category D:\phpStudy\WWW\wangzhan\Runtime\Cache\Home\2a94b8bda04ff446dcedd42276fc99ee.php 第 31 行.
NOTIC: [8] Undefined index: pid D:\phpStudy\WWW\wangzhan\Runtime\Cache\Home\2a94b8bda04ff446dcedd42276fc99ee.php 第 32 行.
NOTIC: [8] Undefined index: category D:\phpStudy\WWW\wangzhan\Runtime\Cache\Home\2a94b8bda04ff446dcedd42276fc99ee.php 第 32 行.
NOTIC: [8] Undefined index: category D:\phpStudy\WWW\wangzhan\Runtime\Cache\Home\2a94b8bda04ff446dcedd42276fc99ee.php 第 32 行.
NOTIC: [8] Undefined index: pid D:\phpStudy\WWW\wangzhan\Runtime\Cache\Home\2a94b8bda04ff446dcedd42276fc99ee.php 第 33 行.
NOTIC: [8] Undefined index: category D:\phpStudy\WWW\wangzhan\Runtime\Cache\Home\2a94b8bda04ff446dcedd42276fc99ee.php 第 33 行.
NOTIC: [8] Undefined index: category D:\phpStudy\WWW\wangzhan\Runtime\Cache\Home\2a94b8bda04ff446dcedd42276fc99ee.php 第 33 行.
INFO: Run Behavior\ParseTemplateBehavior [ RunTime:0.035694s ]
INFO: [ view_parse ] --END-- [ RunTime:0.035738s ]
INFO: [ view_filter ] --START--
INFO: Run Behavior\WriteHtmlCacheBehavior [ RunTime:0.000834s ]
INFO: [ view_filter ] --END-- [ RunTime:0.000862s ]
INFO: [ app_end ] --START--
INFO: Run Behavior\ShowPageTraceBehavior [ RunTime:0.001098s ]
INFO: [ app_end ] --END-- [ RunTime:0.001143s ]

