[ 2016-10-17T11:53:25+08:00 ] 127.0.0.1 /index.php?s=/admin/index/removeruntime.html
INFO: [ app_init ] --START--
INFO: Run Behavior\BuildLiteBehavior [ RunTime:0.000000s ]
NOTIC: [8] Use of undefined constant NOW_TIME - assumed 'NOW_TIME' D:\phpStudy\WWW\wangzhan\ThinkPHP\Common\functions.php 第 588 行.
NOTIC: [8] Use of undefined constant NOW_TIME - assumed 'NOW_TIME' D:\phpStudy\WWW\wangzhan\ThinkPHP\Common\functions.php 第 588 行.
SQL: SHOW COLUMNS FROM `auc_admin_module` [ RunTime:0.0050s ]
SQL: SELECT `name` FROM `auc_admin_module` WHERE `status` = 1  [ RunTime:0.0000s ]
NOTIC: [8] Use of undefined constant NOW_TIME - assumed 'NOW_TIME' D:\phpStudy\WWW\wangzhan\ThinkPHP\Common\functions.php 第 588 行.
NOTIC: [8] Use of undefined constant NOW_TIME - assumed 'NOW_TIME' D:\phpStudy\WWW\wangzhan\ThinkPHP\Common\functions.php 第 588 行.
SQL: SHOW COLUMNS FROM `auc_admin_config` [ RunTime:0.0050s ]
SQL: SELECT `value` FROM `auc_admin_config` WHERE `name` = 'URL_MODEL' LIMIT 1   [ RunTime:0.0010s ]
SQL: SELECT `value` FROM `auc_admin_config` WHERE `name` = 'APP_SUB_DOMAIN_DEPLOY' LIMIT 1   [ RunTime:0.0000s ]
INFO: Run Common\Behavior\InitModuleBehavior [ RunTime:0.033002s ]
INFO: [ app_init ] --END-- [ RunTime:0.033002s ]
INFO: [ app_begin ] --START--
INFO: Run Behavior\ReadHtmlCacheBehavior [ RunTime:0.001000s ]
INFO: Run Common\Behavior\InitConfigBehavior [ RunTime:0.013000s ]
INFO: [ app_begin ] --END-- [ RunTime:0.014000s ]
INFO: [ action_begin ] --START--
INFO: Run Common\Behavior\InitHookBehavior [ RunTime:0.007001s ]
INFO: [ action_begin ] --END-- [ RunTime:0.007001s ]
SQL: SHOW COLUMNS FROM `auc_admin_user` [ RunTime:0.0050s ]
SQL: SHOW COLUMNS FROM `auc_admin_group` [ RunTime:0.0050s ]
SQL: SELECT `admin_menu` FROM `auc_admin_module` WHERE `name` = 'Admin' LIMIT 1   [ RunTime:0.0010s ]
NOTIC: [8] Undefined index: url D:\phpStudy\WWW\wangzhan\Application\Admin\Model\ModuleModel.class.php 第 80 行.
NOTIC: [8] Undefined index: url D:\phpStudy\WWW\wangzhan\Application\Admin\Model\ModuleModel.class.php 第 80 行.
NOTIC: [8] Undefined index: url D:\phpStudy\WWW\wangzhan\Application\Admin\Model\ModuleModel.class.php 第 80 行.
NOTIC: [8] Undefined index: url D:\phpStudy\WWW\wangzhan\Application\Admin\Model\ModuleModel.class.php 第 80 行.
NOTIC: [8] Undefined variable: result D:\phpStudy\WWW\wangzhan\Application\Admin\Model\ModuleModel.class.php 第 88 行.
SQL: SHOW COLUMNS FROM `auc_admin_access` [ RunTime:0.0050s ]
SQL: SELECT `group` FROM `auc_admin_access` WHERE `uid` = 1 LIMIT 1   [ RunTime:0.0010s ]
SQL: SHOW COLUMNS FROM `auc_admin_log` [ RunTime:0.0060s ]
SQL: SELECT `admin_menu` FROM `auc_admin_module` WHERE `name` = 'Admin' LIMIT 1   [ RunTime:0.0010s ]
NOTIC: [8] Undefined index: url D:\phpStudy\WWW\wangzhan\Application\Admin\Model\ModuleModel.class.php 第 80 行.
NOTIC: [8] Undefined index: url D:\phpStudy\WWW\wangzhan\Application\Admin\Model\ModuleModel.class.php 第 80 行.
NOTIC: [8] Undefined index: url D:\phpStudy\WWW\wangzhan\Application\Admin\Model\ModuleModel.class.php 第 80 行.
NOTIC: [8] Undefined index: url D:\phpStudy\WWW\wangzhan\Application\Admin\Model\ModuleModel.class.php 第 80 行.
NOTIC: [8] Undefined variable: result D:\phpStudy\WWW\wangzhan\Application\Admin\Model\ModuleModel.class.php 第 88 行.

[ 2016-10-17T12:56:46+08:00 ] 192.168.0.94 /index.php?s=/admin/index/index.html
INFO: [ app_init ] --START--
INFO: Run Behavior\BuildLiteBehavior [ RunTime:0.000000s ]
NOTIC: [8] Use of undefined constant NOW_TIME - assumed 'NOW_TIME' D:\phpStudy\WWW\wangzhan\ThinkPHP\Common\functions.php 第 588 行.
NOTIC: [8] Use of undefined constant NOW_TIME - assumed 'NOW_TIME' D:\phpStudy\WWW\wangzhan\ThinkPHP\Common\functions.php 第 588 行.
SQL: SHOW COLUMNS FROM `auc_admin_module` [ RunTime:0.0310s ]
SQL: SELECT `name` FROM `auc_admin_module` WHERE `status` = 1  [ RunTime:0.0000s ]
NOTIC: [8] Use of undefined constant NOW_TIME - assumed 'NOW_TIME' D:\phpStudy\WWW\wangzhan\ThinkPHP\Common\functions.php 第 588 行.
NOTIC: [8] Use of undefined constant NOW_TIME - assumed 'NOW_TIME' D:\phpStudy\WWW\wangzhan\ThinkPHP\Common\functions.php 第 588 行.
SQL: SHOW COLUMNS FROM `auc_admin_config` [ RunTime:0.0190s ]
SQL: SELECT `value` FROM `auc_admin_config` WHERE `name` = 'URL_MODEL' LIMIT 1   [ RunTime:0.0000s ]
SQL: SELECT `value` FROM `auc_admin_config` WHERE `name` = 'APP_SUB_DOMAIN_DEPLOY' LIMIT 1   [ RunTime:0.0000s ]
INFO: Run Common\Behavior\InitModuleBehavior [ RunTime:0.182010s ]
INFO: [ app_init ] --END-- [ RunTime:0.182010s ]
INFO: [ app_begin ] --START--
INFO: Run Behavior\ReadHtmlCacheBehavior [ RunTime:0.011001s ]
SQL: SELECT `name`,`value`,`type` FROM `auc_admin_config` WHERE `status` = 1  [ RunTime:0.0010s ]
SQL: SELECT * FROM `auc_admin_module` WHERE `status` = 1  [ RunTime:0.0020s ]
NOTIC: [8] Undefined index: taglib D:\phpStudy\WWW\wangzhan\Application\Common\Behavior\InitConfigBehavior.class.php 第 56 行.
NOTIC: [8] Undefined index: behavior D:\phpStudy\WWW\wangzhan\Application\Common\Behavior\InitConfigBehavior.class.php 第 63 行.
NOTIC: [8] Undefined index: behavior D:\phpStudy\WWW\wangzhan\Application\Common\Behavior\InitConfigBehavior.class.php 第 63 行.
SQL: SHOW COLUMNS FROM `auc_admin_theme` [ RunTime:0.0340s ]
SQL: SELECT * FROM `auc_admin_theme` WHERE `current` = 1 ORDER BY id asc LIMIT 1   [ RunTime:0.0010s ]
SQL: SHOW COLUMNS FROM `auc_admin_hook` [ RunTime:0.0120s ]
SQL: SELECT `addons` FROM `auc_admin_hook` WHERE `name` = 'FormBuilderExtend' LIMIT 1   [ RunTime:0.0010s ]
SQL: SHOW COLUMNS FROM `auc_admin_addon` [ RunTime:0.0090s ]
SQL: SELECT `config` FROM `auc_admin_addon` WHERE `name` = '' LIMIT 1   [ RunTime:0.0000s ]
INFO: Run Common\Behavior\InitConfigBehavior [ RunTime:0.132007s ]
INFO: [ app_begin ] --END-- [ RunTime:0.143008s ]
INFO: [ action_begin ] --START--
SQL: SELECT `name`,`addons` FROM `auc_admin_hook`  [ RunTime:0.0000s ]
SQL: SELECT `id`,`name` FROM `auc_admin_addon` WHERE `status` = 1 AND `name` IN ('后台首页小工具')  [ RunTime:0.0000s ]
SQL: SELECT `id`,`name` FROM `auc_admin_addon` WHERE `status` = 1 AND `name` IN ('ReturnTop')  [ RunTime:0.0000s ]
SQL: SELECT `id`,`name` FROM `auc_admin_addon` WHERE `status` = 1 AND `name` IN ('BaiduShare')  [ RunTime:0.0010s ]
SQL: SELECT `id`,`name` FROM `auc_admin_addon` WHERE `status` = 1 AND `name` IN ('SocialComment')  [ RunTime:0.0000s ]
INFO: Run Common\Behavior\InitHookBehavior [ RunTime:0.004000s ]
INFO: [ action_begin ] --END-- [ RunTime:0.004000s ]
SQL: SHOW COLUMNS FROM `auc_admin_user` [ RunTime:0.0060s ]
SQL: SHOW COLUMNS FROM `auc_admin_module` [ RunTime:0.0050s ]
SQL: SELECT * FROM `auc_admin_module` WHERE `status` = 1 ORDER BY sort asc, id asc  [ RunTime:0.0010s ]
SQL: SHOW COLUMNS FROM `auc_admin_access` [ RunTime:0.0060s ]
SQL: SELECT `group` FROM `auc_admin_access` WHERE `uid` = 1 LIMIT 1   [ RunTime:0.0000s ]
SQL: SHOW COLUMNS FROM `auc_admin_group` [ RunTime:0.0060s ]
SQL: SELECT * FROM `auc_admin_group` WHERE `id` = 1 LIMIT 1   [ RunTime:0.0000s ]
NOTIC: [8] Undefined index: top D:\phpStudy\WWW\wangzhan\Application\Admin\Controller\IndexController.class.php 第 62 行.
NOTIC: [8] Undefined index: top D:\phpStudy\WWW\wangzhan\Application\Admin\Controller\IndexController.class.php 第 62 行.
SQL: SHOW COLUMNS FROM `auc_admin_link` [ RunTime:0.0050s ]
SQL: SELECT * FROM `auc_admin_link` WHERE `status` = 1 ORDER BY sort asc, id asc  [ RunTime:0.0000s ]
INFO: [ view_parse ] --START--
INFO: [ template_filter ] --START--
INFO: Run Behavior\ContentReplaceBehavior [ RunTime:0.000000s ]
INFO: [ template_filter ] --END-- [ RunTime:0.001000s ]
NOTIC: [8] Undefined variable: meta_keywords D:\phpStudy\WWW\wangzhan\Runtime\Cache\Admin\b595b808c2ebeeeb0478ffc30bb4e87a.php 第 9 行.
NOTIC: [8] Undefined variable: meta_description D:\phpStudy\WWW\wangzhan\Runtime\Cache\Admin\b595b808c2ebeeeb0478ffc30bb4e87a.php 第 10 行.
NOTIC: [2] Missing argument 2 for get_cover(), called in D:\phpStudy\WWW\wangzhan\Runtime\Cache\Admin\b595b808c2ebeeeb0478ffc30bb4e87a.php on line 48 and defined D:\phpStudy\WWW\wangzhan\Application\Common\Common\function.php 第 302 行.
SQL: SHOW COLUMNS FROM `auc_admin_upload` [ RunTime:0.0060s ]
SQL: SELECT * FROM `auc_admin_upload` WHERE `id` = 189 LIMIT 1   [ RunTime:0.0010s ]
NOTIC: [8] Undefined variable: _link_list D:\phpStudy\WWW\wangzhan\Runtime\Cache\Admin\b595b808c2ebeeeb0478ffc30bb4e87a.php 第 99 行.
SQL: select version() as v; [ RunTime:0.0000s ]
INFO: Run Behavior\ParseTemplateBehavior [ RunTime:0.100006s ]
INFO: [ view_parse ] --END-- [ RunTime:0.100006s ]
INFO: [ view_filter ] --START--
INFO: Run Behavior\WriteHtmlCacheBehavior [ RunTime:0.001000s ]
INFO: [ view_filter ] --END-- [ RunTime:0.001000s ]
INFO: [ app_end ] --START--
INFO: Run Behavior\ShowPageTraceBehavior [ RunTime:0.001000s ]
INFO: [ app_end ] --END-- [ RunTime:0.001000s ]

[ 2016-10-17T13:04:34+08:00 ] 127.0.0.1 /index.php?s=/admin/index/index.html
INFO: [ app_init ] --START--
INFO: Run Behavior\BuildLiteBehavior [ RunTime:0.000000s ]
NOTIC: [8] Use of undefined constant NOW_TIME - assumed 'NOW_TIME' D:\phpStudy\WWW\wangzhan\ThinkPHP\Common\functions.php 第 588 行.
NOTIC: [8] Use of undefined constant NOW_TIME - assumed 'NOW_TIME' D:\phpStudy\WWW\wangzhan\ThinkPHP\Common\functions.php 第 588 行.
SQL: SHOW COLUMNS FROM `auc_admin_module` [ RunTime:0.0040s ]
SQL: SELECT `name` FROM `auc_admin_module` WHERE `status` = 1  [ RunTime:0.0000s ]
NOTIC: [8] Use of undefined constant NOW_TIME - assumed 'NOW_TIME' D:\phpStudy\WWW\wangzhan\ThinkPHP\Common\functions.php 第 588 行.
NOTIC: [8] Use of undefined constant NOW_TIME - assumed 'NOW_TIME' D:\phpStudy\WWW\wangzhan\ThinkPHP\Common\functions.php 第 588 行.
SQL: SHOW COLUMNS FROM `auc_admin_config` [ RunTime:0.0050s ]
SQL: SELECT `value` FROM `auc_admin_config` WHERE `name` = 'URL_MODEL' LIMIT 1   [ RunTime:0.0000s ]
SQL: SELECT `value` FROM `auc_admin_config` WHERE `name` = 'APP_SUB_DOMAIN_DEPLOY' LIMIT 1   [ RunTime:0.0010s ]
INFO: Run Common\Behavior\InitModuleBehavior [ RunTime:0.024002s ]
INFO: [ app_init ] --END-- [ RunTime:0.025002s ]
INFO: [ app_begin ] --START--
INFO: Run Behavior\ReadHtmlCacheBehavior [ RunTime:0.000000s ]
INFO: Run Common\Behavior\InitConfigBehavior [ RunTime:0.003000s ]
INFO: [ app_begin ] --END-- [ RunTime:0.003000s ]
INFO: [ action_begin ] --START--
INFO: Run Common\Behavior\InitHookBehavior [ RunTime:0.001000s ]
INFO: [ action_begin ] --END-- [ RunTime:0.001000s ]
SQL: SHOW COLUMNS FROM `auc_admin_user` [ RunTime:0.0060s ]
SQL: SHOW COLUMNS FROM `auc_admin_module` [ RunTime:0.0040s ]
SQL: SELECT * FROM `auc_admin_module` WHERE `status` = 1 ORDER BY sort asc, id asc  [ RunTime:0.0010s ]
SQL: SHOW COLUMNS FROM `auc_admin_access` [ RunTime:0.0050s ]
SQL: SELECT `group` FROM `auc_admin_access` WHERE `uid` = 1 LIMIT 1   [ RunTime:0.0000s ]
SQL: SHOW COLUMNS FROM `auc_admin_group` [ RunTime:0.0050s ]
SQL: SELECT * FROM `auc_admin_group` WHERE `id` = 1 LIMIT 1   [ RunTime:0.0000s ]
NOTIC: [8] Undefined index: top D:\phpStudy\WWW\wangzhan\Application\Admin\Controller\IndexController.class.php 第 62 行.
NOTIC: [8] Undefined index: top D:\phpStudy\WWW\wangzhan\Application\Admin\Controller\IndexController.class.php 第 62 行.
SQL: SHOW COLUMNS FROM `auc_admin_link` [ RunTime:0.0040s ]
SQL: SELECT * FROM `auc_admin_link` WHERE `status` = 1 ORDER BY sort asc, id asc  [ RunTime:0.0000s ]
INFO: [ view_parse ] --START--
INFO: [ template_filter ] --START--
INFO: Run Behavior\ContentReplaceBehavior [ RunTime:0.000000s ]
INFO: [ template_filter ] --END-- [ RunTime:0.000000s ]
NOTIC: [8] Undefined variable: meta_keywords D:\phpStudy\WWW\wangzhan\Runtime\Cache\Admin\b595b808c2ebeeeb0478ffc30bb4e87a.php 第 9 行.
NOTIC: [8] Undefined variable: meta_description D:\phpStudy\WWW\wangzhan\Runtime\Cache\Admin\b595b808c2ebeeeb0478ffc30bb4e87a.php 第 10 行.
NOTIC: [2] Missing argument 2 for get_cover(), called in D:\phpStudy\WWW\wangzhan\Runtime\Cache\Admin\b595b808c2ebeeeb0478ffc30bb4e87a.php on line 48 and defined D:\phpStudy\WWW\wangzhan\Application\Common\Common\function.php 第 302 行.
SQL: SHOW COLUMNS FROM `auc_admin_upload` [ RunTime:0.0050s ]
SQL: SELECT * FROM `auc_admin_upload` WHERE `id` = 189 LIMIT 1   [ RunTime:0.0000s ]
NOTIC: [8] Undefined variable: _link_list D:\phpStudy\WWW\wangzhan\Runtime\Cache\Admin\b595b808c2ebeeeb0478ffc30bb4e87a.php 第 99 行.
SQL: select version() as v; [ RunTime:0.0010s ]
INFO: Run Behavior\ParseTemplateBehavior [ RunTime:0.034001s ]
INFO: [ view_parse ] --END-- [ RunTime:0.034001s ]
INFO: [ view_filter ] --START--
INFO: Run Behavior\WriteHtmlCacheBehavior [ RunTime:0.001001s ]
INFO: [ view_filter ] --END-- [ RunTime:0.001001s ]
INFO: [ app_end ] --START--
INFO: Run Behavior\ShowPageTraceBehavior [ RunTime:0.001000s ]
INFO: [ app_end ] --END-- [ RunTime:0.001000s ]

[ 2016-10-17T13:07:51+08:00 ] 192.168.0.94 /index.php?s=/admin/index/index.html
INFO: [ app_init ] --START--
INFO: Run Behavior\BuildLiteBehavior [ RunTime:0.000000s ]
NOTIC: [8] Use of undefined constant NOW_TIME - assumed 'NOW_TIME' D:\phpStudy\WWW\wangzhan\ThinkPHP\Common\functions.php 第 588 行.
NOTIC: [8] Use of undefined constant NOW_TIME - assumed 'NOW_TIME' D:\phpStudy\WWW\wangzhan\ThinkPHP\Common\functions.php 第 588 行.
SQL: SHOW COLUMNS FROM `auc_admin_module` [ RunTime:0.0050s ]
SQL: SELECT `name` FROM `auc_admin_module` WHERE `status` = 1  [ RunTime:0.0010s ]
NOTIC: [8] Use of undefined constant NOW_TIME - assumed 'NOW_TIME' D:\phpStudy\WWW\wangzhan\ThinkPHP\Common\functions.php 第 588 行.
NOTIC: [8] Use of undefined constant NOW_TIME - assumed 'NOW_TIME' D:\phpStudy\WWW\wangzhan\ThinkPHP\Common\functions.php 第 588 行.
SQL: SHOW COLUMNS FROM `auc_admin_config` [ RunTime:0.0050s ]
SQL: SELECT `value` FROM `auc_admin_config` WHERE `name` = 'URL_MODEL' LIMIT 1   [ RunTime:0.0000s ]
SQL: SELECT `value` FROM `auc_admin_config` WHERE `name` = 'APP_SUB_DOMAIN_DEPLOY' LIMIT 1   [ RunTime:0.0010s ]
INFO: Run Common\Behavior\InitModuleBehavior [ RunTime:0.031001s ]
INFO: [ app_init ] --END-- [ RunTime:0.031001s ]
INFO: [ app_begin ] --START--
INFO: Run Behavior\ReadHtmlCacheBehavior [ RunTime:0.001001s ]
INFO: Run Common\Behavior\InitConfigBehavior [ RunTime:0.003000s ]
INFO: [ app_begin ] --END-- [ RunTime:0.004001s ]
INFO: [ action_begin ] --START--
INFO: Run Common\Behavior\InitHookBehavior [ RunTime:0.002000s ]
INFO: [ action_begin ] --END-- [ RunTime:0.002000s ]
SQL: SHOW COLUMNS FROM `auc_admin_user` [ RunTime:0.0050s ]
SQL: SHOW COLUMNS FROM `auc_admin_module` [ RunTime:0.0050s ]
SQL: SELECT * FROM `auc_admin_module` WHERE `status` = 1 ORDER BY sort asc, id asc  [ RunTime:0.0010s ]
SQL: SHOW COLUMNS FROM `auc_admin_access` [ RunTime:0.0040s ]
SQL: SELECT `group` FROM `auc_admin_access` WHERE `uid` = 1 LIMIT 1   [ RunTime:0.0000s ]
SQL: SHOW COLUMNS FROM `auc_admin_group` [ RunTime:0.0050s ]
SQL: SELECT * FROM `auc_admin_group` WHERE `id` = 1 LIMIT 1   [ RunTime:0.0010s ]
NOTIC: [8] Undefined index: top D:\phpStudy\WWW\wangzhan\Application\Admin\Controller\IndexController.class.php 第 62 行.
NOTIC: [8] Undefined index: top D:\phpStudy\WWW\wangzhan\Application\Admin\Controller\IndexController.class.php 第 62 行.
SQL: SHOW COLUMNS FROM `auc_admin_link` [ RunTime:0.0040s ]
SQL: SELECT * FROM `auc_admin_link` WHERE `status` = 1 ORDER BY sort asc, id asc  [ RunTime:0.0000s ]
INFO: [ view_parse ] --START--
INFO: [ template_filter ] --START--
INFO: Run Behavior\ContentReplaceBehavior [ RunTime:0.001000s ]
INFO: [ template_filter ] --END-- [ RunTime:0.001000s ]
NOTIC: [8] Undefined variable: meta_keywords D:\phpStudy\WWW\wangzhan\Runtime\Cache\Admin\b595b808c2ebeeeb0478ffc30bb4e87a.php 第 9 行.
NOTIC: [8] Undefined variable: meta_description D:\phpStudy\WWW\wangzhan\Runtime\Cache\Admin\b595b808c2ebeeeb0478ffc30bb4e87a.php 第 10 行.
NOTIC: [2] Missing argument 2 for get_cover(), called in D:\phpStudy\WWW\wangzhan\Runtime\Cache\Admin\b595b808c2ebeeeb0478ffc30bb4e87a.php on line 48 and defined D:\phpStudy\WWW\wangzhan\Application\Common\Common\function.php 第 302 行.
SQL: SHOW COLUMNS FROM `auc_admin_upload` [ RunTime:0.0050s ]
SQL: SELECT * FROM `auc_admin_upload` WHERE `id` = 189 LIMIT 1   [ RunTime:0.0010s ]
NOTIC: [8] Undefined variable: _link_list D:\phpStudy\WWW\wangzhan\Runtime\Cache\Admin\b595b808c2ebeeeb0478ffc30bb4e87a.php 第 99 行.
SQL: select version() as v; [ RunTime:0.0010s ]
INFO: Run Behavior\ParseTemplateBehavior [ RunTime:0.033002s ]
INFO: [ view_parse ] --END-- [ RunTime:0.033002s ]
INFO: [ view_filter ] --START--
INFO: Run Behavior\WriteHtmlCacheBehavior [ RunTime:0.001000s ]
INFO: [ view_filter ] --END-- [ RunTime:0.001000s ]
INFO: [ app_end ] --START--
INFO: Run Behavior\ShowPageTraceBehavior [ RunTime:0.001000s ]
INFO: [ app_end ] --END-- [ RunTime:0.001000s ]

[ 2016-10-17T13:30:37+08:00 ] 192.168.0.94 /index.php?s=/admin/upload/upload/dir/image.html
INFO: [ app_init ] --START--
INFO: Run Behavior\BuildLiteBehavior [ RunTime:0.000000s ]
NOTIC: [8] Use of undefined constant NOW_TIME - assumed 'NOW_TIME' D:\phpStudy\WWW\wangzhan\ThinkPHP\Common\functions.php 第 588 行.
NOTIC: [8] Use of undefined constant NOW_TIME - assumed 'NOW_TIME' D:\phpStudy\WWW\wangzhan\ThinkPHP\Common\functions.php 第 588 行.
SQL: SHOW COLUMNS FROM `auc_admin_module` [ RunTime:0.0060s ]
SQL: SELECT `name` FROM `auc_admin_module` WHERE `status` = 1  [ RunTime:0.0010s ]
NOTIC: [8] Use of undefined constant NOW_TIME - assumed 'NOW_TIME' D:\phpStudy\WWW\wangzhan\ThinkPHP\Common\functions.php 第 588 行.
NOTIC: [8] Use of undefined constant NOW_TIME - assumed 'NOW_TIME' D:\phpStudy\WWW\wangzhan\ThinkPHP\Common\functions.php 第 588 行.
SQL: SHOW COLUMNS FROM `auc_admin_config` [ RunTime:0.0050s ]
SQL: SELECT `value` FROM `auc_admin_config` WHERE `name` = 'URL_MODEL' LIMIT 1   [ RunTime:0.0000s ]
SQL: SELECT `value` FROM `auc_admin_config` WHERE `name` = 'APP_SUB_DOMAIN_DEPLOY' LIMIT 1   [ RunTime:0.0000s ]
INFO: Run Common\Behavior\InitModuleBehavior [ RunTime:0.021001s ]
INFO: [ app_init ] --END-- [ RunTime:0.021001s ]
INFO: [ app_begin ] --START--
INFO: Run Behavior\ReadHtmlCacheBehavior [ RunTime:0.000000s ]
INFO: Run Common\Behavior\InitConfigBehavior [ RunTime:0.020001s ]
INFO: [ app_begin ] --END-- [ RunTime:0.020001s ]
NOTIC: [2048] Declaration of Admin\Controller\UploadController::setStatus() should be compatible with Admin\Controller\AdminController::setStatus($model = Admin\Controller\CONTROLLER_NAME, $script = false) D:\phpStudy\WWW\wangzhan\Application\Admin\Controller\UploadController.class.php 第 17 行.
INFO: [ action_begin ] --START--
INFO: Run Common\Behavior\InitHookBehavior [ RunTime:0.010001s ]
INFO: [ action_begin ] --END-- [ RunTime:0.010001s ]
SQL: SHOW COLUMNS FROM `auc_admin_user` [ RunTime:0.0050s ]
SQL: SHOW COLUMNS FROM `auc_admin_group` [ RunTime:0.0050s ]
SQL: SELECT `admin_menu` FROM `auc_admin_module` WHERE `name` = 'Admin' LIMIT 1   [ RunTime:0.0000s ]
NOTIC: [8] Undefined index: url D:\phpStudy\WWW\wangzhan\Application\Admin\Model\ModuleModel.class.php 第 80 行.
NOTIC: [8] Undefined index: url D:\phpStudy\WWW\wangzhan\Application\Admin\Model\ModuleModel.class.php 第 80 行.
NOTIC: [8] Undefined index: url D:\phpStudy\WWW\wangzhan\Application\Admin\Model\ModuleModel.class.php 第 80 行.
NOTIC: [8] Undefined index: url D:\phpStudy\WWW\wangzhan\Application\Admin\Model\ModuleModel.class.php 第 80 行.
SQL: SHOW COLUMNS FROM `auc_admin_access` [ RunTime:0.0060s ]
SQL: SELECT `group` FROM `auc_admin_access` WHERE `uid` = 1 LIMIT 1   [ RunTime:0.0000s ]
SQL: SHOW COLUMNS FROM `auc_admin_log` [ RunTime:0.0060s ]
SQL: SELECT `admin_menu` FROM `auc_admin_module` WHERE `name` = 'Admin' LIMIT 1   [ RunTime:0.0010s ]
NOTIC: [8] Undefined index: url D:\phpStudy\WWW\wangzhan\Application\Admin\Model\ModuleModel.class.php 第 80 行.
NOTIC: [8] Undefined index: url D:\phpStudy\WWW\wangzhan\Application\Admin\Model\ModuleModel.class.php 第 80 行.
NOTIC: [8] Undefined index: url D:\phpStudy\WWW\wangzhan\Application\Admin\Model\ModuleModel.class.php 第 80 行.
NOTIC: [8] Undefined index: url D:\phpStudy\WWW\wangzhan\Application\Admin\Model\ModuleModel.class.php 第 80 行.
SQL: INSERT INTO `auc_admin_log` (`menu_url`,`menu_name`,`uid`,`username`,`add_time`,`key`) VALUES ('Admin/Upload/upload','上传文件','1','admin','1476682237','/index.php?s=/admin/upload/upload/dir/image.html') [ RunTime:0.0000s ]
SQL: SHOW COLUMNS FROM `auc_admin_upload` [ RunTime:0.0060s ]
NOTIC: [2] Missing argument 1 for Admin\Model\UploadModel::upload(), called in D:\phpStudy\WWW\wangzhan\Application\Admin\Controller\UploadController.class.php on line 117 and defined D:\phpStudy\WWW\wangzhan\Application\Admin\Model\UploadModel.class.php 第 140 行.
NOTIC: [8] Undefined variable: files D:\phpStudy\WWW\wangzhan\Application\Admin\Model\UploadModel.class.php 第 142 行.
NOTIC: [8] Undefined index: temp D:\phpStudy\WWW\wangzhan\Application\Admin\Model\UploadModel.class.php 第 159 行.
SQL: SELECT * FROM `auc_admin_upload` WHERE `md5` = '26546cdede4c492cdf3aca2bb671202c' AND `sha1` = '646f59da9fc6d0952613cb442c95a9eadb79a401' AND `size` = 2983 LIMIT 1   [ RunTime:0.0000s ]

[ 2016-10-17T13:51:32+08:00 ] 127.0.0.1 /index.php?s=/admin/index/index.html
INFO: [ app_init ] --START--
INFO: Run Behavior\BuildLiteBehavior [ RunTime:0.000000s ]
NOTIC: [8] Use of undefined constant NOW_TIME - assumed 'NOW_TIME' D:\phpStudy\WWW\wangzhan\ThinkPHP\Common\functions.php 第 588 行.
NOTIC: [8] Use of undefined constant NOW_TIME - assumed 'NOW_TIME' D:\phpStudy\WWW\wangzhan\ThinkPHP\Common\functions.php 第 588 行.
SQL: SHOW COLUMNS FROM `auc_admin_module` [ RunTime:0.0070s ]
SQL: SELECT `name` FROM `auc_admin_module` WHERE `status` = 1  [ RunTime:0.0000s ]
NOTIC: [8] Use of undefined constant NOW_TIME - assumed 'NOW_TIME' D:\phpStudy\WWW\wangzhan\ThinkPHP\Common\functions.php 第 588 行.
NOTIC: [8] Use of undefined constant NOW_TIME - assumed 'NOW_TIME' D:\phpStudy\WWW\wangzhan\ThinkPHP\Common\functions.php 第 588 行.
SQL: SHOW COLUMNS FROM `auc_admin_config` [ RunTime:0.0050s ]
SQL: SELECT `value` FROM `auc_admin_config` WHERE `name` = 'URL_MODEL' LIMIT 1   [ RunTime:0.0010s ]
SQL: SELECT `value` FROM `auc_admin_config` WHERE `name` = 'APP_SUB_DOMAIN_DEPLOY' LIMIT 1   [ RunTime:0.0000s ]
INFO: Run Common\Behavior\InitModuleBehavior [ RunTime:0.024001s ]
INFO: [ app_init ] --END-- [ RunTime:0.024001s ]
INFO: [ app_begin ] --START--
INFO: Run Behavior\ReadHtmlCacheBehavior [ RunTime:0.001000s ]
INFO: Run Common\Behavior\InitConfigBehavior [ RunTime:0.015001s ]
INFO: [ app_begin ] --END-- [ RunTime:0.016001s ]
INFO: [ action_begin ] --START--
INFO: Run Common\Behavior\InitHookBehavior [ RunTime:0.010001s ]
INFO: [ action_begin ] --END-- [ RunTime:0.010001s ]
SQL: SHOW COLUMNS FROM `auc_admin_user` [ RunTime:0.0080s ]
SQL: SHOW COLUMNS FROM `auc_admin_module` [ RunTime:0.0050s ]
SQL: SELECT * FROM `auc_admin_module` WHERE `status` = 1 ORDER BY sort asc, id asc  [ RunTime:0.0010s ]
SQL: SHOW COLUMNS FROM `auc_admin_access` [ RunTime:0.0060s ]
SQL: SELECT `group` FROM `auc_admin_access` WHERE `uid` = 1 LIMIT 1   [ RunTime:0.0000s ]
SQL: SHOW COLUMNS FROM `auc_admin_group` [ RunTime:0.0050s ]
SQL: SELECT * FROM `auc_admin_group` WHERE `id` = 1 LIMIT 1   [ RunTime:0.0010s ]
NOTIC: [8] Undefined index: top D:\phpStudy\WWW\wangzhan\Application\Admin\Controller\IndexController.class.php 第 62 行.
NOTIC: [8] Undefined index: top D:\phpStudy\WWW\wangzhan\Application\Admin\Controller\IndexController.class.php 第 62 行.
SQL: SHOW COLUMNS FROM `auc_admin_link` [ RunTime:0.0130s ]
SQL: SELECT * FROM `auc_admin_link` WHERE `status` = 1 ORDER BY sort asc, id asc  [ RunTime:0.0000s ]
INFO: [ view_parse ] --START--
INFO: [ template_filter ] --START--
INFO: Run Behavior\ContentReplaceBehavior [ RunTime:0.000000s ]
INFO: [ template_filter ] --END-- [ RunTime:0.000000s ]
NOTIC: [8] Undefined variable: meta_keywords D:\phpStudy\WWW\wangzhan\Runtime\Cache\Admin\b595b808c2ebeeeb0478ffc30bb4e87a.php 第 9 行.
NOTIC: [8] Undefined variable: meta_description D:\phpStudy\WWW\wangzhan\Runtime\Cache\Admin\b595b808c2ebeeeb0478ffc30bb4e87a.php 第 10 行.
NOTIC: [2] Missing argument 2 for get_cover(), called in D:\phpStudy\WWW\wangzhan\Runtime\Cache\Admin\b595b808c2ebeeeb0478ffc30bb4e87a.php on line 48 and defined D:\phpStudy\WWW\wangzhan\Application\Common\Common\function.php 第 302 行.
SQL: SHOW COLUMNS FROM `auc_admin_upload` [ RunTime:0.0070s ]
SQL: SELECT * FROM `auc_admin_upload` WHERE `id` = 189 LIMIT 1   [ RunTime:0.0010s ]
NOTIC: [8] Undefined variable: _link_list D:\phpStudy\WWW\wangzhan\Runtime\Cache\Admin\b595b808c2ebeeeb0478ffc30bb4e87a.php 第 99 行.
SQL: select version() as v; [ RunTime:0.0000s ]
INFO: Run Behavior\ParseTemplateBehavior [ RunTime:0.049003s ]
INFO: [ view_parse ] --END-- [ RunTime:0.049003s ]
INFO: [ view_filter ] --START--
INFO: Run Behavior\WriteHtmlCacheBehavior [ RunTime:0.001000s ]
INFO: [ view_filter ] --END-- [ RunTime:0.001000s ]
INFO: [ app_end ] --START--
INFO: Run Behavior\ShowPageTraceBehavior [ RunTime:0.009001s ]
INFO: [ app_end ] --END-- [ RunTime:0.009001s ]

[ 2016-10-17T14:01:59+08:00 ] 127.0.0.1 /index.php?s=/admin/index/index.html
INFO: [ app_init ] --START--
INFO: Run Behavior\BuildLiteBehavior [ RunTime:0.000000s ]
NOTIC: [8] Use of undefined constant NOW_TIME - assumed 'NOW_TIME' D:\phpStudy\WWW\wangzhan\ThinkPHP\Common\functions.php 第 588 行.
NOTIC: [8] Use of undefined constant NOW_TIME - assumed 'NOW_TIME' D:\phpStudy\WWW\wangzhan\ThinkPHP\Common\functions.php 第 588 行.
SQL: SHOW COLUMNS FROM `auc_admin_module` [ RunTime:0.0070s ]
SQL: SELECT `name` FROM `auc_admin_module` WHERE `status` = 1  [ RunTime:0.0010s ]
NOTIC: [8] Use of undefined constant NOW_TIME - assumed 'NOW_TIME' D:\phpStudy\WWW\wangzhan\ThinkPHP\Common\functions.php 第 588 行.
NOTIC: [8] Use of undefined constant NOW_TIME - assumed 'NOW_TIME' D:\phpStudy\WWW\wangzhan\ThinkPHP\Common\functions.php 第 588 行.
SQL: SHOW COLUMNS FROM `auc_admin_config` [ RunTime:0.0060s ]
SQL: SELECT `value` FROM `auc_admin_config` WHERE `name` = 'URL_MODEL' LIMIT 1   [ RunTime:0.0000s ]
SQL: SELECT `value` FROM `auc_admin_config` WHERE `name` = 'APP_SUB_DOMAIN_DEPLOY' LIMIT 1   [ RunTime:0.0000s ]
INFO: Run Common\Behavior\InitModuleBehavior [ RunTime:0.033002s ]
INFO: [ app_init ] --END-- [ RunTime:0.034002s ]
INFO: [ app_begin ] --START--
INFO: Run Behavior\ReadHtmlCacheBehavior [ RunTime:0.000000s ]
SQL: SELECT `name`,`value`,`type` FROM `auc_admin_config` WHERE `status` = 1  [ RunTime:0.0010s ]
SQL: SELECT * FROM `auc_admin_module` WHERE `status` = 1  [ RunTime:0.0000s ]
NOTIC: [8] Undefined index: taglib D:\phpStudy\WWW\wangzhan\Application\Common\Behavior\InitConfigBehavior.class.php 第 56 行.
NOTIC: [8] Undefined index: behavior D:\phpStudy\WWW\wangzhan\Application\Common\Behavior\InitConfigBehavior.class.php 第 63 行.
NOTIC: [8] Undefined index: behavior D:\phpStudy\WWW\wangzhan\Application\Common\Behavior\InitConfigBehavior.class.php 第 63 行.
SQL: SHOW COLUMNS FROM `auc_admin_theme` [ RunTime:0.0060s ]
SQL: SELECT * FROM `auc_admin_theme` WHERE `current` = 1 ORDER BY id asc LIMIT 1   [ RunTime:0.0000s ]
SQL: SHOW COLUMNS FROM `auc_admin_hook` [ RunTime:0.0050s ]
SQL: SELECT `addons` FROM `auc_admin_hook` WHERE `name` = 'FormBuilderExtend' LIMIT 1   [ RunTime:0.0000s ]
SQL: SHOW COLUMNS FROM `auc_admin_addon` [ RunTime:0.0070s ]
SQL: SELECT `config` FROM `auc_admin_addon` WHERE `name` = '' LIMIT 1   [ RunTime:0.0010s ]
INFO: Run Common\Behavior\InitConfigBehavior [ RunTime:0.030002s ]
INFO: [ app_begin ] --END-- [ RunTime:0.030002s ]
INFO: [ action_begin ] --START--
INFO: Run Common\Behavior\InitHookBehavior [ RunTime:0.001000s ]
INFO: [ action_begin ] --END-- [ RunTime:0.001000s ]
SQL: SHOW COLUMNS FROM `auc_admin_user` [ RunTime:0.0070s ]
SQL: SHOW COLUMNS FROM `auc_admin_module` [ RunTime:0.0060s ]
SQL: SELECT * FROM `auc_admin_module` WHERE `status` = 1 ORDER BY sort asc, id asc  [ RunTime:0.0000s ]
SQL: SHOW COLUMNS FROM `auc_admin_access` [ RunTime:0.0060s ]
SQL: SELECT `group` FROM `auc_admin_access` WHERE `uid` = 1 LIMIT 1   [ RunTime:0.0010s ]
SQL: SHOW COLUMNS FROM `auc_admin_group` [ RunTime:0.0060s ]
SQL: SELECT * FROM `auc_admin_group` WHERE `id` = 1 LIMIT 1   [ RunTime:0.0000s ]
NOTIC: [8] Undefined index: top D:\phpStudy\WWW\wangzhan\Application\Admin\Controller\IndexController.class.php 第 62 行.
NOTIC: [8] Undefined index: top D:\phpStudy\WWW\wangzhan\Application\Admin\Controller\IndexController.class.php 第 62 行.
SQL: SHOW COLUMNS FROM `auc_admin_link` [ RunTime:0.0060s ]
SQL: SELECT * FROM `auc_admin_link` WHERE `status` = 1 ORDER BY sort asc, id asc  [ RunTime:0.0010s ]
INFO: [ view_parse ] --START--
INFO: [ template_filter ] --START--
INFO: Run Behavior\ContentReplaceBehavior [ RunTime:0.001000s ]
INFO: [ template_filter ] --END-- [ RunTime:0.001000s ]
NOTIC: [8] Undefined variable: meta_keywords D:\phpStudy\WWW\wangzhan\Runtime\Cache\Admin\b595b808c2ebeeeb0478ffc30bb4e87a.php 第 9 行.
NOTIC: [8] Undefined variable: meta_description D:\phpStudy\WWW\wangzhan\Runtime\Cache\Admin\b595b808c2ebeeeb0478ffc30bb4e87a.php 第 10 行.
NOTIC: [2] Missing argument 2 for get_cover(), called in D:\phpStudy\WWW\wangzhan\Runtime\Cache\Admin\b595b808c2ebeeeb0478ffc30bb4e87a.php on line 48 and defined D:\phpStudy\WWW\wangzhan\Application\Common\Common\function.php 第 302 行.
SQL: SHOW COLUMNS FROM `auc_admin_upload` [ RunTime:0.0050s ]
SQL: SELECT * FROM `auc_admin_upload` WHERE `id` = 189 LIMIT 1   [ RunTime:0.0000s ]
NOTIC: [8] Undefined variable: _link_list D:\phpStudy\WWW\wangzhan\Runtime\Cache\Admin\b595b808c2ebeeeb0478ffc30bb4e87a.php 第 99 行.
SQL: select version() as v; [ RunTime:0.0000s ]
INFO: Run Behavior\ParseTemplateBehavior [ RunTime:0.030002s ]
INFO: [ view_parse ] --END-- [ RunTime:0.030002s ]
INFO: [ view_filter ] --START--
INFO: Run Behavior\WriteHtmlCacheBehavior [ RunTime:0.001000s ]
INFO: [ view_filter ] --END-- [ RunTime:0.001000s ]
INFO: [ app_end ] --START--
INFO: Run Behavior\ShowPageTraceBehavior [ RunTime:0.001000s ]
INFO: [ app_end ] --END-- [ RunTime:0.001000s ]

[ 2016-10-17T15:20:51+08:00 ] 192.168.0.94 /index.php?s=/admin/upload/upload/dir/image.html
INFO: [ app_init ] --START--
INFO: Run Behavior\BuildLiteBehavior [ RunTime:0.000000s ]
NOTIC: [8] Use of undefined constant NOW_TIME - assumed 'NOW_TIME' D:\phpStudy\WWW\wangzhan\ThinkPHP\Common\functions.php 第 588 行.
NOTIC: [8] Use of undefined constant NOW_TIME - assumed 'NOW_TIME' D:\phpStudy\WWW\wangzhan\ThinkPHP\Common\functions.php 第 588 行.
SQL: SHOW COLUMNS FROM `auc_admin_module` [ RunTime:0.0050s ]
SQL: SELECT `name` FROM `auc_admin_module` WHERE `status` = 1  [ RunTime:0.0010s ]
NOTIC: [8] Use of undefined constant NOW_TIME - assumed 'NOW_TIME' D:\phpStudy\WWW\wangzhan\ThinkPHP\Common\functions.php 第 588 行.
NOTIC: [8] Use of undefined constant NOW_TIME - assumed 'NOW_TIME' D:\phpStudy\WWW\wangzhan\ThinkPHP\Common\functions.php 第 588 行.
SQL: SHOW COLUMNS FROM `auc_admin_config` [ RunTime:0.0060s ]
SQL: SELECT `value` FROM `auc_admin_config` WHERE `name` = 'URL_MODEL' LIMIT 1   [ RunTime:0.0000s ]
SQL: SELECT `value` FROM `auc_admin_config` WHERE `name` = 'APP_SUB_DOMAIN_DEPLOY' LIMIT 1   [ RunTime:0.0000s ]
INFO: Run Common\Behavior\InitModuleBehavior [ RunTime:0.034002s ]
INFO: [ app_init ] --END-- [ RunTime:0.034002s ]
INFO: [ app_begin ] --START--
INFO: Run Behavior\ReadHtmlCacheBehavior [ RunTime:0.001000s ]
SQL: SELECT `name`,`value`,`type` FROM `auc_admin_config` WHERE `status` = 1  [ RunTime:0.0010s ]
SQL: SELECT * FROM `auc_admin_module` WHERE `status` = 1  [ RunTime:0.0010s ]
NOTIC: [8] Undefined index: taglib D:\phpStudy\WWW\wangzhan\Application\Common\Behavior\InitConfigBehavior.class.php 第 56 行.
NOTIC: [8] Undefined index: behavior D:\phpStudy\WWW\wangzhan\Application\Common\Behavior\InitConfigBehavior.class.php 第 63 行.
NOTIC: [8] Undefined index: behavior D:\phpStudy\WWW\wangzhan\Application\Common\Behavior\InitConfigBehavior.class.php 第 63 行.
SQL: SHOW COLUMNS FROM `auc_admin_theme` [ RunTime:0.0060s ]
SQL: SELECT * FROM `auc_admin_theme` WHERE `current` = 1 ORDER BY id asc LIMIT 1   [ RunTime:0.0000s ]
SQL: SHOW COLUMNS FROM `auc_admin_hook` [ RunTime:0.0040s ]
SQL: SELECT `addons` FROM `auc_admin_hook` WHERE `name` = 'FormBuilderExtend' LIMIT 1   [ RunTime:0.0000s ]
SQL: SHOW COLUMNS FROM `auc_admin_addon` [ RunTime:0.0050s ]
SQL: SELECT `config` FROM `auc_admin_addon` WHERE `name` = '' LIMIT 1   [ RunTime:0.0010s ]
INFO: Run Common\Behavior\InitConfigBehavior [ RunTime:0.076005s ]
INFO: [ app_begin ] --END-- [ RunTime:0.077005s ]
NOTIC: [2048] Declaration of Admin\Controller\UploadController::setStatus() should be compatible with Admin\Controller\AdminController::setStatus($model = Admin\Controller\CONTROLLER_NAME, $script = false) D:\phpStudy\WWW\wangzhan\Application\Admin\Controller\UploadController.class.php 第 17 行.
INFO: [ action_begin ] --START--
INFO: Run Common\Behavior\InitHookBehavior [ RunTime:0.006001s ]
INFO: [ action_begin ] --END-- [ RunTime:0.006001s ]
SQL: SHOW COLUMNS FROM `auc_admin_user` [ RunTime:0.0050s ]
SQL: SHOW COLUMNS FROM `auc_admin_group` [ RunTime:0.0050s ]
SQL: SELECT `admin_menu` FROM `auc_admin_module` WHERE `name` = 'Admin' LIMIT 1   [ RunTime:0.0010s ]
NOTIC: [8] Undefined index: url D:\phpStudy\WWW\wangzhan\Application\Admin\Model\ModuleModel.class.php 第 80 行.
NOTIC: [8] Undefined index: url D:\phpStudy\WWW\wangzhan\Application\Admin\Model\ModuleModel.class.php 第 80 行.
NOTIC: [8] Undefined index: url D:\phpStudy\WWW\wangzhan\Application\Admin\Model\ModuleModel.class.php 第 80 行.
NOTIC: [8] Undefined index: url D:\phpStudy\WWW\wangzhan\Application\Admin\Model\ModuleModel.class.php 第 80 行.
SQL: SHOW COLUMNS FROM `auc_admin_access` [ RunTime:0.0050s ]
SQL: SELECT `group` FROM `auc_admin_access` WHERE `uid` = 1 LIMIT 1   [ RunTime:0.0000s ]
SQL: SHOW COLUMNS FROM `auc_admin_log` [ RunTime:0.0050s ]
SQL: SELECT `admin_menu` FROM `auc_admin_module` WHERE `name` = 'Admin' LIMIT 1   [ RunTime:0.0010s ]
NOTIC: [8] Undefined index: url D:\phpStudy\WWW\wangzhan\Application\Admin\Model\ModuleModel.class.php 第 80 行.
NOTIC: [8] Undefined index: url D:\phpStudy\WWW\wangzhan\Application\Admin\Model\ModuleModel.class.php 第 80 行.
NOTIC: [8] Undefined index: url D:\phpStudy\WWW\wangzhan\Application\Admin\Model\ModuleModel.class.php 第 80 行.
NOTIC: [8] Undefined index: url D:\phpStudy\WWW\wangzhan\Application\Admin\Model\ModuleModel.class.php 第 80 行.
SQL: INSERT INTO `auc_admin_log` (`menu_url`,`menu_name`,`uid`,`username`,`add_time`,`key`) VALUES ('Admin/Upload/upload','上传文件','1','admin','1476688851','/index.php?s=/admin/upload/upload/dir/image.html') [ RunTime:0.0010s ]
SQL: SHOW COLUMNS FROM `auc_admin_upload` [ RunTime:0.0060s ]
NOTIC: [2] Missing argument 1 for Admin\Model\UploadModel::upload(), called in D:\phpStudy\WWW\wangzhan\Application\Admin\Controller\UploadController.class.php on line 117 and defined D:\phpStudy\WWW\wangzhan\Application\Admin\Model\UploadModel.class.php 第 140 行.
NOTIC: [8] Undefined variable: files D:\phpStudy\WWW\wangzhan\Application\Admin\Model\UploadModel.class.php 第 142 行.
NOTIC: [8] Undefined index: temp D:\phpStudy\WWW\wangzhan\Application\Admin\Model\UploadModel.class.php 第 159 行.
SQL: SELECT * FROM `auc_admin_upload` WHERE `md5` = '9dbe364442aa1e8b6f3cf9e99231b444' AND `sha1` = '151d8b5b0d2c88f453deb536ac6a7e4cc2bae9e0' AND `size` = 21162 LIMIT 1   [ RunTime:0.0010s ]

[ 2016-10-17T16:18:31+08:00 ] 127.0.0.1 /index.php?s=/admin/index/index.html
INFO: [ app_init ] --START--
INFO: Run Behavior\BuildLiteBehavior [ RunTime:0.000000s ]
NOTIC: [8] Use of undefined constant NOW_TIME - assumed 'NOW_TIME' D:\phpStudy\WWW\wangzhan\ThinkPHP\Common\functions.php 第 588 行.
NOTIC: [8] Use of undefined constant NOW_TIME - assumed 'NOW_TIME' D:\phpStudy\WWW\wangzhan\ThinkPHP\Common\functions.php 第 588 行.
SQL: SHOW COLUMNS FROM `auc_admin_module` [ RunTime:0.0060s ]
SQL: SELECT `name` FROM `auc_admin_module` WHERE `status` = 1  [ RunTime:0.0000s ]
NOTIC: [8] Use of undefined constant NOW_TIME - assumed 'NOW_TIME' D:\phpStudy\WWW\wangzhan\ThinkPHP\Common\functions.php 第 588 行.
NOTIC: [8] Use of undefined constant NOW_TIME - assumed 'NOW_TIME' D:\phpStudy\WWW\wangzhan\ThinkPHP\Common\functions.php 第 588 行.
SQL: SHOW COLUMNS FROM `auc_admin_config` [ RunTime:0.0060s ]
SQL: SELECT `value` FROM `auc_admin_config` WHERE `name` = 'URL_MODEL' LIMIT 1   [ RunTime:0.0000s ]
SQL: SELECT `value` FROM `auc_admin_config` WHERE `name` = 'APP_SUB_DOMAIN_DEPLOY' LIMIT 1   [ RunTime:0.0000s ]
INFO: Run Common\Behavior\InitModuleBehavior [ RunTime:0.037002s ]
INFO: [ app_init ] --END-- [ RunTime:0.037002s ]
INFO: [ app_begin ] --START--
INFO: Run Behavior\ReadHtmlCacheBehavior [ RunTime:0.001000s ]
INFO: Run Common\Behavior\InitConfigBehavior [ RunTime:0.010000s ]
INFO: [ app_begin ] --END-- [ RunTime:0.011000s ]
INFO: [ action_begin ] --START--
INFO: Run Common\Behavior\InitHookBehavior [ RunTime:0.011001s ]
INFO: [ action_begin ] --END-- [ RunTime:0.011001s ]
SQL: SHOW COLUMNS FROM `auc_admin_user` [ RunTime:0.0060s ]
SQL: SHOW COLUMNS FROM `auc_admin_module` [ RunTime:0.0050s ]
SQL: SELECT * FROM `auc_admin_module` WHERE `status` = 1 ORDER BY sort asc, id asc  [ RunTime:0.0010s ]
SQL: SHOW COLUMNS FROM `auc_admin_access` [ RunTime:0.0060s ]
SQL: SELECT `group` FROM `auc_admin_access` WHERE `uid` = 1 LIMIT 1   [ RunTime:0.0000s ]
SQL: SHOW COLUMNS FROM `auc_admin_group` [ RunTime:0.0060s ]
SQL: SELECT * FROM `auc_admin_group` WHERE `id` = 1 LIMIT 1   [ RunTime:0.0010s ]
NOTIC: [8] Undefined index: top D:\phpStudy\WWW\wangzhan\Application\Admin\Controller\IndexController.class.php 第 62 行.
NOTIC: [8] Undefined index: top D:\phpStudy\WWW\wangzhan\Application\Admin\Controller\IndexController.class.php 第 62 行.
SQL: SHOW COLUMNS FROM `auc_admin_link` [ RunTime:0.0060s ]
SQL: SELECT * FROM `auc_admin_link` WHERE `status` = 1 ORDER BY sort asc, id asc  [ RunTime:0.0000s ]
INFO: [ view_parse ] --START--
INFO: [ template_filter ] --START--
INFO: Run Behavior\ContentReplaceBehavior [ RunTime:0.000000s ]
INFO: [ template_filter ] --END-- [ RunTime:0.000000s ]
NOTIC: [8] Undefined variable: meta_keywords D:\phpStudy\WWW\wangzhan\Runtime\Cache\Admin\b595b808c2ebeeeb0478ffc30bb4e87a.php 第 9 行.
NOTIC: [8] Undefined variable: meta_description D:\phpStudy\WWW\wangzhan\Runtime\Cache\Admin\b595b808c2ebeeeb0478ffc30bb4e87a.php 第 10 行.
NOTIC: [2] Missing argument 2 for get_cover(), called in D:\phpStudy\WWW\wangzhan\Runtime\Cache\Admin\b595b808c2ebeeeb0478ffc30bb4e87a.php on line 48 and defined D:\phpStudy\WWW\wangzhan\Application\Common\Common\function.php 第 302 行.
SQL: SHOW COLUMNS FROM `auc_admin_upload` [ RunTime:0.0050s ]
SQL: SELECT * FROM `auc_admin_upload` WHERE `id` = 189 LIMIT 1   [ RunTime:0.0000s ]
NOTIC: [8] Undefined variable: _link_list D:\phpStudy\WWW\wangzhan\Runtime\Cache\Admin\b595b808c2ebeeeb0478ffc30bb4e87a.php 第 99 行.
SQL: select version() as v; [ RunTime:0.0010s ]
INFO: Run Behavior\ParseTemplateBehavior [ RunTime:0.066003s ]
INFO: [ view_parse ] --END-- [ RunTime:0.066003s ]
INFO: [ view_filter ] --START--
INFO: Run Behavior\WriteHtmlCacheBehavior [ RunTime:0.001001s ]
INFO: [ view_filter ] --END-- [ RunTime:0.001001s ]
INFO: [ app_end ] --START--
INFO: Run Behavior\ShowPageTraceBehavior [ RunTime:0.006000s ]
INFO: [ app_end ] --END-- [ RunTime:0.006000s ]

[ 2016-10-17T16:53:17+08:00 ] 127.0.0.1 /index.php?s=/admin/categrouy/edit_with_tree/id/2.html
INFO: [ app_init ] --START--
INFO: Run Behavior\BuildLiteBehavior [ RunTime:0.000000s ]
NOTIC: [8] Use of undefined constant NOW_TIME - assumed 'NOW_TIME' D:\phpStudy\WWW\wangzhan\ThinkPHP\Common\functions.php 第 588 行.
NOTIC: [8] Use of undefined constant NOW_TIME - assumed 'NOW_TIME' D:\phpStudy\WWW\wangzhan\ThinkPHP\Common\functions.php 第 588 行.
SQL: SHOW COLUMNS FROM `auc_admin_module` [ RunTime:0.0060s ]
SQL: SELECT `name` FROM `auc_admin_module` WHERE `status` = 1  [ RunTime:0.0000s ]
NOTIC: [8] Use of undefined constant NOW_TIME - assumed 'NOW_TIME' D:\phpStudy\WWW\wangzhan\ThinkPHP\Common\functions.php 第 588 行.
NOTIC: [8] Use of undefined constant NOW_TIME - assumed 'NOW_TIME' D:\phpStudy\WWW\wangzhan\ThinkPHP\Common\functions.php 第 588 行.
SQL: SHOW COLUMNS FROM `auc_admin_config` [ RunTime:0.0050s ]
SQL: SELECT `value` FROM `auc_admin_config` WHERE `name` = 'URL_MODEL' LIMIT 1   [ RunTime:0.0010s ]
SQL: SELECT `value` FROM `auc_admin_config` WHERE `name` = 'APP_SUB_DOMAIN_DEPLOY' LIMIT 1   [ RunTime:0.0000s ]
INFO: Run Common\Behavior\InitModuleBehavior [ RunTime:0.019001s ]
INFO: [ app_init ] --END-- [ RunTime:0.019001s ]
INFO: [ app_begin ] --START--
INFO: Run Behavior\ReadHtmlCacheBehavior [ RunTime:0.001000s ]
INFO: Run Common\Behavior\InitConfigBehavior [ RunTime:0.002000s ]
INFO: [ app_begin ] --END-- [ RunTime:0.003000s ]
ERR: 无法加载控制器:Categrouy

[ 2016-10-17T16:58:14+08:00 ] 127.0.0.1 /index.php?s=/admin/index/index.html
INFO: [ app_init ] --START--
INFO: Run Behavior\BuildLiteBehavior [ RunTime:0.000000s ]
NOTIC: [8] Use of undefined constant NOW_TIME - assumed 'NOW_TIME' D:\phpStudy\WWW\wangzhan\ThinkPHP\Common\functions.php 第 588 行.
NOTIC: [8] Use of undefined constant NOW_TIME - assumed 'NOW_TIME' D:\phpStudy\WWW\wangzhan\ThinkPHP\Common\functions.php 第 588 行.
SQL: SHOW COLUMNS FROM `auc_admin_module` [ RunTime:0.0060s ]
SQL: SELECT `name` FROM `auc_admin_module` WHERE `status` = 1  [ RunTime:0.0000s ]
NOTIC: [8] Use of undefined constant NOW_TIME - assumed 'NOW_TIME' D:\phpStudy\WWW\wangzhan\ThinkPHP\Common\functions.php 第 588 行.
NOTIC: [8] Use of undefined constant NOW_TIME - assumed 'NOW_TIME' D:\phpStudy\WWW\wangzhan\ThinkPHP\Common\functions.php 第 588 行.
SQL: SHOW COLUMNS FROM `auc_admin_config` [ RunTime:0.0060s ]
SQL: SELECT `value` FROM `auc_admin_config` WHERE `name` = 'URL_MODEL' LIMIT 1   [ RunTime:0.0010s ]
SQL: SELECT `value` FROM `auc_admin_config` WHERE `name` = 'APP_SUB_DOMAIN_DEPLOY' LIMIT 1   [ RunTime:0.0000s ]
INFO: Run Common\Behavior\InitModuleBehavior [ RunTime:0.037002s ]
INFO: [ app_init ] --END-- [ RunTime:0.037002s ]
INFO: [ app_begin ] --START--
INFO: Run Behavior\ReadHtmlCacheBehavior [ RunTime:0.001000s ]
INFO: Run Common\Behavior\InitConfigBehavior [ RunTime:0.004000s ]
INFO: [ app_begin ] --END-- [ RunTime:0.005000s ]
INFO: [ action_begin ] --START--
INFO: Run Common\Behavior\InitHookBehavior [ RunTime:0.001000s ]
INFO: [ action_begin ] --END-- [ RunTime:0.001000s ]
SQL: SHOW COLUMNS FROM `auc_admin_user` [ RunTime:0.0070s ]
SQL: SHOW COLUMNS FROM `auc_admin_module` [ RunTime:0.0060s ]
SQL: SELECT * FROM `auc_admin_module` WHERE `status` = 1 ORDER BY sort asc, id asc  [ RunTime:0.0010s ]
SQL: SHOW COLUMNS FROM `auc_admin_access` [ RunTime:0.0060s ]
SQL: SELECT `group` FROM `auc_admin_access` WHERE `uid` = 1 LIMIT 1   [ RunTime:0.0010s ]
SQL: SHOW COLUMNS FROM `auc_admin_group` [ RunTime:0.0060s ]
SQL: SELECT * FROM `auc_admin_group` WHERE `id` = 1 LIMIT 1   [ RunTime:0.0010s ]
NOTIC: [8] Undefined index: top D:\phpStudy\WWW\wangzhan\Application\Admin\Controller\IndexController.class.php 第 62 行.
NOTIC: [8] Undefined index: top D:\phpStudy\WWW\wangzhan\Application\Admin\Controller\IndexController.class.php 第 62 行.
SQL: SHOW COLUMNS FROM `auc_admin_link` [ RunTime:0.0050s ]
SQL: SELECT * FROM `auc_admin_link` WHERE `status` = 1 ORDER BY sort asc, id asc  [ RunTime:0.0000s ]
INFO: [ view_parse ] --START--
INFO: [ template_filter ] --START--
INFO: Run Behavior\ContentReplaceBehavior [ RunTime:0.001000s ]
INFO: [ template_filter ] --END-- [ RunTime:0.001000s ]
NOTIC: [8] Undefined variable: meta_keywords D:\phpStudy\WWW\wangzhan\Runtime\Cache\Admin\b595b808c2ebeeeb0478ffc30bb4e87a.php 第 9 行.
NOTIC: [8] Undefined variable: meta_description D:\phpStudy\WWW\wangzhan\Runtime\Cache\Admin\b595b808c2ebeeeb0478ffc30bb4e87a.php 第 10 行.
NOTIC: [2] Missing argument 2 for get_cover(), called in D:\phpStudy\WWW\wangzhan\Runtime\Cache\Admin\b595b808c2ebeeeb0478ffc30bb4e87a.php on line 48 and defined D:\phpStudy\WWW\wangzhan\Application\Common\Common\function.php 第 302 行.
SQL: SHOW COLUMNS FROM `auc_admin_upload` [ RunTime:0.0050s ]
SQL: SELECT * FROM `auc_admin_upload` WHERE `id` = 189 LIMIT 1   [ RunTime:0.0000s ]
NOTIC: [8] Undefined variable: _link_list D:\phpStudy\WWW\wangzhan\Runtime\Cache\Admin\b595b808c2ebeeeb0478ffc30bb4e87a.php 第 99 行.
SQL: select version() as v; [ RunTime:0.0000s ]
INFO: Run Behavior\ParseTemplateBehavior [ RunTime:0.034002s ]
INFO: [ view_parse ] --END-- [ RunTime:0.034002s ]
INFO: [ view_filter ] --START--
INFO: Run Behavior\WriteHtmlCacheBehavior [ RunTime:0.000000s ]
INFO: [ view_filter ] --END-- [ RunTime:0.000000s ]
INFO: [ app_end ] --START--
INFO: Run Behavior\ShowPageTraceBehavior [ RunTime:0.000000s ]
INFO: [ app_end ] --END-- [ RunTime:0.000000s ]

