[ 2017-02-07T13:06:59+08:00 ] 127.0.0.1 /wangzhan/?s=/admin
INFO: [ app_init ] --START--
INFO: Run Behavior\BuildLiteBehavior [ RunTime:0.000012s ]
NOTIC: [8] Use of undefined constant NOW_TIME - assumed 'NOW_TIME' D:\phpStudy\WWW\wangzhan\ThinkPHP\Common\functions.php 第 588 行.
NOTIC: [8] Use of undefined constant NOW_TIME - assumed 'NOW_TIME' D:\phpStudy\WWW\wangzhan\ThinkPHP\Common\functions.php 第 588 行.
SQL: SHOW COLUMNS FROM `auc_admin_module` [ RunTime:0.0057s ]
SQL: SELECT `name` FROM `auc_admin_module` WHERE `status` = 1  [ RunTime:0.0005s ]
NOTIC: [8] Use of undefined constant NOW_TIME - assumed 'NOW_TIME' D:\phpStudy\WWW\wangzhan\ThinkPHP\Common\functions.php 第 588 行.
NOTIC: [8] Use of undefined constant NOW_TIME - assumed 'NOW_TIME' D:\phpStudy\WWW\wangzhan\ThinkPHP\Common\functions.php 第 588 行.
SQL: SHOW COLUMNS FROM `auc_admin_config` [ RunTime:0.0064s ]
SQL: SELECT `value` FROM `auc_admin_config` WHERE `name` = 'URL_MODEL' LIMIT 1   [ RunTime:0.0003s ]
SQL: SELECT `value` FROM `auc_admin_config` WHERE `name` = 'APP_SUB_DOMAIN_DEPLOY' LIMIT 1   [ RunTime:0.0002s ]
INFO: Run Common\Behavior\InitModuleBehavior [ RunTime:0.043332s ]
INFO: [ app_init ] --END-- [ RunTime:0.043407s ]
INFO: [ app_begin ] --START--
INFO: Run Behavior\ReadHtmlCacheBehavior [ RunTime:0.002678s ]
SQL: SELECT `name`,`value`,`type` FROM `auc_admin_config` WHERE `status` = 1  [ RunTime:0.0004s ]
SQL: SELECT * FROM `auc_admin_module` WHERE `status` = 1  [ RunTime:0.0002s ]
NOTIC: [8] Undefined index: taglib D:\phpStudy\WWW\wangzhan\Application\Common\Behavior\InitConfigBehavior.class.php 第 56 行.
NOTIC: [8] Undefined index: behavior D:\phpStudy\WWW\wangzhan\Application\Common\Behavior\InitConfigBehavior.class.php 第 63 行.
NOTIC: [8] Undefined index: behavior D:\phpStudy\WWW\wangzhan\Application\Common\Behavior\InitConfigBehavior.class.php 第 63 行.
SQL: SHOW COLUMNS FROM `auc_admin_theme` [ RunTime:0.0103s ]
SQL: SELECT * FROM `auc_admin_theme` WHERE `current` = 1 ORDER BY id asc LIMIT 1   [ RunTime:0.0003s ]
SQL: SHOW COLUMNS FROM `auc_admin_hook` [ RunTime:0.0051s ]
SQL: SELECT `addons` FROM `auc_admin_hook` WHERE `name` = 'FormBuilderExtend' LIMIT 1   [ RunTime:0.0003s ]
SQL: SHOW COLUMNS FROM `auc_admin_addon` [ RunTime:0.0056s ]
SQL: SELECT `config` FROM `auc_admin_addon` WHERE `name` = '' LIMIT 1   [ RunTime:0.0003s ]
INFO: Run Common\Behavior\InitConfigBehavior [ RunTime:0.040397s ]
INFO: [ app_begin ] --END-- [ RunTime:0.043158s ]
INFO: [ action_begin ] --START--
INFO: Run Common\Behavior\InitHookBehavior [ RunTime:0.001521s ]
INFO: [ action_begin ] --END-- [ RunTime:0.001595s ]
SQL: SHOW COLUMNS FROM `auc_admin_user` [ RunTime:0.0052s ]
SQL: SHOW COLUMNS FROM `auc_admin_module` [ RunTime:0.0050s ]
SQL: SELECT * FROM `auc_admin_module` WHERE `status` = 1 ORDER BY sort asc, id asc  [ RunTime:0.0004s ]
SQL: SHOW COLUMNS FROM `auc_admin_access` [ RunTime:0.0081s ]
SQL: SELECT `group` FROM `auc_admin_access` WHERE `uid` = 1 LIMIT 1   [ RunTime:0.0003s ]
SQL: SHOW COLUMNS FROM `auc_admin_group` [ RunTime:0.0074s ]
SQL: SELECT * FROM `auc_admin_group` WHERE `id` = 1 LIMIT 1   [ RunTime:0.0002s ]
NOTIC: [8] Undefined index: top D:\phpStudy\WWW\wangzhan\Application\Admin\Controller\IndexController.class.php 第 62 行.
NOTIC: [8] Undefined index: top D:\phpStudy\WWW\wangzhan\Application\Admin\Controller\IndexController.class.php 第 62 行.
SQL: SHOW COLUMNS FROM `auc_admin_link` [ RunTime:0.0091s ]
SQL: SELECT * FROM `auc_admin_link` WHERE `status` = 1 ORDER BY sort asc, id asc  [ RunTime:0.0003s ]
INFO: [ view_parse ] --START--
INFO: [ template_filter ] --START--
INFO: Run Behavior\ContentReplaceBehavior [ RunTime:0.000212s ]
INFO: [ template_filter ] --END-- [ RunTime:0.000253s ]
NOTIC: [8] Undefined variable: meta_keywords D:\phpStudy\WWW\wangzhan\Runtime\Cache\Admin\b595b808c2ebeeeb0478ffc30bb4e87a.php 第 9 行.
NOTIC: [8] Undefined variable: meta_description D:\phpStudy\WWW\wangzhan\Runtime\Cache\Admin\b595b808c2ebeeeb0478ffc30bb4e87a.php 第 10 行.
NOTIC: [2] Missing argument 2 for get_cover(), called in D:\phpStudy\WWW\wangzhan\Runtime\Cache\Admin\b595b808c2ebeeeb0478ffc30bb4e87a.php on line 48 and defined D:\phpStudy\WWW\wangzhan\Application\Common\Common\function.php 第 302 行.
SQL: SHOW COLUMNS FROM `auc_admin_upload` [ RunTime:0.0061s ]
SQL: SELECT * FROM `auc_admin_upload` WHERE `id` = 189 LIMIT 1   [ RunTime:0.0003s ]
NOTIC: [8] Undefined variable: _link_list D:\phpStudy\WWW\wangzhan\Runtime\Cache\Admin\b595b808c2ebeeeb0478ffc30bb4e87a.php 第 99 行.
SQL: select version() as v; [ RunTime:0.0002s ]
INFO: Run Behavior\ParseTemplateBehavior [ RunTime:0.033792s ]
INFO: [ view_parse ] --END-- [ RunTime:0.033827s ]
INFO: [ view_filter ] --START--
INFO: Run Behavior\WriteHtmlCacheBehavior [ RunTime:0.001570s ]
INFO: [ view_filter ] --END-- [ RunTime:0.001610s ]
INFO: [ app_end ] --START--
INFO: Run Behavior\ShowPageTraceBehavior [ RunTime:0.001363s ]
INFO: [ app_end ] --END-- [ RunTime:0.001427s ]

