[ 2017-02-22T08:44:27+08:00 ] 127.0.0.1 /wangzhan/?s=/admin
INFO: [ app_init ] --START--
INFO: Run Behavior\BuildLiteBehavior [ RunTime:0.000013s ]
NOTIC: [8] Use of undefined constant NOW_TIME - assumed 'NOW_TIME' D:\phpStudy\WWW\wangzhan\ThinkPHP\Common\functions.php 第 588 行.
NOTIC: [8] Use of undefined constant NOW_TIME - assumed 'NOW_TIME' D:\phpStudy\WWW\wangzhan\ThinkPHP\Common\functions.php 第 588 行.
SQL: SHOW COLUMNS FROM `auc_admin_module` [ RunTime:0.0090s ]
SQL: SELECT `name` FROM `auc_admin_module` WHERE `status` = 1  [ RunTime:0.0002s ]
NOTIC: [8] Use of undefined constant NOW_TIME - assumed 'NOW_TIME' D:\phpStudy\WWW\wangzhan\ThinkPHP\Common\functions.php 第 588 行.
NOTIC: [8] Use of undefined constant NOW_TIME - assumed 'NOW_TIME' D:\phpStudy\WWW\wangzhan\ThinkPHP\Common\functions.php 第 588 行.
SQL: SHOW COLUMNS FROM `auc_admin_config` [ RunTime:0.0068s ]
SQL: SELECT `value` FROM `auc_admin_config` WHERE `name` = 'URL_MODEL' LIMIT 1   [ RunTime:0.0003s ]
SQL: SELECT `value` FROM `auc_admin_config` WHERE `name` = 'APP_SUB_DOMAIN_DEPLOY' LIMIT 1   [ RunTime:0.0003s ]
INFO: Run Common\Behavior\InitModuleBehavior [ RunTime:0.036771s ]
INFO: [ app_init ] --END-- [ RunTime:0.036856s ]
INFO: [ app_begin ] --START--
INFO: Run Behavior\ReadHtmlCacheBehavior [ RunTime:0.001606s ]
SQL: SELECT `name`,`value`,`type` FROM `auc_admin_config` WHERE `status` = 1  [ RunTime:0.0003s ]
SQL: SELECT * FROM `auc_admin_module` WHERE `status` = 1  [ RunTime:0.0002s ]
NOTIC: [8] Undefined index: taglib D:\phpStudy\WWW\wangzhan\Application\Common\Behavior\InitConfigBehavior.class.php 第 56 行.
NOTIC: [8] Undefined index: behavior D:\phpStudy\WWW\wangzhan\Application\Common\Behavior\InitConfigBehavior.class.php 第 63 行.
NOTIC: [8] Undefined index: behavior D:\phpStudy\WWW\wangzhan\Application\Common\Behavior\InitConfigBehavior.class.php 第 63 行.
SQL: SHOW COLUMNS FROM `auc_admin_theme` [ RunTime:0.0066s ]
SQL: SELECT * FROM `auc_admin_theme` WHERE `current` = 1 ORDER BY id asc LIMIT 1   [ RunTime:0.0003s ]
SQL: SHOW COLUMNS FROM `auc_admin_hook` [ RunTime:0.0059s ]
SQL: SELECT `addons` FROM `auc_admin_hook` WHERE `name` = 'FormBuilderExtend' LIMIT 1   [ RunTime:0.0002s ]
SQL: SHOW COLUMNS FROM `auc_admin_addon` [ RunTime:0.0066s ]
SQL: SELECT `config` FROM `auc_admin_addon` WHERE `name` = '' LIMIT 1   [ RunTime:0.0004s ]
INFO: Run Common\Behavior\InitConfigBehavior [ RunTime:0.033182s ]
INFO: [ app_begin ] --END-- [ RunTime:0.034882s ]
INFO: [ action_begin ] --START--
INFO: Run Common\Behavior\InitHookBehavior [ RunTime:0.001427s ]
INFO: [ action_begin ] --END-- [ RunTime:0.001506s ]
SQL: SHOW COLUMNS FROM `auc_admin_user` [ RunTime:0.0115s ]

[ 2017-02-22T08:44:27+08:00 ] 127.0.0.1 /wangzhan/index.php?s=/admin/public/login.html
INFO: [ app_init ] --START--
INFO: Run Behavior\BuildLiteBehavior [ RunTime:0.000010s ]
NOTIC: [8] Use of undefined constant NOW_TIME - assumed 'NOW_TIME' D:\phpStudy\WWW\wangzhan\ThinkPHP\Common\functions.php 第 588 行.
NOTIC: [8] Use of undefined constant NOW_TIME - assumed 'NOW_TIME' D:\phpStudy\WWW\wangzhan\ThinkPHP\Common\functions.php 第 588 行.
SQL: SHOW COLUMNS FROM `auc_admin_module` [ RunTime:0.0076s ]
SQL: SELECT `name` FROM `auc_admin_module` WHERE `status` = 1  [ RunTime:0.0003s ]
NOTIC: [8] Use of undefined constant NOW_TIME - assumed 'NOW_TIME' D:\phpStudy\WWW\wangzhan\ThinkPHP\Common\functions.php 第 588 行.
NOTIC: [8] Use of undefined constant NOW_TIME - assumed 'NOW_TIME' D:\phpStudy\WWW\wangzhan\ThinkPHP\Common\functions.php 第 588 行.
SQL: SHOW COLUMNS FROM `auc_admin_config` [ RunTime:0.0072s ]
SQL: SELECT `value` FROM `auc_admin_config` WHERE `name` = 'URL_MODEL' LIMIT 1   [ RunTime:0.0004s ]
SQL: SELECT `value` FROM `auc_admin_config` WHERE `name` = 'APP_SUB_DOMAIN_DEPLOY' LIMIT 1   [ RunTime:0.0002s ]
INFO: Run Common\Behavior\InitModuleBehavior [ RunTime:0.028589s ]
INFO: [ app_init ] --END-- [ RunTime:0.028658s ]
INFO: [ app_begin ] --START--
INFO: Run Behavior\ReadHtmlCacheBehavior [ RunTime:0.000905s ]
INFO: Run Common\Behavior\InitConfigBehavior [ RunTime:0.002777s ]
INFO: [ app_begin ] --END-- [ RunTime:0.003759s ]
INFO: [ action_begin ] --START--
INFO: Run Common\Behavior\InitHookBehavior [ RunTime:0.000717s ]
INFO: [ action_begin ] --END-- [ RunTime:0.000767s ]
INFO: [ view_parse ] --START--
INFO: [ template_filter ] --START--
INFO: Run Behavior\ContentReplaceBehavior [ RunTime:0.000131s ]
INFO: [ template_filter ] --END-- [ RunTime:0.000168s ]
NOTIC: [8] Undefined variable: meta_keywords D:\phpStudy\WWW\wangzhan\Runtime\Cache\Admin\3c5566b2bfbf6ef00ac5366ba47246fe.php 第 9 行.
NOTIC: [8] Undefined variable: meta_description D:\phpStudy\WWW\wangzhan\Runtime\Cache\Admin\3c5566b2bfbf6ef00ac5366ba47246fe.php 第 10 行.
NOTIC: [2] Missing argument 2 for get_cover(), called in D:\phpStudy\WWW\wangzhan\Runtime\Cache\Admin\3c5566b2bfbf6ef00ac5366ba47246fe.php on line 210 and defined D:\phpStudy\WWW\wangzhan\Application\Common\Common\function.php 第 302 行.
SQL: SHOW COLUMNS FROM `auc_admin_upload` [ RunTime:0.0063s ]
SQL: SELECT * FROM `auc_admin_upload` WHERE `id` = 189 LIMIT 1   [ RunTime:0.0002s ]
INFO: Run Behavior\ParseTemplateBehavior [ RunTime:0.022425s ]
INFO: [ view_parse ] --END-- [ RunTime:0.022461s ]
INFO: [ view_filter ] --START--
INFO: Run Behavior\WriteHtmlCacheBehavior [ RunTime:0.000761s ]
INFO: [ view_filter ] --END-- [ RunTime:0.000791s ]
INFO: [ app_end ] --START--
INFO: Run Behavior\ShowPageTraceBehavior [ RunTime:0.001160s ]
INFO: [ app_end ] --END-- [ RunTime:0.001203s ]

[ 2017-02-22T08:44:28+08:00 ] 127.0.0.1 /wangzhan/index.php?s=/admin/public/verify.html
INFO: [ app_init ] --START--
INFO: Run Behavior\BuildLiteBehavior [ RunTime:0.000020s ]
NOTIC: [8] Use of undefined constant NOW_TIME - assumed 'NOW_TIME' D:\phpStudy\WWW\wangzhan\ThinkPHP\Common\functions.php 第 588 行.
NOTIC: [8] Use of undefined constant NOW_TIME - assumed 'NOW_TIME' D:\phpStudy\WWW\wangzhan\ThinkPHP\Common\functions.php 第 588 行.
SQL: SHOW COLUMNS FROM `auc_admin_module` [ RunTime:0.0090s ]
SQL: SELECT `name` FROM `auc_admin_module` WHERE `status` = 1  [ RunTime:0.0004s ]
NOTIC: [8] Use of undefined constant NOW_TIME - assumed 'NOW_TIME' D:\phpStudy\WWW\wangzhan\ThinkPHP\Common\functions.php 第 588 行.
NOTIC: [8] Use of undefined constant NOW_TIME - assumed 'NOW_TIME' D:\phpStudy\WWW\wangzhan\ThinkPHP\Common\functions.php 第 588 行.
SQL: SHOW COLUMNS FROM `auc_admin_config` [ RunTime:0.0085s ]
SQL: SELECT `value` FROM `auc_admin_config` WHERE `name` = 'URL_MODEL' LIMIT 1   [ RunTime:0.0005s ]
SQL: SELECT `value` FROM `auc_admin_config` WHERE `name` = 'APP_SUB_DOMAIN_DEPLOY' LIMIT 1   [ RunTime:0.0003s ]
INFO: Run Common\Behavior\InitModuleBehavior [ RunTime:0.051931s ]
INFO: [ app_init ] --END-- [ RunTime:0.052061s ]
INFO: [ app_begin ] --START--
INFO: Run Behavior\ReadHtmlCacheBehavior [ RunTime:0.001665s ]
INFO: Run Common\Behavior\InitConfigBehavior [ RunTime:0.007734s ]
INFO: [ app_begin ] --END-- [ RunTime:0.009677s ]
INFO: [ action_begin ] --START--
INFO: Run Common\Behavior\InitHookBehavior [ RunTime:0.002318s ]
INFO: [ action_begin ] --END-- [ RunTime:0.002406s ]
INFO: [ app_end ] --START--
INFO: Run Behavior\ShowPageTraceBehavior [ RunTime:0.001515s ]
INFO: [ app_end ] --END-- [ RunTime:0.001600s ]

[ 2017-02-22T08:44:34+08:00 ] 127.0.0.1 /wangzhan/index.php?s=/admin/public/login.html
INFO: [ app_init ] --START--
INFO: Run Behavior\BuildLiteBehavior [ RunTime:0.000011s ]
NOTIC: [8] Use of undefined constant NOW_TIME - assumed 'NOW_TIME' D:\phpStudy\WWW\wangzhan\ThinkPHP\Common\functions.php 第 588 行.
NOTIC: [8] Use of undefined constant NOW_TIME - assumed 'NOW_TIME' D:\phpStudy\WWW\wangzhan\ThinkPHP\Common\functions.php 第 588 行.
SQL: SHOW COLUMNS FROM `auc_admin_module` [ RunTime:0.0083s ]
SQL: SELECT `name` FROM `auc_admin_module` WHERE `status` = 1  [ RunTime:0.0003s ]
NOTIC: [8] Use of undefined constant NOW_TIME - assumed 'NOW_TIME' D:\phpStudy\WWW\wangzhan\ThinkPHP\Common\functions.php 第 588 行.
NOTIC: [8] Use of undefined constant NOW_TIME - assumed 'NOW_TIME' D:\phpStudy\WWW\wangzhan\ThinkPHP\Common\functions.php 第 588 行.
SQL: SHOW COLUMNS FROM `auc_admin_config` [ RunTime:0.0084s ]
SQL: SELECT `value` FROM `auc_admin_config` WHERE `name` = 'URL_MODEL' LIMIT 1   [ RunTime:0.0007s ]
SQL: SELECT `value` FROM `auc_admin_config` WHERE `name` = 'APP_SUB_DOMAIN_DEPLOY' LIMIT 1   [ RunTime:0.0004s ]
INFO: Run Common\Behavior\InitModuleBehavior [ RunTime:0.037038s ]
INFO: [ app_init ] --END-- [ RunTime:0.037129s ]
INFO: [ app_begin ] --START--
INFO: Run Behavior\ReadHtmlCacheBehavior [ RunTime:0.001321s ]
INFO: Run Common\Behavior\InitConfigBehavior [ RunTime:0.005747s ]
INFO: [ app_begin ] --END-- [ RunTime:0.007192s ]
INFO: [ action_begin ] --START--
INFO: Run Common\Behavior\InitHookBehavior [ RunTime:0.003106s ]
INFO: [ action_begin ] --END-- [ RunTime:0.003240s ]

[ 2017-02-22T08:44:34+08:00 ] 127.0.0.1 /wangzhan/index.php?s=/admin/public/verify.html&random=0.3015628175344318
INFO: [ app_init ] --START--
INFO: Run Behavior\BuildLiteBehavior [ RunTime:0.000029s ]
NOTIC: [8] Use of undefined constant NOW_TIME - assumed 'NOW_TIME' D:\phpStudy\WWW\wangzhan\ThinkPHP\Common\functions.php 第 588 行.
NOTIC: [8] Use of undefined constant NOW_TIME - assumed 'NOW_TIME' D:\phpStudy\WWW\wangzhan\ThinkPHP\Common\functions.php 第 588 行.
SQL: SHOW COLUMNS FROM `auc_admin_module` [ RunTime:0.0079s ]
SQL: SELECT `name` FROM `auc_admin_module` WHERE `status` = 1  [ RunTime:0.0004s ]
NOTIC: [8] Use of undefined constant NOW_TIME - assumed 'NOW_TIME' D:\phpStudy\WWW\wangzhan\ThinkPHP\Common\functions.php 第 588 行.
NOTIC: [8] Use of undefined constant NOW_TIME - assumed 'NOW_TIME' D:\phpStudy\WWW\wangzhan\ThinkPHP\Common\functions.php 第 588 行.
SQL: SHOW COLUMNS FROM `auc_admin_config` [ RunTime:0.0100s ]
SQL: SELECT `value` FROM `auc_admin_config` WHERE `name` = 'URL_MODEL' LIMIT 1   [ RunTime:0.0004s ]
SQL: SELECT `value` FROM `auc_admin_config` WHERE `name` = 'APP_SUB_DOMAIN_DEPLOY' LIMIT 1   [ RunTime:0.0002s ]
INFO: Run Common\Behavior\InitModuleBehavior [ RunTime:0.041773s ]
INFO: [ app_init ] --END-- [ RunTime:0.041903s ]
INFO: [ app_begin ] --START--
INFO: Run Behavior\ReadHtmlCacheBehavior [ RunTime:0.001681s ]
INFO: Run Common\Behavior\InitConfigBehavior [ RunTime:0.005059s ]
INFO: [ app_begin ] --END-- [ RunTime:0.006940s ]
INFO: [ action_begin ] --START--
INFO: Run Common\Behavior\InitHookBehavior [ RunTime:0.002655s ]
INFO: [ action_begin ] --END-- [ RunTime:0.002740s ]
INFO: [ app_end ] --START--
INFO: Run Behavior\ShowPageTraceBehavior [ RunTime:0.001718s ]
INFO: [ app_end ] --END-- [ RunTime:0.001803s ]

[ 2017-02-22T08:44:39+08:00 ] 127.0.0.1 /wangzhan/index.php?s=/admin/public/verify.html&random=0.3015628175344318&random=0.2535042406525463
INFO: [ app_init ] --START--
INFO: Run Behavior\BuildLiteBehavior [ RunTime:0.000012s ]
NOTIC: [8] Use of undefined constant NOW_TIME - assumed 'NOW_TIME' D:\phpStudy\WWW\wangzhan\ThinkPHP\Common\functions.php 第 588 行.
NOTIC: [8] Use of undefined constant NOW_TIME - assumed 'NOW_TIME' D:\phpStudy\WWW\wangzhan\ThinkPHP\Common\functions.php 第 588 行.
SQL: SHOW COLUMNS FROM `auc_admin_module` [ RunTime:0.0070s ]
SQL: SELECT `name` FROM `auc_admin_module` WHERE `status` = 1  [ RunTime:0.0003s ]
NOTIC: [8] Use of undefined constant NOW_TIME - assumed 'NOW_TIME' D:\phpStudy\WWW\wangzhan\ThinkPHP\Common\functions.php 第 588 行.
NOTIC: [8] Use of undefined constant NOW_TIME - assumed 'NOW_TIME' D:\phpStudy\WWW\wangzhan\ThinkPHP\Common\functions.php 第 588 行.
SQL: SHOW COLUMNS FROM `auc_admin_config` [ RunTime:0.0065s ]
SQL: SELECT `value` FROM `auc_admin_config` WHERE `name` = 'URL_MODEL' LIMIT 1   [ RunTime:0.0003s ]
SQL: SELECT `value` FROM `auc_admin_config` WHERE `name` = 'APP_SUB_DOMAIN_DEPLOY' LIMIT 1   [ RunTime:0.0002s ]
INFO: Run Common\Behavior\InitModuleBehavior [ RunTime:0.031035s ]
INFO: [ app_init ] --END-- [ RunTime:0.031108s ]
INFO: [ app_begin ] --START--
INFO: Run Behavior\ReadHtmlCacheBehavior [ RunTime:0.000981s ]
INFO: Run Common\Behavior\InitConfigBehavior [ RunTime:0.003255s ]
INFO: [ app_begin ] --END-- [ RunTime:0.004310s ]
INFO: [ action_begin ] --START--
INFO: Run Common\Behavior\InitHookBehavior [ RunTime:0.001687s ]
INFO: [ action_begin ] --END-- [ RunTime:0.001751s ]
INFO: [ app_end ] --START--
INFO: Run Behavior\ShowPageTraceBehavior [ RunTime:0.001570s ]
INFO: [ app_end ] --END-- [ RunTime:0.001643s ]

[ 2017-02-22T08:44:45+08:00 ] 127.0.0.1 /wangzhan/index.php?s=/admin/public/login.html
INFO: [ app_init ] --START--
INFO: Run Behavior\BuildLiteBehavior [ RunTime:0.000011s ]
NOTIC: [8] Use of undefined constant NOW_TIME - assumed 'NOW_TIME' D:\phpStudy\WWW\wangzhan\ThinkPHP\Common\functions.php 第 588 行.
NOTIC: [8] Use of undefined constant NOW_TIME - assumed 'NOW_TIME' D:\phpStudy\WWW\wangzhan\ThinkPHP\Common\functions.php 第 588 行.
SQL: SHOW COLUMNS FROM `auc_admin_module` [ RunTime:0.0075s ]
SQL: SELECT `name` FROM `auc_admin_module` WHERE `status` = 1  [ RunTime:0.0003s ]
NOTIC: [8] Use of undefined constant NOW_TIME - assumed 'NOW_TIME' D:\phpStudy\WWW\wangzhan\ThinkPHP\Common\functions.php 第 588 行.
NOTIC: [8] Use of undefined constant NOW_TIME - assumed 'NOW_TIME' D:\phpStudy\WWW\wangzhan\ThinkPHP\Common\functions.php 第 588 行.
SQL: SHOW COLUMNS FROM `auc_admin_config` [ RunTime:0.0062s ]
SQL: SELECT `value` FROM `auc_admin_config` WHERE `name` = 'URL_MODEL' LIMIT 1   [ RunTime:0.0003s ]
SQL: SELECT `value` FROM `auc_admin_config` WHERE `name` = 'APP_SUB_DOMAIN_DEPLOY' LIMIT 1   [ RunTime:0.0002s ]
INFO: Run Common\Behavior\InitModuleBehavior [ RunTime:0.032158s ]
INFO: [ app_init ] --END-- [ RunTime:0.032228s ]
INFO: [ app_begin ] --START--
INFO: Run Behavior\ReadHtmlCacheBehavior [ RunTime:0.001900s ]
INFO: Run Common\Behavior\InitConfigBehavior [ RunTime:0.003572s ]
INFO: [ app_begin ] --END-- [ RunTime:0.005636s ]
INFO: [ action_begin ] --START--
INFO: Run Common\Behavior\InitHookBehavior [ RunTime:0.001603s ]
INFO: [ action_begin ] --END-- [ RunTime:0.001656s ]
SQL: SHOW COLUMNS FROM `auc_admin_user` [ RunTime:0.0079s ]
NOTIC: [2] Missing argument 3 for Admin\Model\UserModel::login(), called in D:\phpStudy\WWW\wangzhan\Application\Admin\Controller\PublicController.class.php on line 34 and defined D:\phpStudy\WWW\wangzhan\Application\Admin\Model\UserModel.class.php 第 102 行.
SQL: SELECT * FROM `auc_admin_user` WHERE `username` = 'admin' AND `status` = 1 LIMIT 1   [ RunTime:0.0005s ]
NOTIC: [2] Missing argument 2 for user_md5(), called in D:\phpStudy\WWW\wangzhan\Application\Admin\Model\UserModel.class.php on line 120 and defined D:\phpStudy\WWW\wangzhan\Application\Common\Common\function.php 第 264 行.
NOTIC: [8] Undefined variable: auth_key D:\phpStudy\WWW\wangzhan\Application\Common\Common\function.php 第 265 行.
SQL: SHOW COLUMNS FROM `auc_admin_access` [ RunTime:0.0078s ]
SQL: SELECT `group` FROM `auc_admin_access` WHERE `uid` = 1  [ RunTime:0.0005s ]

[ 2017-02-22T08:44:47+08:00 ] 127.0.0.1 /wangzhan/index.php?s=/admin/index/index.html
INFO: [ app_init ] --START--
INFO: Run Behavior\BuildLiteBehavior [ RunTime:0.000012s ]
NOTIC: [8] Use of undefined constant NOW_TIME - assumed 'NOW_TIME' D:\phpStudy\WWW\wangzhan\ThinkPHP\Common\functions.php 第 588 行.
NOTIC: [8] Use of undefined constant NOW_TIME - assumed 'NOW_TIME' D:\phpStudy\WWW\wangzhan\ThinkPHP\Common\functions.php 第 588 行.
SQL: SHOW COLUMNS FROM `auc_admin_module` [ RunTime:0.0060s ]
SQL: SELECT `name` FROM `auc_admin_module` WHERE `status` = 1  [ RunTime:0.0002s ]
NOTIC: [8] Use of undefined constant NOW_TIME - assumed 'NOW_TIME' D:\phpStudy\WWW\wangzhan\ThinkPHP\Common\functions.php 第 588 行.
NOTIC: [8] Use of undefined constant NOW_TIME - assumed 'NOW_TIME' D:\phpStudy\WWW\wangzhan\ThinkPHP\Common\functions.php 第 588 行.
SQL: SHOW COLUMNS FROM `auc_admin_config` [ RunTime:0.0089s ]
SQL: SELECT `value` FROM `auc_admin_config` WHERE `name` = 'URL_MODEL' LIMIT 1   [ RunTime:0.0004s ]
SQL: SELECT `value` FROM `auc_admin_config` WHERE `name` = 'APP_SUB_DOMAIN_DEPLOY' LIMIT 1   [ RunTime:0.0002s ]
INFO: Run Common\Behavior\InitModuleBehavior [ RunTime:0.031895s ]
INFO: [ app_init ] --END-- [ RunTime:0.031979s ]
INFO: [ app_begin ] --START--
INFO: Run Behavior\ReadHtmlCacheBehavior [ RunTime:0.001387s ]
INFO: Run Common\Behavior\InitConfigBehavior [ RunTime:0.004041s ]
INFO: [ app_begin ] --END-- [ RunTime:0.005553s ]
INFO: [ action_begin ] --START--
INFO: Run Common\Behavior\InitHookBehavior [ RunTime:0.001731s ]
INFO: [ action_begin ] --END-- [ RunTime:0.001799s ]
SQL: SHOW COLUMNS FROM `auc_admin_user` [ RunTime:0.0104s ]
SQL: SHOW COLUMNS FROM `auc_admin_module` [ RunTime:0.0080s ]
SQL: SELECT * FROM `auc_admin_module` WHERE `status` = 1 ORDER BY sort asc, id asc  [ RunTime:0.0004s ]
SQL: SHOW COLUMNS FROM `auc_admin_access` [ RunTime:0.0077s ]
SQL: SELECT `group` FROM `auc_admin_access` WHERE `uid` = 1 LIMIT 1   [ RunTime:0.0002s ]
SQL: SHOW COLUMNS FROM `auc_admin_group` [ RunTime:0.0118s ]
SQL: SELECT * FROM `auc_admin_group` WHERE `id` = 1 LIMIT 1   [ RunTime:0.0002s ]
NOTIC: [8] Undefined index: top D:\phpStudy\WWW\wangzhan\Application\Admin\Controller\IndexController.class.php 第 62 行.
NOTIC: [8] Undefined index: top D:\phpStudy\WWW\wangzhan\Application\Admin\Controller\IndexController.class.php 第 62 行.
SQL: SHOW COLUMNS FROM `auc_admin_link` [ RunTime:0.0103s ]
SQL: SELECT * FROM `auc_admin_link` WHERE `status` = 1 ORDER BY sort asc, id asc  [ RunTime:0.0003s ]
INFO: [ view_parse ] --START--
INFO: [ template_filter ] --START--
INFO: Run Behavior\ContentReplaceBehavior [ RunTime:0.000214s ]
INFO: [ template_filter ] --END-- [ RunTime:0.000259s ]
NOTIC: [8] Undefined variable: meta_keywords D:\phpStudy\WWW\wangzhan\Runtime\Cache\Admin\b595b808c2ebeeeb0478ffc30bb4e87a.php 第 9 行.
NOTIC: [8] Undefined variable: meta_description D:\phpStudy\WWW\wangzhan\Runtime\Cache\Admin\b595b808c2ebeeeb0478ffc30bb4e87a.php 第 10 行.
NOTIC: [2] Missing argument 2 for get_cover(), called in D:\phpStudy\WWW\wangzhan\Runtime\Cache\Admin\b595b808c2ebeeeb0478ffc30bb4e87a.php on line 48 and defined D:\phpStudy\WWW\wangzhan\Application\Common\Common\function.php 第 302 行.
SQL: SHOW COLUMNS FROM `auc_admin_upload` [ RunTime:0.0078s ]
SQL: SELECT * FROM `auc_admin_upload` WHERE `id` = 189 LIMIT 1   [ RunTime:0.0003s ]
NOTIC: [8] Undefined variable: _link_list D:\phpStudy\WWW\wangzhan\Runtime\Cache\Admin\b595b808c2ebeeeb0478ffc30bb4e87a.php 第 99 行.
SQL: select version() as v; [ RunTime:0.0033s ]
INFO: Run Behavior\ParseTemplateBehavior [ RunTime:0.040349s ]
INFO: [ view_parse ] --END-- [ RunTime:0.040390s ]
INFO: [ view_filter ] --START--
INFO: Run Behavior\WriteHtmlCacheBehavior [ RunTime:0.001125s ]
INFO: [ view_filter ] --END-- [ RunTime:0.001226s ]
INFO: [ app_end ] --START--
INFO: Run Behavior\ShowPageTraceBehavior [ RunTime:0.001698s ]
INFO: [ app_end ] --END-- [ RunTime:0.001801s ]

[ 2017-02-22T09:33:41+08:00 ] 127.0.0.1 /wangzhan/?s=/admin
INFO: [ app_init ] --START--
INFO: Run Behavior\BuildLiteBehavior [ RunTime:0.000011s ]
NOTIC: [8] Use of undefined constant NOW_TIME - assumed 'NOW_TIME' D:\phpStudy\WWW\wangzhan\ThinkPHP\Common\functions.php 第 588 行.
NOTIC: [8] Use of undefined constant NOW_TIME - assumed 'NOW_TIME' D:\phpStudy\WWW\wangzhan\ThinkPHP\Common\functions.php 第 588 行.
SQL: SHOW COLUMNS FROM `auc_admin_module` [ RunTime:0.0085s ]
SQL: SELECT `name` FROM `auc_admin_module` WHERE `status` = 1  [ RunTime:0.0002s ]
NOTIC: [8] Use of undefined constant NOW_TIME - assumed 'NOW_TIME' D:\phpStudy\WWW\wangzhan\ThinkPHP\Common\functions.php 第 588 行.
NOTIC: [8] Use of undefined constant NOW_TIME - assumed 'NOW_TIME' D:\phpStudy\WWW\wangzhan\ThinkPHP\Common\functions.php 第 588 行.
SQL: SHOW COLUMNS FROM `auc_admin_config` [ RunTime:0.0094s ]
SQL: SELECT `value` FROM `auc_admin_config` WHERE `name` = 'URL_MODEL' LIMIT 1   [ RunTime:0.0002s ]
SQL: SELECT `value` FROM `auc_admin_config` WHERE `name` = 'APP_SUB_DOMAIN_DEPLOY' LIMIT 1   [ RunTime:0.0002s ]
INFO: Run Common\Behavior\InitModuleBehavior [ RunTime:0.037123s ]
INFO: [ app_init ] --END-- [ RunTime:0.037199s ]
INFO: [ app_begin ] --START--
INFO: Run Behavior\ReadHtmlCacheBehavior [ RunTime:0.001222s ]
INFO: Run Common\Behavior\InitConfigBehavior [ RunTime:0.005916s ]
INFO: [ app_begin ] --END-- [ RunTime:0.007220s ]
INFO: [ action_begin ] --START--
INFO: Run Common\Behavior\InitHookBehavior [ RunTime:0.001501s ]
INFO: [ action_begin ] --END-- [ RunTime:0.001545s ]
SQL: SHOW COLUMNS FROM `auc_admin_user` [ RunTime:0.0085s ]

[ 2017-02-22T09:33:41+08:00 ] 127.0.0.1 /wangzhan/index.php?s=/admin/public/login.html
INFO: [ app_init ] --START--
INFO: Run Behavior\BuildLiteBehavior [ RunTime:0.000010s ]
NOTIC: [8] Use of undefined constant NOW_TIME - assumed 'NOW_TIME' D:\phpStudy\WWW\wangzhan\ThinkPHP\Common\functions.php 第 588 行.
NOTIC: [8] Use of undefined constant NOW_TIME - assumed 'NOW_TIME' D:\phpStudy\WWW\wangzhan\ThinkPHP\Common\functions.php 第 588 行.
SQL: SHOW COLUMNS FROM `auc_admin_module` [ RunTime:0.0053s ]
SQL: SELECT `name` FROM `auc_admin_module` WHERE `status` = 1  [ RunTime:0.0002s ]
NOTIC: [8] Use of undefined constant NOW_TIME - assumed 'NOW_TIME' D:\phpStudy\WWW\wangzhan\ThinkPHP\Common\functions.php 第 588 行.
NOTIC: [8] Use of undefined constant NOW_TIME - assumed 'NOW_TIME' D:\phpStudy\WWW\wangzhan\ThinkPHP\Common\functions.php 第 588 行.
SQL: SHOW COLUMNS FROM `auc_admin_config` [ RunTime:0.0057s ]
SQL: SELECT `value` FROM `auc_admin_config` WHERE `name` = 'URL_MODEL' LIMIT 1   [ RunTime:0.0002s ]
SQL: SELECT `value` FROM `auc_admin_config` WHERE `name` = 'APP_SUB_DOMAIN_DEPLOY' LIMIT 1   [ RunTime:0.0002s ]
INFO: Run Common\Behavior\InitModuleBehavior [ RunTime:0.021707s ]
INFO: [ app_init ] --END-- [ RunTime:0.021771s ]
INFO: [ app_begin ] --START--
INFO: Run Behavior\ReadHtmlCacheBehavior [ RunTime:0.000636s ]
INFO: Run Common\Behavior\InitConfigBehavior [ RunTime:0.002179s ]
INFO: [ app_begin ] --END-- [ RunTime:0.002884s ]
INFO: [ action_begin ] --START--
INFO: Run Common\Behavior\InitHookBehavior [ RunTime:0.000915s ]
INFO: [ action_begin ] --END-- [ RunTime:0.000956s ]
INFO: [ view_parse ] --START--
INFO: [ template_filter ] --START--
INFO: Run Behavior\ContentReplaceBehavior [ RunTime:0.000131s ]
INFO: [ template_filter ] --END-- [ RunTime:0.000170s ]
NOTIC: [8] Undefined variable: meta_keywords D:\phpStudy\WWW\wangzhan\Runtime\Cache\Admin\3c5566b2bfbf6ef00ac5366ba47246fe.php 第 9 行.
NOTIC: [8] Undefined variable: meta_description D:\phpStudy\WWW\wangzhan\Runtime\Cache\Admin\3c5566b2bfbf6ef00ac5366ba47246fe.php 第 10 行.
NOTIC: [2] Missing argument 2 for get_cover(), called in D:\phpStudy\WWW\wangzhan\Runtime\Cache\Admin\3c5566b2bfbf6ef00ac5366ba47246fe.php on line 210 and defined D:\phpStudy\WWW\wangzhan\Application\Common\Common\function.php 第 302 行.
SQL: SHOW COLUMNS FROM `auc_admin_upload` [ RunTime:0.0082s ]
SQL: SELECT * FROM `auc_admin_upload` WHERE `id` = 189 LIMIT 1   [ RunTime:0.0003s ]
INFO: Run Behavior\ParseTemplateBehavior [ RunTime:0.027532s ]
INFO: [ view_parse ] --END-- [ RunTime:0.027568s ]
INFO: [ view_filter ] --START--
INFO: Run Behavior\WriteHtmlCacheBehavior [ RunTime:0.001083s ]
INFO: [ view_filter ] --END-- [ RunTime:0.001115s ]
INFO: [ app_end ] --START--
INFO: Run Behavior\ShowPageTraceBehavior [ RunTime:0.001476s ]
INFO: [ app_end ] --END-- [ RunTime:0.001533s ]

[ 2017-02-22T09:33:41+08:00 ] 127.0.0.1 /wangzhan/index.php?s=/admin/public/verify.html
INFO: [ app_init ] --START--
INFO: Run Behavior\BuildLiteBehavior [ RunTime:0.000018s ]
NOTIC: [8] Use of undefined constant NOW_TIME - assumed 'NOW_TIME' D:\phpStudy\WWW\wangzhan\ThinkPHP\Common\functions.php 第 588 行.
NOTIC: [8] Use of undefined constant NOW_TIME - assumed 'NOW_TIME' D:\phpStudy\WWW\wangzhan\ThinkPHP\Common\functions.php 第 588 行.
SQL: SHOW COLUMNS FROM `auc_admin_module` [ RunTime:0.0076s ]
SQL: SELECT `name` FROM `auc_admin_module` WHERE `status` = 1  [ RunTime:0.0003s ]
NOTIC: [8] Use of undefined constant NOW_TIME - assumed 'NOW_TIME' D:\phpStudy\WWW\wangzhan\ThinkPHP\Common\functions.php 第 588 行.
NOTIC: [8] Use of undefined constant NOW_TIME - assumed 'NOW_TIME' D:\phpStudy\WWW\wangzhan\ThinkPHP\Common\functions.php 第 588 行.
SQL: SHOW COLUMNS FROM `auc_admin_config` [ RunTime:0.0078s ]
SQL: SELECT `value` FROM `auc_admin_config` WHERE `name` = 'URL_MODEL' LIMIT 1   [ RunTime:0.0003s ]
SQL: SELECT `value` FROM `auc_admin_config` WHERE `name` = 'APP_SUB_DOMAIN_DEPLOY' LIMIT 1   [ RunTime:0.0002s ]
INFO: Run Common\Behavior\InitModuleBehavior [ RunTime:0.034118s ]
INFO: [ app_init ] --END-- [ RunTime:0.034217s ]
INFO: [ app_begin ] --START--
INFO: Run Behavior\ReadHtmlCacheBehavior [ RunTime:0.000633s ]
INFO: Run Common\Behavior\InitConfigBehavior [ RunTime:0.002318s ]
INFO: [ app_begin ] --END-- [ RunTime:0.003035s ]
INFO: [ action_begin ] --START--
INFO: Run Common\Behavior\InitHookBehavior [ RunTime:0.001222s ]
INFO: [ action_begin ] --END-- [ RunTime:0.001284s ]
INFO: [ app_end ] --START--
INFO: Run Behavior\ShowPageTraceBehavior [ RunTime:0.001207s ]
INFO: [ app_end ] --END-- [ RunTime:0.001280s ]

