[ 2016-12-20T14:45:04+08:00 ] 127.0.0.1 /wangzhan/index.php?s=/article/admin/article/index.html
INFO: [ app_init ] --START--
INFO: Run Behavior\BuildLiteBehavior [ RunTime:0.000010s ]
NOTIC: [8] Use of undefined constant NOW_TIME - assumed 'NOW_TIME' D:\phpStudy\WWW\wangzhan\ThinkPHP\Common\functions.php 第 588 行.
NOTIC: [8] Use of undefined constant NOW_TIME - assumed 'NOW_TIME' D:\phpStudy\WWW\wangzhan\ThinkPHP\Common\functions.php 第 588 行.
SQL: SHOW COLUMNS FROM `auc_admin_module` [ RunTime:0.0616s ]
SQL: SELECT `name` FROM `auc_admin_module` WHERE `status` = 1  [ RunTime:0.0003s ]
NOTIC: [8] Use of undefined constant NOW_TIME - assumed 'NOW_TIME' D:\phpStudy\WWW\wangzhan\ThinkPHP\Common\functions.php 第 588 行.
NOTIC: [8] Use of undefined constant NOW_TIME - assumed 'NOW_TIME' D:\phpStudy\WWW\wangzhan\ThinkPHP\Common\functions.php 第 588 行.
SQL: SHOW COLUMNS FROM `auc_admin_config` [ RunTime:0.0295s ]
SQL: SELECT `value` FROM `auc_admin_config` WHERE `name` = 'URL_MODEL' LIMIT 1   [ RunTime:0.0005s ]
SQL: SELECT `value` FROM `auc_admin_config` WHERE `name` = 'APP_SUB_DOMAIN_DEPLOY' LIMIT 1   [ RunTime:0.0004s ]
INFO: Run Common\Behavior\InitModuleBehavior [ RunTime:0.109456s ]
INFO: [ app_init ] --END-- [ RunTime:0.109558s ]
INFO: [ app_begin ] --START--
INFO: Run Behavior\ReadHtmlCacheBehavior [ RunTime:0.001408s ]
SQL: SELECT `name`,`value`,`type` FROM `auc_admin_config` WHERE `status` = 1  [ RunTime:0.0005s ]
SQL: SELECT * FROM `auc_admin_module` WHERE `status` = 1  [ RunTime:0.0007s ]
NOTIC: [8] Undefined index: taglib D:\phpStudy\WWW\wangzhan\Application\Common\Behavior\InitConfigBehavior.class.php 第 56 行.
NOTIC: [8] Undefined index: behavior D:\phpStudy\WWW\wangzhan\Application\Common\Behavior\InitConfigBehavior.class.php 第 63 行.
NOTIC: [8] Undefined index: behavior D:\phpStudy\WWW\wangzhan\Application\Common\Behavior\InitConfigBehavior.class.php 第 63 行.
SQL: SHOW COLUMNS FROM `auc_admin_theme` [ RunTime:0.0584s ]
SQL: SELECT * FROM `auc_admin_theme` WHERE `current` = 1 ORDER BY id asc LIMIT 1   [ RunTime:0.0004s ]
SQL: SHOW COLUMNS FROM `auc_admin_hook` [ RunTime:0.0967s ]
SQL: SELECT `addons` FROM `auc_admin_hook` WHERE `name` = 'FormBuilderExtend' LIMIT 1   [ RunTime:0.0004s ]
SQL: SHOW COLUMNS FROM `auc_admin_addon` [ RunTime:0.0468s ]
SQL: SELECT `config` FROM `auc_admin_addon` WHERE `name` = '' LIMIT 1   [ RunTime:0.0003s ]
INFO: Run Common\Behavior\InitConfigBehavior [ RunTime:0.218274s ]
INFO: [ app_begin ] --END-- [ RunTime:0.219818s ]
INFO: [ action_begin ] --START--
INFO: Run Common\Behavior\InitHookBehavior [ RunTime:0.001533s ]
INFO: [ action_begin ] --END-- [ RunTime:0.001586s ]
SQL: SHOW COLUMNS FROM `auc_admin_user` [ RunTime:0.0658s ]
SQL: SHOW COLUMNS FROM `auc_admin_group` [ RunTime:0.0639s ]
SQL: SELECT `admin_menu` FROM `auc_admin_module` WHERE `name` = 'Article' LIMIT 1   [ RunTime:0.0004s ]
NOTIC: [8] Undefined index: url D:\phpStudy\WWW\wangzhan\Application\Admin\Model\ModuleModel.class.php 第 80 行.
NOTIC: [8] Undefined index: url D:\phpStudy\WWW\wangzhan\Application\Admin\Model\ModuleModel.class.php 第 80 行.
SQL: SHOW COLUMNS FROM `auc_admin_access` [ RunTime:0.0488s ]
SQL: SELECT `group` FROM `auc_admin_access` WHERE `uid` = 1 LIMIT 1   [ RunTime:0.0004s ]
SQL: SHOW COLUMNS FROM `auc_admin_log` [ RunTime:0.0644s ]
SQL: SELECT `admin_menu` FROM `auc_admin_module` WHERE `name` = 'Article' LIMIT 1   [ RunTime:0.0003s ]
NOTIC: [8] Undefined index: url D:\phpStudy\WWW\wangzhan\Application\Admin\Model\ModuleModel.class.php 第 80 行.
NOTIC: [8] Undefined index: url D:\phpStudy\WWW\wangzhan\Application\Admin\Model\ModuleModel.class.php 第 80 行.
SQL: INSERT INTO `auc_admin_log` (`menu_url`,`menu_name`,`uid`,`username`,`add_time`,`key`) VALUES ('Article/Admin/Article/index','文章管理','1','admin','1482216304','/wangzhan/index.php?s=/article/admin/article/index.html') [ RunTime:0.0014s ]
SQL: SHOW COLUMNS FROM `auc_article_category` [ RunTime:0.0508s ]
SQL: SELECT * FROM `auc_article_category` WHERE `id` = 1 LIMIT 1   [ RunTime:0.0020s ]
SQL: SHOW COLUMNS FROM `auc_article_type` [ RunTime:0.0859s ]
SQL: SELECT * FROM `auc_article_type` WHERE `id` = 3 LIMIT 1   [ RunTime:0.0005s ]
SQL: SHOW COLUMNS FROM `auc_article_attribute` [ RunTime:0.0302s ]
SQL: SELECT `name` FROM `auc_article_attribute` WHERE `id` = 11 LIMIT 1   [ RunTime:0.0007s ]
SQL: SELECT * FROM `auc_article_attribute` WHERE `status` = '1' AND `show` = '1' AND `id` IN ('11') AND `doc_type` = '3'  [ RunTime:0.0013s ]
SQL: SELECT `name` FROM `auc_article_attribute` WHERE `status` = '1' AND `show` = '1' AND `id` IN ('11') AND `doc_type` = '3'  [ RunTime:0.0003s ]
SQL: SHOW COLUMNS FROM `auc_article_base` [ RunTime:0.0556s ]
SQL: SHOW COLUMNS FROM `auc_article_category` [ RunTime:0.0192s ]
SQL: SELECT * FROM `auc_article_category` WHERE `id` = 1 LIMIT 1   [ RunTime:0.0004s ]
SQL: SHOW COLUMNS FROM `auc_article_type` [ RunTime:0.0361s ]
SQL: SELECT * FROM `auc_article_type` WHERE `id` = 3 LIMIT 1   [ RunTime:0.0004s ]
SQL: SELECT * FROM `auc_article_base` INNER JOIN auc_article_article ON auc_article_base.id = auc_article_article.id  WHERE `cid` = 1 AND `status` >= 0 ORDER BY sort desc,auc_article_base.id desc LIMIT 0,10   [ RunTime:0.0034s ]
SQL: SELECT COUNT(*) AS tp_count FROM `auc_article_base` INNER JOIN auc_article_article ON auc_article_base.id = auc_article_article.id  WHERE `cid` = 1 AND `status` >= 0 LIMIT 1   [ RunTime:0.0029s ]
SQL: SELECT * FROM `auc_article_category` WHERE `status` = 1 AND `doc_type` = '3'  [ RunTime:0.0004s ]
NOTIC: [2048] Declaration of Common\Builder\ListBuilder::display() should be compatible with Think\Controller::display($templateFile = '', $charset = '', $contentType = '', $content = '', $prefix = '') D:\phpStudy\WWW\wangzhan\Application\Common\Builder\ListBuilder.class.php 第 636 行.
INFO: [ action_begin ] --START--
INFO: Run Common\Behavior\InitHookBehavior [ RunTime:0.000403s ]
INFO: [ action_begin ] --END-- [ RunTime:-0.603661s ]
NOTIC: [8] Undefined index: type D:\phpStudy\WWW\wangzhan\Application\Common\Builder\ListBuilder.class.php 第 512 行.
NOTIC: [8] Undefined index: type D:\phpStudy\WWW\wangzhan\Application\Common\Builder\ListBuilder.class.php 第 512 行.
NOTIC: [8] Undefined index: right_button D:\phpStudy\WWW\wangzhan\Application\Common\Builder\ListBuilder.class.php 第 525 行.
NOTIC: [8] Undefined index: type D:\phpStudy\WWW\wangzhan\Application\Common\Builder\ListBuilder.class.php 第 512 行.
NOTIC: [8] Undefined index: type D:\phpStudy\WWW\wangzhan\Application\Common\Builder\ListBuilder.class.php 第 512 行.
NOTIC: [8] Undefined index: type D:\phpStudy\WWW\wangzhan\Application\Common\Builder\ListBuilder.class.php 第 512 行.
NOTIC: [8] Undefined index: type D:\phpStudy\WWW\wangzhan\Application\Common\Builder\ListBuilder.class.php 第 512 行.
NOTIC: [8] Undefined index: right_button D:\phpStudy\WWW\wangzhan\Application\Common\Builder\ListBuilder.class.php 第 525 行.
NOTIC: [8] Undefined index: type D:\phpStudy\WWW\wangzhan\Application\Common\Builder\ListBuilder.class.php 第 512 行.
NOTIC: [8] Undefined index: type D:\phpStudy\WWW\wangzhan\Application\Common\Builder\ListBuilder.class.php 第 512 行.
NOTIC: [8] Undefined index: type D:\phpStudy\WWW\wangzhan\Application\Common\Builder\ListBuilder.class.php 第 512 行.
NOTIC: [8] Undefined index: type D:\phpStudy\WWW\wangzhan\Application\Common\Builder\ListBuilder.class.php 第 512 行.
NOTIC: [8] Undefined index: right_button D:\phpStudy\WWW\wangzhan\Application\Common\Builder\ListBuilder.class.php 第 525 行.
NOTIC: [8] Undefined index: type D:\phpStudy\WWW\wangzhan\Application\Common\Builder\ListBuilder.class.php 第 512 行.
NOTIC: [8] Undefined index: type D:\phpStudy\WWW\wangzhan\Application\Common\Builder\ListBuilder.class.php 第 512 行.
NOTIC: [8] Undefined index: type D:\phpStudy\WWW\wangzhan\Application\Common\Builder\ListBuilder.class.php 第 512 行.
NOTIC: [8] Undefined index: type D:\phpStudy\WWW\wangzhan\Application\Common\Builder\ListBuilder.class.php 第 512 行.
NOTIC: [8] Undefined index: right_button D:\phpStudy\WWW\wangzhan\Application\Common\Builder\ListBuilder.class.php 第 525 行.
NOTIC: [8] Undefined index: type D:\phpStudy\WWW\wangzhan\Application\Common\Builder\ListBuilder.class.php 第 512 行.
NOTIC: [8] Undefined index: type D:\phpStudy\WWW\wangzhan\Application\Common\Builder\ListBuilder.class.php 第 512 行.
NOTIC: [8] Undefined index: type D:\phpStudy\WWW\wangzhan\Application\Common\Builder\ListBuilder.class.php 第 512 行.
NOTIC: [8] Undefined index: type D:\phpStudy\WWW\wangzhan\Application\Common\Builder\ListBuilder.class.php 第 512 行.
NOTIC: [8] Undefined index: right_button D:\phpStudy\WWW\wangzhan\Application\Common\Builder\ListBuilder.class.php 第 525 行.
NOTIC: [8] Undefined index: type D:\phpStudy\WWW\wangzhan\Application\Common\Builder\ListBuilder.class.php 第 512 行.
NOTIC: [8] Undefined index: type D:\phpStudy\WWW\wangzhan\Application\Common\Builder\ListBuilder.class.php 第 512 行.
NOTIC: [8] Undefined index: type D:\phpStudy\WWW\wangzhan\Application\Common\Builder\ListBuilder.class.php 第 512 行.
NOTIC: [8] Undefined index: type D:\phpStudy\WWW\wangzhan\Application\Common\Builder\ListBuilder.class.php 第 512 行.
NOTIC: [8] Undefined index: right_button D:\phpStudy\WWW\wangzhan\Application\Common\Builder\ListBuilder.class.php 第 525 行.
NOTIC: [8] Undefined index: type D:\phpStudy\WWW\wangzhan\Application\Common\Builder\ListBuilder.class.php 第 512 行.
NOTIC: [8] Undefined index: type D:\phpStudy\WWW\wangzhan\Application\Common\Builder\ListBuilder.class.php 第 512 行.
INFO: [ view_parse ] --START--
INFO: [ template_filter ] --START--
INFO: Run Behavior\ContentReplaceBehavior [ RunTime:0.000199s ]
INFO: [ template_filter ] --END-- [ RunTime:0.000255s ]
NOTIC: [8] Undefined variable: meta_keywords D:\phpStudy\WWW\wangzhan\Runtime\Cache\Article\d0ac41accff839a90415074ab72955eb.php 第 9 行.
NOTIC: [8] Undefined variable: meta_description D:\phpStudy\WWW\wangzhan\Runtime\Cache\Article\d0ac41accff839a90415074ab72955eb.php 第 10 行.
SQL: SELECT `id`,`pid`,`group`,`doc_type`,`title`,`url`,`create_time`,`sort`,`status` FROM `auc_article_category` WHERE `status` >= '0' AND `group` = 1 ORDER BY sort asc,id asc  [ RunTime:0.0006s ]
SQL: SELECT * FROM `auc_article_type` WHERE `id` = 3 LIMIT 1   [ RunTime:0.0004s ]
SQL: SELECT * FROM `auc_article_type` WHERE `id` = 3 LIMIT 1   [ RunTime:0.0003s ]
SQL: SELECT * FROM `auc_article_type` WHERE `id` = 3 LIMIT 1   [ RunTime:0.0003s ]
SQL: SELECT * FROM `auc_article_type` WHERE `id` = 3 LIMIT 1   [ RunTime:0.0003s ]
SQL: SELECT * FROM `auc_article_type` WHERE `id` = 3 LIMIT 1   [ RunTime:0.0003s ]
SQL: SELECT * FROM `auc_article_type` WHERE `id` = 3 LIMIT 1   [ RunTime:0.0002s ]
SQL: SELECT * FROM `auc_article_type` WHERE `id` = 3 LIMIT 1   [ RunTime:0.0002s ]
SQL: SELECT * FROM `auc_article_type` WHERE `id` = 3 LIMIT 1   [ RunTime:0.0002s ]
SQL: SELECT * FROM `auc_article_type` WHERE `id` = 3 LIMIT 1   [ RunTime:0.0002s ]
SQL: SELECT * FROM `auc_article_type` WHERE `id` = 3 LIMIT 1   [ RunTime:0.0002s ]
SQL: SELECT * FROM `auc_article_type` WHERE `id` = 3 LIMIT 1   [ RunTime:0.0003s ]
SQL: SELECT * FROM `auc_article_type` WHERE `id` = 3 LIMIT 1   [ RunTime:0.0002s ]
SQL: SELECT * FROM `auc_article_type` WHERE `id` = 2 LIMIT 1   [ RunTime:0.0002s ]
SQL: SELECT * FROM `auc_article_type` WHERE `id` = 2 LIMIT 1   [ RunTime:0.0002s ]
SQL: SELECT * FROM `auc_article_type` WHERE `id` = 2 LIMIT 1   [ RunTime:0.0002s ]
SQL: SELECT * FROM `auc_article_type` WHERE `id` = 2 LIMIT 1   [ RunTime:0.0002s ]
SQL: SELECT * FROM `auc_article_type` WHERE `id` = 2 LIMIT 1   [ RunTime:0.0002s ]
SQL: SELECT * FROM `auc_article_type` WHERE `id` = 3 LIMIT 1   [ RunTime:0.0002s ]
SQL: SELECT * FROM `auc_article_type` WHERE `id` = 3 LIMIT 1   [ RunTime:0.0002s ]
SQL: SELECT * FROM `auc_article_type` WHERE `id` = 3 LIMIT 1   [ RunTime:0.0002s ]
SQL: SELECT * FROM `auc_article_type` WHERE `id` = 2 LIMIT 1   [ RunTime:0.0002s ]
SQL: SELECT * FROM `auc_article_type` WHERE `id` = 2 LIMIT 1   [ RunTime:0.0002s ]
SQL: SELECT * FROM `auc_article_type` WHERE `id` = 2 LIMIT 1   [ RunTime:0.0003s ]
SQL: SELECT * FROM `auc_article_type` WHERE `id` = 3 LIMIT 1   [ RunTime:0.0003s ]
SQL: SELECT * FROM `auc_article_type` WHERE `id` = 3 LIMIT 1   [ RunTime:0.0003s ]
SQL: SELECT * FROM `auc_article_type` WHERE `id` = 2 LIMIT 1   [ RunTime:0.0003s ]
NOTIC: [8] Undefined index: keyword D:\phpStudy\WWW\wangzhan\Runtime\Cache\Article\d0ac41accff839a90415074ab72955eb.php 第 135 行.
INFO: Run Behavior\ParseTemplateBehavior [ RunTime:0.039998s ]
INFO: [ view_parse ] --END-- [ RunTime:0.040057s ]
INFO: [ view_filter ] --START--
INFO: Run Behavior\WriteHtmlCacheBehavior [ RunTime:0.001150s ]
INFO: [ view_filter ] --END-- [ RunTime:0.001211s ]
INFO: [ app_end ] --START--
INFO: Run Behavior\ShowPageTraceBehavior [ RunTime:0.001383s ]
INFO: [ app_end ] --END-- [ RunTime:0.001465s ]

[ 2016-12-20T14:45:09+08:00 ] 127.0.0.1 /wangzhan/index.php?s=/article/admin/default/module_config.html
INFO: [ app_init ] --START--
INFO: Run Behavior\BuildLiteBehavior [ RunTime:0.000025s ]
NOTIC: [8] Use of undefined constant NOW_TIME - assumed 'NOW_TIME' D:\phpStudy\WWW\wangzhan\ThinkPHP\Common\functions.php 第 588 行.
NOTIC: [8] Use of undefined constant NOW_TIME - assumed 'NOW_TIME' D:\phpStudy\WWW\wangzhan\ThinkPHP\Common\functions.php 第 588 行.
SQL: SHOW COLUMNS FROM `auc_admin_module` [ RunTime:0.0373s ]
SQL: SELECT `name` FROM `auc_admin_module` WHERE `status` = 1  [ RunTime:0.0003s ]
NOTIC: [8] Use of undefined constant NOW_TIME - assumed 'NOW_TIME' D:\phpStudy\WWW\wangzhan\ThinkPHP\Common\functions.php 第 588 行.
NOTIC: [8] Use of undefined constant NOW_TIME - assumed 'NOW_TIME' D:\phpStudy\WWW\wangzhan\ThinkPHP\Common\functions.php 第 588 行.
SQL: SHOW COLUMNS FROM `auc_admin_config` [ RunTime:0.0661s ]
SQL: SELECT `value` FROM `auc_admin_config` WHERE `name` = 'URL_MODEL' LIMIT 1   [ RunTime:0.0004s ]
SQL: SELECT `value` FROM `auc_admin_config` WHERE `name` = 'APP_SUB_DOMAIN_DEPLOY' LIMIT 1   [ RunTime:0.0003s ]
INFO: Run Common\Behavior\InitModuleBehavior [ RunTime:0.121470s ]
INFO: [ app_init ] --END-- [ RunTime:0.121606s ]
INFO: [ app_begin ] --START--
INFO: Run Behavior\ReadHtmlCacheBehavior [ RunTime:0.001282s ]
INFO: Run Common\Behavior\InitConfigBehavior [ RunTime:0.004076s ]
INFO: [ app_begin ] --END-- [ RunTime:0.005488s ]
INFO: [ action_begin ] --START--
INFO: Run Common\Behavior\InitHookBehavior [ RunTime:0.001698s ]
INFO: [ action_begin ] --END-- [ RunTime:0.001808s ]
SQL: SHOW COLUMNS FROM `auc_admin_user` [ RunTime:0.0104s ]
SQL: SHOW COLUMNS FROM `auc_admin_group` [ RunTime:0.0350s ]
SQL: SELECT `admin_menu` FROM `auc_admin_module` WHERE `name` = 'Article' LIMIT 1   [ RunTime:0.0004s ]
NOTIC: [8] Undefined index: url D:\phpStudy\WWW\wangzhan\Application\Admin\Model\ModuleModel.class.php 第 80 行.
NOTIC: [8] Undefined index: url D:\phpStudy\WWW\wangzhan\Application\Admin\Model\ModuleModel.class.php 第 80 行.
SQL: SHOW COLUMNS FROM `auc_admin_access` [ RunTime:0.0387s ]
SQL: SELECT `group` FROM `auc_admin_access` WHERE `uid` = 1 LIMIT 1   [ RunTime:0.0003s ]
SQL: SHOW COLUMNS FROM `auc_admin_log` [ RunTime:0.0499s ]
SQL: SELECT `admin_menu` FROM `auc_admin_module` WHERE `name` = 'Article' LIMIT 1   [ RunTime:0.0003s ]
NOTIC: [8] Undefined index: url D:\phpStudy\WWW\wangzhan\Application\Admin\Model\ModuleModel.class.php 第 80 行.
NOTIC: [8] Undefined index: url D:\phpStudy\WWW\wangzhan\Application\Admin\Model\ModuleModel.class.php 第 80 行.
SQL: INSERT INTO `auc_admin_log` (`menu_url`,`menu_name`,`uid`,`username`,`add_time`,`key`) VALUES ('Article/Admin/Default/module_config','文章配置','1','admin','1482216309','/wangzhan/index.php?s=/article/admin/default/module_config.html') [ RunTime:0.0006s ]
NOTIC: [8] Undefined variable: id D:\phpStudy\WWW\wangzhan\Application\Admin\Controller\AdminController.class.php 第 213 行.
SQL: SELECT * FROM `auc_admin_module` WHERE `name` = 'Article' LIMIT 1   [ RunTime:0.0003s ]
NOTIC: [2048] Declaration of Common\Builder\FormBuilder::display() should be compatible with Think\Controller::display($templateFile = '', $charset = '', $contentType = '', $content = '', $prefix = '') D:\phpStudy\WWW\wangzhan\Application\Common\Builder\FormBuilder.class.php 第 175 行.
INFO: [ action_begin ] --START--
INFO: Run Common\Behavior\InitHookBehavior [ RunTime:0.000261s ]
INFO: [ action_begin ] --END-- [ RunTime:-0.185952s ]
INFO: [ view_parse ] --START--
NOTIC: [8] Undefined index: value D:\phpStudy\WWW\wangzhan\ThinkPHP\Library\Think\Template\TagLib\Cx.class.php 第 251 行.
INFO: [ template_filter ] --START--
INFO: Run Behavior\ContentReplaceBehavior [ RunTime:0.001690s ]
INFO: [ template_filter ] --END-- [ RunTime:0.001737s ]
NOTIC: [8] Undefined variable: meta_keywords D:\phpStudy\WWW\wangzhan\Runtime\Cache\Article\0cc29a1d3a1913d2b9da175965bdaaca.php 第 9 行.
NOTIC: [8] Undefined variable: meta_description D:\phpStudy\WWW\wangzhan\Runtime\Cache\Article\0cc29a1d3a1913d2b9da175965bdaaca.php 第 10 行.
NOTIC: [8] Undefined index: extra_class D:\phpStudy\WWW\wangzhan\Runtime\Cache\Article\0cc29a1d3a1913d2b9da175965bdaaca.php 第 232 行.
NOTIC: [8] Undefined index: extra_attr D:\phpStudy\WWW\wangzhan\Runtime\Cache\Article\0cc29a1d3a1913d2b9da175965bdaaca.php 第 241 行.
NOTIC: [8] Undefined index: extra_attr D:\phpStudy\WWW\wangzhan\Runtime\Cache\Article\0cc29a1d3a1913d2b9da175965bdaaca.php 第 241 行.
NOTIC: [8] Undefined index: extra_class D:\phpStudy\WWW\wangzhan\Runtime\Cache\Article\0cc29a1d3a1913d2b9da175965bdaaca.php 第 232 行.
NOTIC: [8] Undefined index: extra_attr D:\phpStudy\WWW\wangzhan\Runtime\Cache\Article\0cc29a1d3a1913d2b9da175965bdaaca.php 第 241 行.
NOTIC: [8] Undefined index: extra_attr D:\phpStudy\WWW\wangzhan\Runtime\Cache\Article\0cc29a1d3a1913d2b9da175965bdaaca.php 第 241 行.
NOTIC: [8] Undefined index: extra_class D:\phpStudy\WWW\wangzhan\Runtime\Cache\Article\0cc29a1d3a1913d2b9da175965bdaaca.php 第 232 行.
NOTIC: [8] Undefined index: extra_attr D:\phpStudy\WWW\wangzhan\Runtime\Cache\Article\0cc29a1d3a1913d2b9da175965bdaaca.php 第 241 行.
NOTIC: [8] Undefined index: extra_attr D:\phpStudy\WWW\wangzhan\Runtime\Cache\Article\0cc29a1d3a1913d2b9da175965bdaaca.php 第 241 行.
NOTIC: [8] Undefined index: extra_class D:\phpStudy\WWW\wangzhan\Runtime\Cache\Article\0cc29a1d3a1913d2b9da175965bdaaca.php 第 211 行.
NOTIC: [8] Undefined index: extra_attr D:\phpStudy\WWW\wangzhan\Runtime\Cache\Article\0cc29a1d3a1913d2b9da175965bdaaca.php 第 214 行.
NOTIC: [8] Undefined index: extra_class D:\phpStudy\WWW\wangzhan\Runtime\Cache\Article\0cc29a1d3a1913d2b9da175965bdaaca.php 第 211 行.
NOTIC: [8] Undefined index: extra_attr D:\phpStudy\WWW\wangzhan\Runtime\Cache\Article\0cc29a1d3a1913d2b9da175965bdaaca.php 第 214 行.
NOTIC: [8] Undefined index: extra_class D:\phpStudy\WWW\wangzhan\Runtime\Cache\Article\0cc29a1d3a1913d2b9da175965bdaaca.php 第 252 行.
NOTIC: [8] Undefined index: extra_attr D:\phpStudy\WWW\wangzhan\Runtime\Cache\Article\0cc29a1d3a1913d2b9da175965bdaaca.php 第 261 行.
NOTIC: [8] Undefined variable: display_return D:\phpStudy\WWW\wangzhan\Runtime\Cache\Article\0cc29a1d3a1913d2b9da175965bdaaca.php 第 1713 行.
INFO: Run Behavior\ParseTemplateBehavior [ RunTime:0.192969s ]
INFO: [ view_parse ] --END-- [ RunTime:0.193019s ]
INFO: [ view_filter ] --START--
INFO: Run Behavior\WriteHtmlCacheBehavior [ RunTime:0.000676s ]
INFO: [ view_filter ] --END-- [ RunTime:0.000720s ]
INFO: [ app_end ] --START--
INFO: Run Behavior\ShowPageTraceBehavior [ RunTime:0.001021s ]
INFO: [ app_end ] --END-- [ RunTime:0.001075s ]

[ 2016-12-20T14:45:10+08:00 ] 127.0.0.1 /wangzhan/index.php?s=/article/admin/type/index.html
INFO: [ app_init ] --START--
INFO: Run Behavior\BuildLiteBehavior [ RunTime:0.000010s ]
NOTIC: [8] Use of undefined constant NOW_TIME - assumed 'NOW_TIME' D:\phpStudy\WWW\wangzhan\ThinkPHP\Common\functions.php 第 588 行.
NOTIC: [8] Use of undefined constant NOW_TIME - assumed 'NOW_TIME' D:\phpStudy\WWW\wangzhan\ThinkPHP\Common\functions.php 第 588 行.
SQL: SHOW COLUMNS FROM `auc_admin_module` [ RunTime:0.0578s ]
SQL: SELECT `name` FROM `auc_admin_module` WHERE `status` = 1  [ RunTime:0.0003s ]
NOTIC: [8] Use of undefined constant NOW_TIME - assumed 'NOW_TIME' D:\phpStudy\WWW\wangzhan\ThinkPHP\Common\functions.php 第 588 行.
NOTIC: [8] Use of undefined constant NOW_TIME - assumed 'NOW_TIME' D:\phpStudy\WWW\wangzhan\ThinkPHP\Common\functions.php 第 588 行.
SQL: SHOW COLUMNS FROM `auc_admin_config` [ RunTime:0.0798s ]
SQL: SELECT `value` FROM `auc_admin_config` WHERE `name` = 'URL_MODEL' LIMIT 1   [ RunTime:0.0004s ]
SQL: SELECT `value` FROM `auc_admin_config` WHERE `name` = 'APP_SUB_DOMAIN_DEPLOY' LIMIT 1   [ RunTime:0.0004s ]
INFO: Run Common\Behavior\InitModuleBehavior [ RunTime:0.154003s ]
INFO: [ app_init ] --END-- [ RunTime:0.154087s ]
INFO: [ app_begin ] --START--
INFO: Run Behavior\ReadHtmlCacheBehavior [ RunTime:0.001198s ]
INFO: Run Common\Behavior\InitConfigBehavior [ RunTime:0.003603s ]
INFO: [ app_begin ] --END-- [ RunTime:0.004913s ]
NOTIC: [2048] Declaration of Article\Controller\Admin\TypeController::setStatus() should be compatible with Admin\Controller\AdminController::setStatus($model = Admin\Controller\CONTROLLER_NAME, $script = false) D:\phpStudy\WWW\wangzhan\Application\Article\Controller\Admin\TypeController.class.php 第 16 行.
INFO: [ action_begin ] --START--
INFO: Run Common\Behavior\InitHookBehavior [ RunTime:0.000729s ]
INFO: [ action_begin ] --END-- [ RunTime:0.000767s ]
SQL: SHOW COLUMNS FROM `auc_admin_user` [ RunTime:0.0563s ]
SQL: SHOW COLUMNS FROM `auc_admin_group` [ RunTime:0.0216s ]
SQL: SELECT `admin_menu` FROM `auc_admin_module` WHERE `name` = 'Article' LIMIT 1   [ RunTime:0.0003s ]
NOTIC: [8] Undefined index: url D:\phpStudy\WWW\wangzhan\Application\Admin\Model\ModuleModel.class.php 第 80 行.
NOTIC: [8] Undefined index: url D:\phpStudy\WWW\wangzhan\Application\Admin\Model\ModuleModel.class.php 第 80 行.
SQL: SHOW COLUMNS FROM `auc_admin_access` [ RunTime:0.0537s ]
SQL: SELECT `group` FROM `auc_admin_access` WHERE `uid` = 1 LIMIT 1   [ RunTime:0.0004s ]
SQL: SHOW COLUMNS FROM `auc_admin_log` [ RunTime:0.0671s ]
SQL: SELECT `admin_menu` FROM `auc_admin_module` WHERE `name` = 'Article' LIMIT 1   [ RunTime:0.0003s ]
NOTIC: [8] Undefined index: url D:\phpStudy\WWW\wangzhan\Application\Admin\Model\ModuleModel.class.php 第 80 行.
NOTIC: [8] Undefined index: url D:\phpStudy\WWW\wangzhan\Application\Admin\Model\ModuleModel.class.php 第 80 行.
SQL: INSERT INTO `auc_admin_log` (`menu_url`,`menu_name`,`uid`,`username`,`add_time`,`key`) VALUES ('Article/Admin/Type/index','文档模型','1','admin','1482216309','/wangzhan/index.php?s=/article/admin/type/index.html') [ RunTime:0.0004s ]
SQL: SHOW COLUMNS FROM `auc_article_type` [ RunTime:0.0260s ]
SQL: SELECT * FROM `auc_article_type` WHERE ( `id` LIKE '%%' OR `title` LIKE '%%' OR `name` LIKE '%%' ) AND `status` >= '0' ORDER BY sort asc,id asc LIMIT 0,10   [ RunTime:0.0016s ]
SQL: SELECT COUNT(*) AS tp_count FROM `auc_article_type` WHERE ( `id` LIKE '%%' OR `title` LIKE '%%' OR `name` LIKE '%%' ) AND `status` >= '0' LIMIT 1   [ RunTime:0.0004s ]
NOTIC: [2048] Declaration of Common\Builder\ListBuilder::display() should be compatible with Think\Controller::display($templateFile = '', $charset = '', $contentType = '', $content = '', $prefix = '') D:\phpStudy\WWW\wangzhan\Application\Common\Builder\ListBuilder.class.php 第 636 行.
INFO: [ action_begin ] --START--
INFO: Run Common\Behavior\InitHookBehavior [ RunTime:0.000420s ]
INFO: [ action_begin ] --END-- [ RunTime:-0.269725s ]
NOTIC: [8] Undefined index: type D:\phpStudy\WWW\wangzhan\Application\Common\Builder\ListBuilder.class.php 第 512 行.
NOTIC: [8] Undefined index: type D:\phpStudy\WWW\wangzhan\Application\Common\Builder\ListBuilder.class.php 第 512 行.
NOTIC: [8] Undefined index: right_button D:\phpStudy\WWW\wangzhan\Application\Common\Builder\ListBuilder.class.php 第 525 行.
NOTIC: [8] Undefined index: type D:\phpStudy\WWW\wangzhan\Application\Common\Builder\ListBuilder.class.php 第 512 行.
NOTIC: [8] Undefined index: type D:\phpStudy\WWW\wangzhan\Application\Common\Builder\ListBuilder.class.php 第 512 行.
NOTIC: [8] Undefined index: type D:\phpStudy\WWW\wangzhan\Application\Common\Builder\ListBuilder.class.php 第 512 行.
NOTIC: [8] Undefined index: type D:\phpStudy\WWW\wangzhan\Application\Common\Builder\ListBuilder.class.php 第 512 行.
NOTIC: [8] Undefined index: type D:\phpStudy\WWW\wangzhan\Application\Common\Builder\ListBuilder.class.php 第 512 行.
NOTIC: [8] Undefined index: type D:\phpStudy\WWW\wangzhan\Application\Common\Builder\ListBuilder.class.php 第 512 行.
NOTIC: [8] Undefined index: right_button D:\phpStudy\WWW\wangzhan\Application\Common\Builder\ListBuilder.class.php 第 525 行.
NOTIC: [8] Undefined index: type D:\phpStudy\WWW\wangzhan\Application\Common\Builder\ListBuilder.class.php 第 512 行.
NOTIC: [8] Undefined index: type D:\phpStudy\WWW\wangzhan\Application\Common\Builder\ListBuilder.class.php 第 512 行.
NOTIC: [8] Undefined index: type D:\phpStudy\WWW\wangzhan\Application\Common\Builder\ListBuilder.class.php 第 512 行.
NOTIC: [8] Undefined index: type D:\phpStudy\WWW\wangzhan\Application\Common\Builder\ListBuilder.class.php 第 512 行.
NOTIC: [8] Undefined index: type D:\phpStudy\WWW\wangzhan\Application\Common\Builder\ListBuilder.class.php 第 512 行.
NOTIC: [8] Undefined index: type D:\phpStudy\WWW\wangzhan\Application\Common\Builder\ListBuilder.class.php 第 512 行.
NOTIC: [8] Undefined index: right_button D:\phpStudy\WWW\wangzhan\Application\Common\Builder\ListBuilder.class.php 第 525 行.
NOTIC: [8] Undefined index: type D:\phpStudy\WWW\wangzhan\Application\Common\Builder\ListBuilder.class.php 第 512 行.
NOTIC: [8] Undefined index: type D:\phpStudy\WWW\wangzhan\Application\Common\Builder\ListBuilder.class.php 第 512 行.
NOTIC: [8] Undefined index: type D:\phpStudy\WWW\wangzhan\Application\Common\Builder\ListBuilder.class.php 第 512 行.
NOTIC: [8] Undefined index: type D:\phpStudy\WWW\wangzhan\Application\Common\Builder\ListBuilder.class.php 第 512 行.
INFO: [ view_parse ] --START--
INFO: [ template_filter ] --START--
INFO: Run Behavior\ContentReplaceBehavior [ RunTime:0.000139s ]
INFO: [ template_filter ] --END-- [ RunTime:0.000183s ]
NOTIC: [8] Undefined variable: meta_keywords D:\phpStudy\WWW\wangzhan\Runtime\Cache\Article\d2db961455aa86f1865a8062c7758332.php 第 9 行.
NOTIC: [8] Undefined variable: meta_description D:\phpStudy\WWW\wangzhan\Runtime\Cache\Article\d2db961455aa86f1865a8062c7758332.php 第 10 行.
NOTIC: [8] Undefined index: keyword D:\phpStudy\WWW\wangzhan\Runtime\Cache\Article\d2db961455aa86f1865a8062c7758332.php 第 103 行.
INFO: Run Behavior\ParseTemplateBehavior [ RunTime:0.012610s ]
INFO: [ view_parse ] --END-- [ RunTime:0.012656s ]
INFO: [ view_filter ] --START--
INFO: Run Behavior\WriteHtmlCacheBehavior [ RunTime:0.000529s ]
INFO: [ view_filter ] --END-- [ RunTime:0.000564s ]
INFO: [ app_end ] --START--
INFO: Run Behavior\ShowPageTraceBehavior [ RunTime:0.000977s ]
INFO: [ app_end ] --END-- [ RunTime:0.001030s ]

